#
# There is insufficient memory for the Java Runtime Environment to continue.
# Native memory allocation (malloc) failed to allocate 1255696 bytes for Chunk::new
# Possible reasons:
#   The system is out of physical RAM or swap space
#   The process is running with CompressedOops enabled, and the Java Heap may be blocking the growth of the native heap
# Possible solutions:
#   Reduce memory load on the system
#   Increase physical memory or swap space
#   Check if swap backing store is full
#   Decrease Java heap size (-Xmx/-Xms)
#   Decrease number of Java threads
#   Decrease Java thread stack sizes (-Xss)
#   Set larger code cache with -XX:ReservedCodeCacheSize=
#   JVM is running with Zero Based Compressed Oops mode in which the Java heap is
#     placed in the first 32GB address space. The Java Heap base address is the
#     maximum limit for the native heap growth. Please use -XX:HeapBaseMinAddress
#     to set the Java Heap base and to place the Java Heap above 32GB virtual address.
# This output file may be truncated or incomplete.
#
#  Out of Memory Error (arena.cpp:189), pid=41436, tid=42256
#
# JRE version: OpenJDK Runtime Environment (17.0.6) (build 17.0.6+0-b2043.56-10027231)
# Java VM: OpenJDK 64-Bit Server VM (17.0.6+0-b2043.56-10027231, mixed mode, tiered, compressed oops, compressed class ptrs, g1 gc, windows-amd64)
# No core dump will be written. Minidumps are not enabled by default on client versions of Windows
#

---------------  S U M M A R Y ------------

Command Line: -XX:+HeapDumpOnOutOfMemoryError --add-opens=java.base/java.util=ALL-UNNAMED --add-opens=java.base/java.lang=ALL-UNNAMED --add-opens=java.base/java.lang.invoke=ALL-UNNAMED --add-opens=java.prefs/java.util.prefs=ALL-UNNAMED --add-opens=java.base/java.nio.charset=ALL-UNNAMED --add-opens=java.base/java.net=ALL-UNNAMED --add-opens=java.base/java.util.concurrent.atomic=ALL-UNNAMED -Xmx4G -Dfile.encoding=windows-1252 -Duser.country=US -Duser.language=en -Duser.variant org.gradle.launcher.daemon.bootstrap.GradleDaemon 7.6.3

Host: 11th Gen Intel(R) Core(TM) i5-1135G7 @ 2.40GHz, 8 cores, 15G,  Windows 11 , 64 bit Build 22621 (10.0.22621.3958)
Time: Fri Aug 23 09:35:58 2024 Sri Lanka Standard Time elapsed time: 67.604327 seconds (0d 0h 1m 7s)

---------------  T H R E A D  ---------------

Current thread (0x000002a4678c5c00):  JavaThread "C2 CompilerThread0" daemon [_thread_in_native, id=42256, stack(0x000000c617800000,0x000000c617900000)]


Current CompileTask:
C2:  67604 12133       4       org.gradle.internal.instantiation.generator.AbstractClassGenerator$InjectionAnnotationValidator::validateMethod (502 bytes)

Stack: [0x000000c617800000,0x000000c617900000]
Native frames: (J=compiled Java code, j=interpreted, Vv=VM code, C=native code)
V  [jvm.dll+0x683c9a]
V  [jvm.dll+0x8427a4]
V  [jvm.dll+0x843f9e]
V  [jvm.dll+0x844603]
V  [jvm.dll+0x249b75]
V  [jvm.dll+0xabcac]
V  [jvm.dll+0xac27c]
V  [jvm.dll+0x368802]
V  [jvm.dll+0x332f31]
V  [jvm.dll+0x3323da]
V  [jvm.dll+0x21c201]
V  [jvm.dll+0x21b621]
V  [jvm.dll+0x1a4fdd]
V  [jvm.dll+0x22b098]
V  [jvm.dll+0x229159]
V  [jvm.dll+0x7f81ec]
V  [jvm.dll+0x7f274a]
V  [jvm.dll+0x682ad5]
C  [ucrtbase.dll+0x29333]
C  [KERNEL32.DLL+0x1257d]
C  [ntdll.dll+0x5af28]


---------------  P R O C E S S  ---------------

Threads class SMR info:
_java_thread_list=0x000002a4690a53b0, length=135, elements={
0x000002a4485926d0, 0x000002a467876020, 0x000002a4678769e0, 0x000002a4678a7430,
0x000002a4678a7ef0, 0x000002a4678aa8b0, 0x000002a4678aeef0, 0x000002a4678c5c00,
0x000002a4678c66a0, 0x000002a4678c9840, 0x000002a467a43500, 0x000002a467a439d0,
0x000002a468bad7a0, 0x000002a4690eae50, 0x000002a469202710, 0x000002a468639b70,
0x000002a468470920, 0x000002a468eb34f0, 0x000002a468eb1ce0, 0x000002a468eb3020,
0x000002a468eb1340, 0x000002a468eb39c0, 0x000002a468eb04d0, 0x000002a468eb1810,
0x000002a468eb0e70, 0x000002a468eb21b0, 0x000002a468eb2b50, 0x000002a46ad0c0c0,
0x000002a46ad09570, 0x000002a46ad0a3e0, 0x000002a46ad04d40, 0x000002a46ad09a40,
0x000002a46ad09f10, 0x000002a46ad056e0, 0x000002a46ad05bb0, 0x000002a46ad08700,
0x000002a46ad0ad80, 0x000002a46ad08bd0, 0x000002a46ad06550, 0x000002a46ad0b250,
0x000002a46ad0c590, 0x000002a46ccf5eb0, 0x000002a46ccf6380, 0x000002a46ccf6850,
0x000002a46ccfa210, 0x000002a46ccf41d0, 0x000002a46ccfa6e0, 0x000002a46ccf71f0,
0x000002a46ccf76c0, 0x000002a46ccf7b90, 0x000002a46ccf8060, 0x000002a46ccf46a0,
0x000002a46ccf6d20, 0x000002a46ccf93a0, 0x000002a46ccf8a00, 0x000002a46ccfabb0,
0x000002a46ccf8ed0, 0x000002a46ccf9870, 0x000002a46ccf5040, 0x000002a46ccf3d00,
0x000002a46ccf9d40, 0x000002a46ccf5510, 0x000002a46ccf3830, 0x000002a46a1c8950,
0x000002a46a1c9c90, 0x000002a46a1ca630, 0x000002a46a1c45f0, 0x000002a46a1cafd0,
0x000002a46a1ca160, 0x000002a46a1c7fb0, 0x000002a46a1c67a0, 0x000002a46a1cb4a0,
0x000002a46a1c4ac0, 0x000002a46a1c5e00, 0x000002a46a1c5460, 0x000002a46a1c97c0,
0x000002a46a1c4120, 0x000002a46a1c5930, 0x000002a46a1c8480, 0x000002a46a1c4f90,
0x000002a46a1c3c50, 0x000002a46a1c62d0, 0x000002a46a1c6c70, 0x000002a46a1c7140,
0x000002a46a1c7610, 0x000002a46a1cab00, 0x000002a46a1c7ae0, 0x000002a46a1c8e20,
0x000002a46a1c92f0, 0x000002a46ada30f0, 0x000002a46ada6110, 0x000002a46ada8c60,
0x000002a46ada6f80, 0x000002a46ada1db0, 0x000002a46ada35c0, 0x000002a46ada8790,
0x000002a46ada3a90, 0x000002a46ada52a0, 0x000002a46ada2c20, 0x000002a46ada7df0,
0x000002a46ada4900, 0x000002a46ada3f60, 0x000002a46ada4dd0, 0x000002a46ada7450,
0x000002a46ada1410, 0x000002a46ada4430, 0x000002a46ada5770, 0x000002a46ada18e0,
0x000002a46ada5c40, 0x000002a46ada82c0, 0x000002a46ada65e0, 0x000002a46ada2280,
0x000002a46ada2750, 0x000002a46ada6ab0, 0x000002a46ada7920, 0x000002a46a86dca0,
0x000002a46a86d300, 0x000002a46a86c960, 0x000002a46a86fe50, 0x000002a46a86f4b0,
0x000002a46a86d7d0, 0x000002a46a86f980, 0x000002a46a86e170, 0x000002a46a86ce30,
0x000002a46a86e640, 0x000002a46a86eb10, 0x000002a46a870320, 0x000002a46a86efe0,
0x000002a46c0c5a10, 0x000002a46c0c63b0, 0x000002a46c0c3390, 0x000002a46c0c6d50,
0x000002a46c0c2520, 0x000002a46c0c5070, 0x000002a46c0c76f0
}

Java Threads: ( => current thread )
  0x000002a4485926d0 JavaThread "main" [_thread_blocked, id=21100, stack(0x000000c616b00000,0x000000c616c00000)]
  0x000002a467876020 JavaThread "Reference Handler" daemon [_thread_blocked, id=15616, stack(0x000000c617200000,0x000000c617300000)]
  0x000002a4678769e0 JavaThread "Finalizer" daemon [_thread_blocked, id=39596, stack(0x000000c617300000,0x000000c617400000)]
  0x000002a4678a7430 JavaThread "Signal Dispatcher" daemon [_thread_blocked, id=14136, stack(0x000000c617400000,0x000000c617500000)]
  0x000002a4678a7ef0 JavaThread "Attach Listener" daemon [_thread_blocked, id=39236, stack(0x000000c617500000,0x000000c617600000)]
  0x000002a4678aa8b0 JavaThread "Service Thread" daemon [_thread_blocked, id=15888, stack(0x000000c617600000,0x000000c617700000)]
  0x000002a4678aeef0 JavaThread "Monitor Deflation Thread" daemon [_thread_blocked, id=34864, stack(0x000000c617700000,0x000000c617800000)]
=>0x000002a4678c5c00 JavaThread "C2 CompilerThread0" daemon [_thread_in_native, id=42256, stack(0x000000c617800000,0x000000c617900000)]
  0x000002a4678c66a0 JavaThread "C1 CompilerThread0" daemon [_thread_in_native, id=39584, stack(0x000000c617900000,0x000000c617a00000)]
  0x000002a4678c9840 JavaThread "Sweeper thread" daemon [_thread_blocked, id=35140, stack(0x000000c617a00000,0x000000c617b00000)]
  0x000002a467a43500 JavaThread "Common-Cleaner" daemon [_thread_blocked, id=30084, stack(0x000000c617b00000,0x000000c617c00000)]
  0x000002a467a439d0 JavaThread "Notification Thread" daemon [_thread_blocked, id=15436, stack(0x000000c617c00000,0x000000c617d00000)]
  0x000002a468bad7a0 JavaThread "Daemon health stats" [_thread_blocked, id=36636, stack(0x000000c618300000,0x000000c618400000)]
  0x000002a4690eae50 JavaThread "Incoming local TCP Connector on port 64278" [_thread_in_native, id=6420, stack(0x000000c618400000,0x000000c618500000)]
  0x000002a469202710 JavaThread "Daemon periodic checks" [_thread_blocked, id=30116, stack(0x000000c618500000,0x000000c618600000)]
  0x000002a468639b70 JavaThread "Daemon" [_thread_blocked, id=43664, stack(0x000000c618600000,0x000000c618700000)]
  0x000002a468470920 JavaThread "Handler for socket connection from /127.0.0.1:64278 to /127.0.0.1:64284" [_thread_in_native, id=17044, stack(0x000000c618700000,0x000000c618800000)]
  0x000002a468eb34f0 JavaThread "Cancel handler" [_thread_blocked, id=32260, stack(0x000000c618800000,0x000000c618900000)]
  0x000002a468eb1ce0 JavaThread "Daemon worker" [_thread_in_Java, id=31040, stack(0x000000c618900000,0x000000c618a00000)]
  0x000002a468eb3020 JavaThread "Asynchronous log dispatcher for DefaultDaemonConnection: socket connection from /127.0.0.1:64278 to /127.0.0.1:64284" [_thread_blocked, id=3296, stack(0x000000c618a00000,0x000000c618b00000)]
  0x000002a468eb1340 JavaThread "Stdin handler" [_thread_blocked, id=40632, stack(0x000000c618b00000,0x000000c618c00000)]
  0x000002a468eb39c0 JavaThread "Daemon client event forwarder" [_thread_blocked, id=43032, stack(0x000000c618c00000,0x000000c618d00000)]
  0x000002a468eb04d0 JavaThread "Cache worker for journal cache (C:\Users\nemal\.gradle\caches\journal-1)" [_thread_blocked, id=11680, stack(0x000000c618d00000,0x000000c618e00000)]
  0x000002a468eb1810 JavaThread "File lock request listener" [_thread_in_native, id=39328, stack(0x000000c618e00000,0x000000c618f00000)]
  0x000002a468eb0e70 JavaThread "Cache worker for file hash cache (C:\Users\nemal\.gradle\caches\7.6.3\fileHashes)" [_thread_blocked, id=19844, stack(0x000000c619200000,0x000000c619300000)]
  0x000002a468eb21b0 JavaThread "File watcher server" daemon [_thread_in_native, id=7952, stack(0x000000c619300000,0x000000c619400000)]
  0x000002a468eb2b50 JavaThread "File watcher consumer" daemon [_thread_blocked, id=41756, stack(0x000000c619400000,0x000000c619500000)]
  0x000002a46ad0c0c0 JavaThread "Cache worker for checksums cache (E:\5_semester\Mobile_App\Pet_Shop\pet_shop\android\.gradle\7.6.3\checksums)" [_thread_blocked, id=40820, stack(0x000000c619500000,0x000000c619600000)]
  0x000002a46ad09570 JavaThread "Cache worker for cache directory md-rule (C:\Users\nemal\.gradle\caches\7.6.3\md-rule)" [_thread_blocked, id=7820, stack(0x000000c619600000,0x000000c619700000)]
  0x000002a46ad0a3e0 JavaThread "Cache worker for file content cache (C:\Users\nemal\.gradle\caches\7.6.3\fileContent)" [_thread_blocked, id=36612, stack(0x000000c619700000,0x000000c619800000)]
  0x000002a46ad04d40 JavaThread "Cache worker for file hash cache (E:\5_semester\Mobile_App\Pet_Shop\pet_shop\android\.gradle\7.6.3\fileHashes)" [_thread_blocked, id=34128, stack(0x000000c619800000,0x000000c619900000)]
  0x000002a46ad09a40 JavaThread "Cache worker for cache directory md-supplier (C:\Users\nemal\.gradle\caches\7.6.3\md-supplier)" [_thread_blocked, id=38312, stack(0x000000c619900000,0x000000c619a00000)]
  0x000002a46ad09f10 JavaThread "Cache worker for execution history cache (C:\Users\nemal\.gradle\caches\7.6.3\executionHistory)" [_thread_blocked, id=32792, stack(0x000000c619a00000,0x000000c619b00000)]
  0x000002a46ad056e0 JavaThread "jar transforms" [_thread_blocked, id=37912, stack(0x000000c619b00000,0x000000c619c00000)]
  0x000002a46ad05bb0 JavaThread "Cache worker for kotlin-dsl (C:\Users\nemal\.gradle\caches\7.6.3\kotlin-dsl)" [_thread_blocked, id=42852, stack(0x000000c619c00000,0x000000c619d00000)]
  0x000002a46ad08700 JavaThread "jar transforms Thread 2" [_thread_blocked, id=30556, stack(0x000000c619d00000,0x000000c619e00000)]
  0x000002a46ad0ad80 JavaThread "Cache worker for dependencies-accessors (E:\5_semester\Mobile_App\Pet_Shop\pet_shop\android\.gradle\7.6.3\dependencies-accessors)" [_thread_blocked, id=41580, stack(0x000000c619e00000,0x000000c619f00000)]
  0x000002a46ad08bd0 JavaThread "Cache worker for Build Output Cleanup Cache (D:\flutter\flutter\packages\flutter_tools\gradle\.gradle\buildOutputCleanup)" [_thread_blocked, id=28728, stack(0x000000c619f00000,0x000000c61a000000)]
  0x000002a46ad06550 JavaThread "jar transforms Thread 3" [_thread_blocked, id=40776, stack(0x000000c61a000000,0x000000c61a100000)]
  0x000002a46ad0b250 JavaThread "Memory manager" [_thread_blocked, id=19576, stack(0x000000c61a100000,0x000000c61a200000)]
  0x000002a46ad0c590 JavaThread "jar transforms Thread 4" [_thread_blocked, id=24764, stack(0x000000c61a200000,0x000000c61a300000)]
  0x000002a46ccf5eb0 JavaThread "included builds" [_thread_blocked, id=42940, stack(0x000000c61a300000,0x000000c61a400000)]
  0x000002a46ccf6380 JavaThread "Execution worker" [_thread_blocked, id=23400, stack(0x000000c616a00000,0x000000c616b00000)]
  0x000002a46ccf6850 JavaThread "Execution worker Thread 2" [_thread_blocked, id=32604, stack(0x000000c61a400000,0x000000c61a500000)]
  0x000002a46ccfa210 JavaThread "Execution worker Thread 3" [_thread_blocked, id=38652, stack(0x000000c61a500000,0x000000c61a600000)]
  0x000002a46ccf41d0 JavaThread "Execution worker Thread 4" [_thread_blocked, id=13048, stack(0x000000c61a600000,0x000000c61a700000)]
  0x000002a46ccfa6e0 JavaThread "Execution worker Thread 5" [_thread_blocked, id=28000, stack(0x000000c61a700000,0x000000c61a800000)]
  0x000002a46ccf71f0 JavaThread "Execution worker Thread 6" [_thread_blocked, id=18220, stack(0x000000c61a800000,0x000000c61a900000)]
  0x000002a46ccf76c0 JavaThread "Execution worker Thread 7" [_thread_blocked, id=26120, stack(0x000000c61a900000,0x000000c61aa00000)]
  0x000002a46ccf7b90 JavaThread "Cache worker for execution history cache (D:\flutter\flutter\packages\flutter_tools\gradle\.gradle\7.6.3\executionHistory)" [_thread_blocked, id=8980, stack(0x000000c61aa00000,0x000000c61ab00000)]
  0x000002a46ccf8060 JavaThread "Unconstrained build operations" [_thread_blocked, id=26488, stack(0x000000c61ab00000,0x000000c61ac00000)]
  0x000002a46ccf46a0 JavaThread "Unconstrained build operations Thread 2" [_thread_blocked, id=22948, stack(0x000000c61ac00000,0x000000c61ad00000)]
  0x000002a46ccf6d20 JavaThread "Unconstrained build operations Thread 3" [_thread_blocked, id=42380, stack(0x000000c61ad00000,0x000000c61ae00000)]
  0x000002a46ccf93a0 JavaThread "Unconstrained build operations Thread 4" [_thread_blocked, id=38864, stack(0x000000c61ae00000,0x000000c61af00000)]
  0x000002a46ccf8a00 JavaThread "Unconstrained build operations Thread 5" [_thread_blocked, id=35672, stack(0x000000c61af00000,0x000000c61b000000)]
  0x000002a46ccfabb0 JavaThread "Unconstrained build operations Thread 6" [_thread_blocked, id=42732, stack(0x000000c61b000000,0x000000c61b100000)]
  0x000002a46ccf8ed0 JavaThread "Unconstrained build operations Thread 7" [_thread_blocked, id=36744, stack(0x000000c61b100000,0x000000c61b200000)]
  0x000002a46ccf9870 JavaThread "Unconstrained build operations Thread 8" [_thread_blocked, id=31792, stack(0x000000c61b200000,0x000000c61b300000)]
  0x000002a46ccf5040 JavaThread "Unconstrained build operations Thread 9" [_thread_blocked, id=42764, stack(0x000000c61b300000,0x000000c61b400000)]
  0x000002a46ccf3d00 JavaThread "Unconstrained build operations Thread 10" [_thread_blocked, id=38804, stack(0x000000c61b400000,0x000000c61b500000)]
  0x000002a46ccf9d40 JavaThread "Unconstrained build operations Thread 11" [_thread_blocked, id=11836, stack(0x000000c61b500000,0x000000c61b600000)]
  0x000002a46ccf5510 JavaThread "Unconstrained build operations Thread 12" [_thread_blocked, id=39724, stack(0x000000c61b600000,0x000000c61b700000)]
  0x000002a46ccf3830 JavaThread "Unconstrained build operations Thread 13" [_thread_blocked, id=29200, stack(0x000000c61b700000,0x000000c61b800000)]
  0x000002a46a1c8950 JavaThread "Unconstrained build operations Thread 14" [_thread_blocked, id=40508, stack(0x000000c61b800000,0x000000c61b900000)]
  0x000002a46a1c9c90 JavaThread "Unconstrained build operations Thread 15" [_thread_blocked, id=33284, stack(0x000000c61b900000,0x000000c61ba00000)]
  0x000002a46a1ca630 JavaThread "Unconstrained build operations Thread 16" [_thread_blocked, id=29480, stack(0x000000c61ba00000,0x000000c61bb00000)]
  0x000002a46a1c45f0 JavaThread "Unconstrained build operations Thread 17" [_thread_blocked, id=37800, stack(0x000000c61bb00000,0x000000c61bc00000)]
  0x000002a46a1cafd0 JavaThread "Unconstrained build operations Thread 18" [_thread_blocked, id=40772, stack(0x000000c61bc00000,0x000000c61bd00000)]
  0x000002a46a1ca160 JavaThread "Unconstrained build operations Thread 19" [_thread_blocked, id=42512, stack(0x000000c61bd00000,0x000000c61be00000)]
  0x000002a46a1c7fb0 JavaThread "Unconstrained build operations Thread 20" [_thread_blocked, id=24632, stack(0x000000c61be00000,0x000000c61bf00000)]
  0x000002a46a1c67a0 JavaThread "Unconstrained build operations Thread 21" [_thread_blocked, id=26636, stack(0x000000c61bf00000,0x000000c61c000000)]
  0x000002a46a1cb4a0 JavaThread "Unconstrained build operations Thread 22" [_thread_blocked, id=31096, stack(0x000000c61c000000,0x000000c61c100000)]
  0x000002a46a1c4ac0 JavaThread "Unconstrained build operations Thread 23" [_thread_blocked, id=35756, stack(0x000000c61c100000,0x000000c61c200000)]
  0x000002a46a1c5e00 JavaThread "Unconstrained build operations Thread 24" [_thread_blocked, id=43040, stack(0x000000c61c200000,0x000000c61c300000)]
  0x000002a46a1c5460 JavaThread "Unconstrained build operations Thread 25" [_thread_blocked, id=22456, stack(0x000000c61c300000,0x000000c61c400000)]
  0x000002a46a1c97c0 JavaThread "Unconstrained build operations Thread 26" [_thread_blocked, id=39508, stack(0x000000c61c400000,0x000000c61c500000)]
  0x000002a46a1c4120 JavaThread "Unconstrained build operations Thread 27" [_thread_blocked, id=38116, stack(0x000000c61c500000,0x000000c61c600000)]
  0x000002a46a1c5930 JavaThread "Unconstrained build operations Thread 28" [_thread_blocked, id=42400, stack(0x000000c61c600000,0x000000c61c700000)]
  0x000002a46a1c8480 JavaThread "Unconstrained build operations Thread 29" [_thread_blocked, id=29952, stack(0x000000c61c700000,0x000000c61c800000)]
  0x000002a46a1c4f90 JavaThread "Unconstrained build operations Thread 30" [_thread_blocked, id=15608, stack(0x000000c61c800000,0x000000c61c900000)]
  0x000002a46a1c3c50 JavaThread "Unconstrained build operations Thread 31" [_thread_blocked, id=33520, stack(0x000000c61c900000,0x000000c61ca00000)]
  0x000002a46a1c62d0 JavaThread "Unconstrained build operations Thread 32" [_thread_blocked, id=44016, stack(0x000000c61ca00000,0x000000c61cb00000)]
  0x000002a46a1c6c70 JavaThread "Unconstrained build operations Thread 33" [_thread_blocked, id=37080, stack(0x000000c61cb00000,0x000000c61cc00000)]
  0x000002a46a1c7140 JavaThread "Unconstrained build operations Thread 34" [_thread_blocked, id=42088, stack(0x000000c61cc00000,0x000000c61cd00000)]
  0x000002a46a1c7610 JavaThread "Unconstrained build operations Thread 35" [_thread_blocked, id=15640, stack(0x000000c61cd00000,0x000000c61ce00000)]
  0x000002a46a1cab00 JavaThread "Unconstrained build operations Thread 36" [_thread_blocked, id=23628, stack(0x000000c61ce00000,0x000000c61cf00000)]
  0x000002a46a1c7ae0 JavaThread "Unconstrained build operations Thread 37" [_thread_blocked, id=2800, stack(0x000000c61cf00000,0x000000c61d000000)]
  0x000002a46a1c8e20 JavaThread "Unconstrained build operations Thread 38" [_thread_blocked, id=31628, stack(0x000000c61d000000,0x000000c61d100000)]
  0x000002a46a1c92f0 JavaThread "Unconstrained build operations Thread 39" [_thread_blocked, id=41364, stack(0x000000c61d100000,0x000000c61d200000)]
  0x000002a46ada30f0 JavaThread "Unconstrained build operations Thread 40" [_thread_blocked, id=16556, stack(0x000000c61d200000,0x000000c61d300000)]
  0x000002a46ada6110 JavaThread "Unconstrained build operations Thread 41" [_thread_blocked, id=9156, stack(0x000000c61d300000,0x000000c61d400000)]
  0x000002a46ada8c60 JavaThread "Unconstrained build operations Thread 42" [_thread_blocked, id=37580, stack(0x000000c61d400000,0x000000c61d500000)]
  0x000002a46ada6f80 JavaThread "Unconstrained build operations Thread 43" [_thread_blocked, id=35332, stack(0x000000c61d500000,0x000000c61d600000)]
  0x000002a46ada1db0 JavaThread "Unconstrained build operations Thread 44" [_thread_blocked, id=43888, stack(0x000000c61d600000,0x000000c61d700000)]
  0x000002a46ada35c0 JavaThread "Unconstrained build operations Thread 45" [_thread_blocked, id=39464, stack(0x000000c61d700000,0x000000c61d800000)]
  0x000002a46ada8790 JavaThread "Unconstrained build operations Thread 46" [_thread_blocked, id=38128, stack(0x000000c61d800000,0x000000c61d900000)]
  0x000002a46ada3a90 JavaThread "Unconstrained build operations Thread 47" [_thread_blocked, id=42324, stack(0x000000c61d900000,0x000000c61da00000)]
  0x000002a46ada52a0 JavaThread "Unconstrained build operations Thread 48" [_thread_blocked, id=41476, stack(0x000000c61da00000,0x000000c61db00000)]
  0x000002a46ada2c20 JavaThread "Unconstrained build operations Thread 49" [_thread_blocked, id=26888, stack(0x000000c61db00000,0x000000c61dc00000)]
  0x000002a46ada7df0 JavaThread "Unconstrained build operations Thread 50" [_thread_blocked, id=27800, stack(0x000000c61dc00000,0x000000c61dd00000)]
  0x000002a46ada4900 JavaThread "Unconstrained build operations Thread 51" [_thread_blocked, id=23136, stack(0x000000c61dd00000,0x000000c61de00000)]
  0x000002a46ada3f60 JavaThread "Unconstrained build operations Thread 52" [_thread_blocked, id=24516, stack(0x000000c61de00000,0x000000c61df00000)]
  0x000002a46ada4dd0 JavaThread "Unconstrained build operations Thread 53" [_thread_blocked, id=9508, stack(0x000000c61df00000,0x000000c61e000000)]
  0x000002a46ada7450 JavaThread "Unconstrained build operations Thread 54" [_thread_blocked, id=41444, stack(0x000000c61e000000,0x000000c61e100000)]
  0x000002a46ada1410 JavaThread "Unconstrained build operations Thread 55" [_thread_blocked, id=40848, stack(0x000000c61e100000,0x000000c61e200000)]
  0x000002a46ada4430 JavaThread "Unconstrained build operations Thread 56" [_thread_blocked, id=42772, stack(0x000000c61e200000,0x000000c61e300000)]
  0x000002a46ada5770 JavaThread "Unconstrained build operations Thread 57" [_thread_blocked, id=17924, stack(0x000000c61e300000,0x000000c61e400000)]
  0x000002a46ada18e0 JavaThread "Unconstrained build operations Thread 58" [_thread_blocked, id=32668, stack(0x000000c61e400000,0x000000c61e500000)]
  0x000002a46ada5c40 JavaThread "Unconstrained build operations Thread 59" [_thread_blocked, id=7036, stack(0x000000c61e500000,0x000000c61e600000)]
  0x000002a46ada82c0 JavaThread "Unconstrained build operations Thread 60" [_thread_blocked, id=39940, stack(0x000000c61e600000,0x000000c61e700000)]
  0x000002a46ada65e0 JavaThread "Unconstrained build operations Thread 61" [_thread_blocked, id=33444, stack(0x000000c61e700000,0x000000c61e800000)]
  0x000002a46ada2280 JavaThread "Unconstrained build operations Thread 62" [_thread_blocked, id=40236, stack(0x000000c61e800000,0x000000c61e900000)]
  0x000002a46ada2750 JavaThread "Unconstrained build operations Thread 63" [_thread_blocked, id=37236, stack(0x000000c61e900000,0x000000c61ea00000)]
  0x000002a46ada6ab0 JavaThread "Unconstrained build operations Thread 64" [_thread_blocked, id=24340, stack(0x000000c61ea00000,0x000000c61eb00000)]
  0x000002a46ada7920 JavaThread "Unconstrained build operations Thread 65" [_thread_blocked, id=36160, stack(0x000000c61eb00000,0x000000c61ec00000)]
  0x000002a46a86dca0 JavaThread "Unconstrained build operations Thread 66" [_thread_blocked, id=41728, stack(0x000000c61ec00000,0x000000c61ed00000)]
  0x000002a46a86d300 JavaThread "Unconstrained build operations Thread 67" [_thread_blocked, id=38768, stack(0x000000c61ed00000,0x000000c61ee00000)]
  0x000002a46a86c960 JavaThread "Unconstrained build operations Thread 68" [_thread_blocked, id=19688, stack(0x000000c61ee00000,0x000000c61ef00000)]
  0x000002a46a86fe50 JavaThread "Unconstrained build operations Thread 69" [_thread_blocked, id=39672, stack(0x000000c61ef00000,0x000000c61f000000)]
  0x000002a46a86f4b0 JavaThread "Unconstrained build operations Thread 70" [_thread_blocked, id=13388, stack(0x000000c61f000000,0x000000c61f100000)]
  0x000002a46a86d7d0 JavaThread "Unconstrained build operations Thread 71" [_thread_blocked, id=30736, stack(0x000000c61f100000,0x000000c61f200000)]
  0x000002a46a86f980 JavaThread "Unconstrained build operations Thread 72" [_thread_blocked, id=39436, stack(0x000000c61f200000,0x000000c61f300000)]
  0x000002a46a86e170 JavaThread "Unconstrained build operations Thread 73" [_thread_blocked, id=39212, stack(0x000000c61f300000,0x000000c61f400000)]
  0x000002a46a86ce30 JavaThread "Unconstrained build operations Thread 74" [_thread_blocked, id=13276, stack(0x000000c61f400000,0x000000c61f500000)]
  0x000002a46a86e640 JavaThread "Unconstrained build operations Thread 75" [_thread_blocked, id=42584, stack(0x000000c61f500000,0x000000c61f600000)]
  0x000002a46a86eb10 JavaThread "Unconstrained build operations Thread 76" [_thread_blocked, id=14924, stack(0x000000c61f600000,0x000000c61f700000)]
  0x000002a46a870320 JavaThread "Unconstrained build operations Thread 77" [_thread_blocked, id=36972, stack(0x000000c61f700000,0x000000c61f800000)]
  0x000002a46a86efe0 JavaThread "Unconstrained build operations Thread 78" [_thread_blocked, id=8344, stack(0x000000c61f800000,0x000000c61f900000)]
  0x000002a46c0c5a10 JavaThread "Unconstrained build operations Thread 79" [_thread_blocked, id=37420, stack(0x000000c61f900000,0x000000c61fa00000)]
  0x000002a46c0c63b0 JavaThread "Unconstrained build operations Thread 80" [_thread_blocked, id=29288, stack(0x000000c61fa00000,0x000000c61fb00000)]
  0x000002a46c0c3390 JavaThread "jar transforms Thread 5" [_thread_blocked, id=37848, stack(0x000000c61fb00000,0x000000c61fc00000)]
  0x000002a46c0c6d50 JavaThread "jar transforms Thread 6" [_thread_blocked, id=4356, stack(0x000000c61fc00000,0x000000c61fd00000)]
  0x000002a46c0c2520 JavaThread "jar transforms Thread 7" [_thread_blocked, id=7064, stack(0x000000c61fd00000,0x000000c61fe00000)]
  0x000002a46c0c5070 JavaThread "jar transforms Thread 8" [_thread_blocked, id=26632, stack(0x000000c61fe00000,0x000000c61ff00000)]
  0x000002a46c0c76f0 JavaThread "Cache worker for Build Output Cleanup Cache (E:\5_semester\Mobile_App\Pet_Shop\pet_shop\android\.gradle\buildOutputCleanup)" [_thread_blocked, id=1364, stack(0x000000c61ff00000,0x000000c620000000)]

Other Threads:
  0x000002a467852c60 VMThread "VM Thread" [stack: 0x000000c617100000,0x000000c617200000] [id=42800]
  0x000002a467a630c0 WatcherThread [stack: 0x000000c617d00000,0x000000c617e00000] [id=30820]
  0x000002a4485fe820 GCTaskThread "GC Thread#0" [stack: 0x000000c616c00000,0x000000c616d00000] [id=39808]
  0x000002a468cbcaf0 GCTaskThread "GC Thread#1" [stack: 0x000000c617e00000,0x000000c617f00000] [id=43436]
  0x000002a46864c1a0 GCTaskThread "GC Thread#2" [stack: 0x000000c617f00000,0x000000c618000000] [id=42904]
  0x000002a46864c860 GCTaskThread "GC Thread#3" [stack: 0x000000c618000000,0x000000c618100000] [id=16408]
  0x000002a46864cee0 GCTaskThread "GC Thread#4" [stack: 0x000000c618100000,0x000000c618200000] [id=38484]
  0x000002a468e8df50 GCTaskThread "GC Thread#5" [stack: 0x000000c618200000,0x000000c618300000] [id=29148]
  0x000002a468e8d1e0 GCTaskThread "GC Thread#6" [stack: 0x000000c618f00000,0x000000c619000000] [id=14196]
  0x000002a468e8e4b0 GCTaskThread "GC Thread#7" [stack: 0x000000c619000000,0x000000c619100000] [id=36192]
  0x000002a448610770 ConcurrentGCThread "G1 Main Marker" [stack: 0x000000c616d00000,0x000000c616e00000] [id=42304]
  0x000002a448611180 ConcurrentGCThread "G1 Conc#0" [stack: 0x000000c616e00000,0x000000c616f00000] [id=22372]
  0x000002a468e8d490 ConcurrentGCThread "G1 Conc#1" [stack: 0x000000c619100000,0x000000c619200000] [id=39404]
  0x000002a466e995e0 ConcurrentGCThread "G1 Refine#0" [stack: 0x000000c616f00000,0x000000c617000000] [id=42128]
  0x000002a466e99f10 ConcurrentGCThread "G1 Service" [stack: 0x000000c617000000,0x000000c617100000] [id=1672]

Threads with active compile tasks:
C2 CompilerThread0    67671 12133       4       org.gradle.internal.instantiation.generator.AbstractClassGenerator$InjectionAnnotationValidator::validateMethod (502 bytes)
C1 CompilerThread0    67671 12349       2       com.google.protobuf.Descriptors$Descriptor::<init> (607 bytes)

VM state: not at safepoint (normal execution)

VM Mutex/Monitor currently owned by a thread: None

Heap address: 0x0000000700000000, size: 4096 MB, Compressed Oops mode: Zero based, Oop shift amount: 3

CDS archive(s) not mapped
Compressed class space mapped at: 0x0000000800000000-0x0000000840000000, reserved size: 1073741824
Narrow klass base: 0x0000000800000000, Narrow klass shift: 0, Narrow klass range: 0x40000000

GC Precious Log:
 CPUs: 8 total, 8 available
 Memory: 16078M
 Large Page Support: Disabled
 NUMA Support: Disabled
 Compressed Oops: Enabled (Zero based)
 Heap Region Size: 2M
 Heap Min Capacity: 8M
 Heap Initial Capacity: 252M
 Heap Max Capacity: 4G
 Pre-touch: Disabled
 Parallel Workers: 8
 Concurrent Workers: 2
 Concurrent Refinement Workers: 8
 Periodic GC: Disabled

Heap:
 garbage-first heap   total 233472K, used 165363K [0x0000000700000000, 0x0000000800000000)
  region size 2048K, 22 young (45056K), 1 survivors (2048K)
 Metaspace       used 107354K, committed 108224K, reserved 1146880K
  class space    used 14707K, committed 15104K, reserved 1048576K

Heap Regions: E=young(eden), S=young(survivor), O=old, HS=humongous(starts), HC=humongous(continues), CS=collection set, F=free, OA=open archive, CA=closed archive, TAMS=top-at-mark-start (previous, next)
|   0|0x0000000700000000, 0x0000000700200000, 0x0000000700200000|100%|HS|  |TAMS 0x0000000700200000, 0x0000000700000000| Complete 
|   1|0x0000000700200000, 0x0000000700400000, 0x0000000700400000|100%|HC|  |TAMS 0x0000000700400000, 0x0000000700200000| Complete 
|   2|0x0000000700400000, 0x0000000700600000, 0x0000000700600000|100%| O|  |TAMS 0x0000000700600000, 0x0000000700400000| Untracked 
|   3|0x0000000700600000, 0x0000000700800000, 0x0000000700800000|100%| O|  |TAMS 0x0000000700800000, 0x0000000700600000| Untracked 
|   4|0x0000000700800000, 0x00000007009d6200, 0x0000000700a00000| 91%| O|  |TAMS 0x00000007009d6200, 0x0000000700800000| Untracked 
|   5|0x0000000700a00000, 0x0000000700c00000, 0x0000000700c00000|100%| O|  |TAMS 0x0000000700c00000, 0x0000000700a00000| Untracked 
|   6|0x0000000700c00000, 0x0000000700e00000, 0x0000000700e00000|100%| O|  |TAMS 0x0000000700e00000, 0x0000000700c00000| Untracked 
|   7|0x0000000700e00000, 0x0000000701000000, 0x0000000701000000|100%| O|  |TAMS 0x0000000701000000, 0x0000000700e00000| Untracked 
|   8|0x0000000701000000, 0x0000000701200000, 0x0000000701200000|100%| O|  |TAMS 0x0000000701200000, 0x0000000701000000| Untracked 
|   9|0x0000000701200000, 0x0000000701400000, 0x0000000701400000|100%| O|  |TAMS 0x0000000701400000, 0x0000000701200000| Untracked 
|  10|0x0000000701400000, 0x0000000701600000, 0x0000000701600000|100%| O|  |TAMS 0x0000000701600000, 0x0000000701400000| Untracked 
|  11|0x0000000701600000, 0x0000000701800000, 0x0000000701800000|100%| O|  |TAMS 0x0000000701800000, 0x0000000701600000| Untracked 
|  12|0x0000000701800000, 0x0000000701a00000, 0x0000000701a00000|100%| O|  |TAMS 0x0000000701a00000, 0x0000000701800000| Untracked 
|  13|0x0000000701a00000, 0x0000000701c00000, 0x0000000701c00000|100%| O|  |TAMS 0x0000000701c00000, 0x0000000701a00000| Untracked 
|  14|0x0000000701c00000, 0x0000000701e00000, 0x0000000701e00000|100%| O|  |TAMS 0x0000000701e00000, 0x0000000701c00000| Untracked 
|  15|0x0000000701e00000, 0x0000000702000000, 0x0000000702000000|100%| O|  |TAMS 0x0000000702000000, 0x0000000701e00000| Untracked 
|  16|0x0000000702000000, 0x0000000702000000, 0x0000000702200000|  0%| F|  |TAMS 0x0000000702000000, 0x0000000702000000| Untracked 
|  17|0x0000000702200000, 0x0000000702400000, 0x0000000702400000|100%|HS|  |TAMS 0x0000000702400000, 0x0000000702200000| Complete 
|  18|0x0000000702400000, 0x0000000702600000, 0x0000000702600000|100%|HC|  |TAMS 0x0000000702600000, 0x0000000702400000| Complete 
|  19|0x0000000702600000, 0x0000000702800000, 0x0000000702800000|100%|HS|  |TAMS 0x0000000702800000, 0x0000000702600000| Complete 
|  20|0x0000000702800000, 0x0000000702a00000, 0x0000000702a00000|100%| O|  |TAMS 0x0000000702a00000, 0x0000000702800000| Untracked 
|  21|0x0000000702a00000, 0x0000000702c00000, 0x0000000702c00000|100%| O|  |TAMS 0x0000000702c00000, 0x0000000702a00000| Untracked 
|  22|0x0000000702c00000, 0x0000000702e00000, 0x0000000702e00000|100%| O|  |TAMS 0x0000000702e00000, 0x0000000702c00000| Untracked 
|  23|0x0000000702e00000, 0x0000000703000000, 0x0000000703000000|100%| O|  |TAMS 0x0000000703000000, 0x0000000702e00000| Untracked 
|  24|0x0000000703000000, 0x0000000703200000, 0x0000000703200000|100%| O|  |TAMS 0x0000000703200000, 0x0000000703000000| Untracked 
|  25|0x0000000703200000, 0x0000000703400000, 0x0000000703400000|100%| O|  |TAMS 0x0000000703400000, 0x0000000703200000| Untracked 
|  26|0x0000000703400000, 0x0000000703600000, 0x0000000703600000|100%| O|  |TAMS 0x0000000703600000, 0x0000000703400000| Untracked 
|  27|0x0000000703600000, 0x0000000703800000, 0x0000000703800000|100%| O|  |TAMS 0x0000000703800000, 0x0000000703600000| Untracked 
|  28|0x0000000703800000, 0x0000000703a00000, 0x0000000703a00000|100%| O|  |TAMS 0x0000000703a00000, 0x0000000703800000| Untracked 
|  29|0x0000000703a00000, 0x0000000703c00000, 0x0000000703c00000|100%| O|  |TAMS 0x0000000703c00000, 0x0000000703a00000| Untracked 
|  30|0x0000000703c00000, 0x0000000703e00000, 0x0000000703e00000|100%| O|  |TAMS 0x0000000703e00000, 0x0000000703c00000| Untracked 
|  31|0x0000000703e00000, 0x0000000704000000, 0x0000000704000000|100%| O|  |TAMS 0x0000000704000000, 0x0000000703e00000| Untracked 
|  32|0x0000000704000000, 0x0000000704200000, 0x0000000704200000|100%| O|  |TAMS 0x0000000704200000, 0x0000000704000000| Untracked 
|  33|0x0000000704200000, 0x0000000704400000, 0x0000000704400000|100%| O|  |TAMS 0x0000000704400000, 0x0000000704200000| Untracked 
|  34|0x0000000704400000, 0x0000000704600000, 0x0000000704600000|100%| O|  |TAMS 0x0000000704600000, 0x0000000704400000| Untracked 
|  35|0x0000000704600000, 0x0000000704800000, 0x0000000704800000|100%| O|  |TAMS 0x0000000704800000, 0x0000000704600000| Untracked 
|  36|0x0000000704800000, 0x0000000704a00000, 0x0000000704a00000|100%| O|  |TAMS 0x0000000704a00000, 0x0000000704800000| Untracked 
|  37|0x0000000704a00000, 0x0000000704c00000, 0x0000000704c00000|100%| O|  |TAMS 0x0000000704c00000, 0x0000000704a00000| Untracked 
|  38|0x0000000704c00000, 0x0000000704e00000, 0x0000000704e00000|100%| O|  |TAMS 0x0000000704e00000, 0x0000000704c00000| Untracked 
|  39|0x0000000704e00000, 0x0000000705000000, 0x0000000705000000|100%| O|  |TAMS 0x0000000705000000, 0x0000000704e00000| Untracked 
|  40|0x0000000705000000, 0x0000000705200000, 0x0000000705200000|100%| O|  |TAMS 0x0000000705200000, 0x0000000705000000| Untracked 
|  41|0x0000000705200000, 0x0000000705400000, 0x0000000705400000|100%| O|  |TAMS 0x0000000705400000, 0x0000000705200000| Untracked 
|  42|0x0000000705400000, 0x0000000705600000, 0x0000000705600000|100%| O|  |TAMS 0x0000000705600000, 0x0000000705400000| Untracked 
|  43|0x0000000705600000, 0x0000000705800000, 0x0000000705800000|100%| O|  |TAMS 0x0000000705800000, 0x0000000705600000| Untracked 
|  44|0x0000000705800000, 0x0000000705a00000, 0x0000000705a00000|100%| O|  |TAMS 0x0000000705a00000, 0x0000000705800000| Untracked 
|  45|0x0000000705a00000, 0x0000000705c00000, 0x0000000705c00000|100%| O|  |TAMS 0x0000000705c00000, 0x0000000705a00000| Untracked 
|  46|0x0000000705c00000, 0x0000000705e00000, 0x0000000705e00000|100%| O|  |TAMS 0x0000000705e00000, 0x0000000705c00000| Untracked 
|  47|0x0000000705e00000, 0x0000000706000000, 0x0000000706000000|100%| O|  |TAMS 0x0000000706000000, 0x0000000705e00000| Untracked 
|  48|0x0000000706000000, 0x0000000706200000, 0x0000000706200000|100%| O|  |TAMS 0x0000000706200000, 0x0000000706000000| Untracked 
|  49|0x0000000706200000, 0x0000000706400000, 0x0000000706400000|100%| O|  |TAMS 0x0000000706400000, 0x0000000706200000| Untracked 
|  50|0x0000000706400000, 0x0000000706600000, 0x0000000706600000|100%| O|  |TAMS 0x0000000706600000, 0x0000000706400000| Untracked 
|  51|0x0000000706600000, 0x0000000706800000, 0x0000000706800000|100%| O|  |TAMS 0x0000000706800000, 0x0000000706600000| Untracked 
|  52|0x0000000706800000, 0x0000000706a00000, 0x0000000706a00000|100%| O|  |TAMS 0x0000000706a00000, 0x0000000706800000| Untracked 
|  53|0x0000000706a00000, 0x0000000706c00000, 0x0000000706c00000|100%| O|  |TAMS 0x0000000706c00000, 0x0000000706a00000| Untracked 
|  54|0x0000000706c00000, 0x0000000706e00000, 0x0000000706e00000|100%| O|  |TAMS 0x0000000706c00000, 0x0000000706c00000| Untracked 
|  55|0x0000000706e00000, 0x0000000707000000, 0x0000000707000000|100%| O|  |TAMS 0x0000000706e00000, 0x0000000706e00000| Untracked 
|  56|0x0000000707000000, 0x0000000707200000, 0x0000000707200000|100%| O|  |TAMS 0x0000000707000000, 0x0000000707000000| Untracked 
|  57|0x0000000707200000, 0x0000000707400000, 0x0000000707400000|100%| O|  |TAMS 0x0000000707200000, 0x0000000707200000| Untracked 
|  58|0x0000000707400000, 0x0000000707600000, 0x0000000707600000|100%| O|  |TAMS 0x0000000707400000, 0x0000000707400000| Untracked 
|  59|0x0000000707600000, 0x0000000707800000, 0x0000000707800000|100%| O|  |TAMS 0x0000000707600000, 0x0000000707600000| Untracked 
|  60|0x0000000707800000, 0x0000000707a00000, 0x0000000707a00000|100%| O|  |TAMS 0x0000000707800000, 0x0000000707800000| Untracked 
|  61|0x0000000707a00000, 0x0000000707be8800, 0x0000000707c00000| 95%| O|  |TAMS 0x0000000707a00000, 0x0000000707a00000| Untracked 
|  62|0x0000000707c00000, 0x0000000707c00000, 0x0000000707e00000|  0%| F|  |TAMS 0x0000000707c00000, 0x0000000707c00000| Untracked 
|  63|0x0000000707e00000, 0x0000000707e00000, 0x0000000708000000|  0%| F|  |TAMS 0x0000000707e00000, 0x0000000707e00000| Untracked 
|  64|0x0000000708000000, 0x0000000708000000, 0x0000000708200000|  0%| F|  |TAMS 0x0000000708000000, 0x0000000708000000| Untracked 
|  65|0x0000000708200000, 0x0000000708200000, 0x0000000708400000|  0%| F|  |TAMS 0x0000000708200000, 0x0000000708200000| Untracked 
|  66|0x0000000708400000, 0x0000000708400000, 0x0000000708600000|  0%| F|  |TAMS 0x0000000708400000, 0x0000000708400000| Untracked 
|  67|0x0000000708600000, 0x0000000708600000, 0x0000000708800000|  0%| F|  |TAMS 0x0000000708600000, 0x0000000708600000| Untracked 
|  68|0x0000000708800000, 0x0000000708800000, 0x0000000708a00000|  0%| F|  |TAMS 0x0000000708800000, 0x0000000708800000| Untracked 
|  69|0x0000000708a00000, 0x0000000708a00000, 0x0000000708c00000|  0%| F|  |TAMS 0x0000000708a00000, 0x0000000708a00000| Untracked 
|  70|0x0000000708c00000, 0x0000000708c00000, 0x0000000708e00000|  0%| F|  |TAMS 0x0000000708c00000, 0x0000000708c00000| Untracked 
|  71|0x0000000708e00000, 0x0000000708e00000, 0x0000000709000000|  0%| F|  |TAMS 0x0000000708e00000, 0x0000000708e00000| Untracked 
|  72|0x0000000709000000, 0x0000000709000000, 0x0000000709200000|  0%| F|  |TAMS 0x0000000709000000, 0x0000000709000000| Untracked 
|  73|0x0000000709200000, 0x0000000709200000, 0x0000000709400000|  0%| F|  |TAMS 0x0000000709200000, 0x0000000709200000| Untracked 
|  74|0x0000000709400000, 0x0000000709400000, 0x0000000709600000|  0%| F|  |TAMS 0x0000000709400000, 0x0000000709400000| Untracked 
|  75|0x0000000709600000, 0x0000000709600000, 0x0000000709800000|  0%| F|  |TAMS 0x0000000709600000, 0x0000000709600000| Untracked 
|  76|0x0000000709800000, 0x0000000709800000, 0x0000000709a00000|  0%| F|  |TAMS 0x0000000709800000, 0x0000000709800000| Untracked 
|  77|0x0000000709a00000, 0x0000000709a00000, 0x0000000709c00000|  0%| F|  |TAMS 0x0000000709a00000, 0x0000000709a00000| Untracked 
|  78|0x0000000709c00000, 0x0000000709c00000, 0x0000000709e00000|  0%| F|  |TAMS 0x0000000709c00000, 0x0000000709c00000| Untracked 
|  79|0x0000000709e00000, 0x0000000709e00000, 0x000000070a000000|  0%| F|  |TAMS 0x0000000709e00000, 0x0000000709e00000| Untracked 
|  80|0x000000070a000000, 0x000000070a000000, 0x000000070a200000|  0%| F|  |TAMS 0x000000070a000000, 0x000000070a000000| Untracked 
|  81|0x000000070a200000, 0x000000070a200000, 0x000000070a400000|  0%| F|  |TAMS 0x000000070a200000, 0x000000070a200000| Untracked 
|  82|0x000000070a400000, 0x000000070a400000, 0x000000070a600000|  0%| F|  |TAMS 0x000000070a400000, 0x000000070a400000| Untracked 
|  83|0x000000070a600000, 0x000000070a600000, 0x000000070a800000|  0%| F|  |TAMS 0x000000070a600000, 0x000000070a600000| Untracked 
|  84|0x000000070a800000, 0x000000070a800000, 0x000000070aa00000|  0%| F|  |TAMS 0x000000070a800000, 0x000000070a800000| Untracked 
|  85|0x000000070aa00000, 0x000000070aa00000, 0x000000070ac00000|  0%| F|  |TAMS 0x000000070aa00000, 0x000000070aa00000| Untracked 
|  86|0x000000070ac00000, 0x000000070ac00000, 0x000000070ae00000|  0%| F|  |TAMS 0x000000070ac00000, 0x000000070ac00000| Untracked 
|  87|0x000000070ae00000, 0x000000070ae00000, 0x000000070b000000|  0%| F|  |TAMS 0x000000070ae00000, 0x000000070ae00000| Untracked 
|  88|0x000000070b000000, 0x000000070b000000, 0x000000070b200000|  0%| F|  |TAMS 0x000000070b000000, 0x000000070b000000| Untracked 
|  89|0x000000070b200000, 0x000000070b200000, 0x000000070b400000|  0%| F|  |TAMS 0x000000070b200000, 0x000000070b200000| Untracked 
|  90|0x000000070b400000, 0x000000070b400000, 0x000000070b600000|  0%| F|  |TAMS 0x000000070b400000, 0x000000070b400000| Untracked 
|  91|0x000000070b600000, 0x000000070b6f02b8, 0x000000070b800000| 46%| E|  |TAMS 0x000000070b600000, 0x000000070b600000| Complete 
|  92|0x000000070b800000, 0x000000070ba00000, 0x000000070ba00000|100%| E|CS|TAMS 0x000000070b800000, 0x000000070b800000| Complete 
|  93|0x000000070ba00000, 0x000000070bc00000, 0x000000070bc00000|100%| E|CS|TAMS 0x000000070ba00000, 0x000000070ba00000| Complete 
|  94|0x000000070bc00000, 0x000000070be00000, 0x000000070be00000|100%| E|CS|TAMS 0x000000070bc00000, 0x000000070bc00000| Complete 
|  95|0x000000070be00000, 0x000000070c000000, 0x000000070c000000|100%| E|  |TAMS 0x000000070be00000, 0x000000070be00000| Complete 
|  96|0x000000070c000000, 0x000000070c200000, 0x000000070c200000|100%| E|CS|TAMS 0x000000070c000000, 0x000000070c000000| Complete 
|  97|0x000000070c200000, 0x000000070c400000, 0x000000070c400000|100%| E|CS|TAMS 0x000000070c200000, 0x000000070c200000| Complete 
|  98|0x000000070c400000, 0x000000070c600000, 0x000000070c600000|100%| E|CS|TAMS 0x000000070c400000, 0x000000070c400000| Complete 
|  99|0x000000070c600000, 0x000000070c800000, 0x000000070c800000|100%| E|CS|TAMS 0x000000070c600000, 0x000000070c600000| Complete 
| 100|0x000000070c800000, 0x000000070ca00000, 0x000000070ca00000|100%| E|CS|TAMS 0x000000070c800000, 0x000000070c800000| Complete 
| 101|0x000000070ca00000, 0x000000070cc00000, 0x000000070cc00000|100%| E|CS|TAMS 0x000000070ca00000, 0x000000070ca00000| Complete 
| 102|0x000000070cc00000, 0x000000070ce00000, 0x000000070ce00000|100%| E|CS|TAMS 0x000000070cc00000, 0x000000070cc00000| Complete 
| 103|0x000000070ce00000, 0x000000070d000000, 0x000000070d000000|100%| E|CS|TAMS 0x000000070ce00000, 0x000000070ce00000| Complete 
| 104|0x000000070d000000, 0x000000070d200000, 0x000000070d200000|100%| E|CS|TAMS 0x000000070d000000, 0x000000070d000000| Complete 
| 105|0x000000070d200000, 0x000000070d400000, 0x000000070d400000|100%| E|CS|TAMS 0x000000070d200000, 0x000000070d200000| Complete 
| 106|0x000000070d400000, 0x000000070d600000, 0x000000070d600000|100%| E|CS|TAMS 0x000000070d400000, 0x000000070d400000| Complete 
| 107|0x000000070d600000, 0x000000070d800000, 0x000000070d800000|100%| E|CS|TAMS 0x000000070d600000, 0x000000070d600000| Complete 
| 108|0x000000070d800000, 0x000000070da00000, 0x000000070da00000|100%| E|CS|TAMS 0x000000070d800000, 0x000000070d800000| Complete 
| 109|0x000000070da00000, 0x000000070dc00000, 0x000000070dc00000|100%| E|CS|TAMS 0x000000070da00000, 0x000000070da00000| Complete 
| 110|0x000000070dc00000, 0x000000070de00000, 0x000000070de00000|100%| E|CS|TAMS 0x000000070dc00000, 0x000000070dc00000| Complete 
| 111|0x000000070de00000, 0x000000070dfbe298, 0x000000070e000000| 87%| S|CS|TAMS 0x000000070de00000, 0x000000070de00000| Complete 
| 112|0x000000070e000000, 0x000000070e200000, 0x000000070e200000|100%| E|CS|TAMS 0x000000070e000000, 0x000000070e000000| Complete 
| 125|0x000000070fa00000, 0x000000070fc00000, 0x000000070fc00000|100%| E|CS|TAMS 0x000000070fa00000, 0x000000070fa00000| Complete 

Card table byte_map: [0x000002a45b570000,0x000002a45bd70000] _byte_map_base: 0x000002a457d70000

Marking Bits (Prev, Next): (CMBitMap*) 0x000002a4485fee30, (CMBitMap*) 0x000002a4485fee70
 Prev Bits: [0x000002a45c570000, 0x000002a460570000)
 Next Bits: [0x000002a460570000, 0x000002a464570000)

Polling page: 0x000002a4463f0000

Metaspace:

Usage:
  Non-class:     90.49 MB used.
      Class:     14.36 MB used.
       Both:    104.85 MB used.

Virtual space:
  Non-class space:       96.00 MB reserved,      90.94 MB ( 95%) committed,  12 nodes.
      Class space:        1.00 GB reserved,      14.75 MB (  1%) committed,  1 nodes.
             Both:        1.09 GB reserved,     105.69 MB (  9%) committed. 

Chunk freelists:
   Non-Class:  512.00 KB
       Class:  1.27 MB
        Both:  1.77 MB

MaxMetaspaceSize: unlimited
CompressedClassSpaceSize: 1.00 GB
Initial GC threshold: 21.00 MB
Current GC threshold: 165.62 MB
CDS: off
MetaspaceReclaimPolicy: balanced
 - commit_granule_bytes: 65536.
 - commit_granule_words: 8192.
 - virtual_space_node_default_size: 1048576.
 - enlarge_chunks_in_place: 1.
 - new_chunks_are_fully_committed: 0.
 - uncommit_free_chunks: 1.
 - use_allocation_guard: 0.
 - handle_deallocations: 1.


Internal statistics:

num_allocs_failed_limit: 9.
num_arena_births: 1058.
num_arena_deaths: 0.
num_vsnodes_births: 13.
num_vsnodes_deaths: 0.
num_space_committed: 1691.
num_space_uncommitted: 0.
num_chunks_returned_to_freelist: 9.
num_chunks_taken_from_freelist: 5063.
num_chunk_merges: 3.
num_chunk_splits: 3358.
num_chunks_enlarged: 2282.
num_purges: 0.
num_inconsistent_stats: 0.

CodeHeap 'non-profiled nmethods': size=120000Kb used=5289Kb max_used=5289Kb free=114710Kb
 bounds [0x000002a453510000, 0x000002a453a40000, 0x000002a45aa40000]
CodeHeap 'profiled nmethods': size=120000Kb used=21262Kb max_used=21262Kb free=98737Kb
 bounds [0x000002a44ba40000, 0x000002a44cf10000, 0x000002a452f70000]
CodeHeap 'non-nmethods': size=5760Kb used=2446Kb max_used=2503Kb free=3313Kb
 bounds [0x000002a452f70000, 0x000002a4531f0000, 0x000002a453510000]
 total_blobs=12217 nmethods=11242 adapters=885
 compilation: enabled
              stopped_count=0, restarted_count=0
 full_count=0

Compilation events (20 events):
Event: 67.579 Thread 0x000002a4678c66a0 12262       2       org.gradle.internal.build.BuildOperationFiringBuildWorkPreparer$$Lambda$942/0x00000008008ae528::apply (16 bytes)
Event: 67.579 Thread 0x000002a4678c66a0 nmethod 12262 0x000002a44cedc490 code [0x000002a44cedc620, 0x000002a44cedc788]
Event: 67.579 Thread 0x000002a4678c66a0 12263       2       org.gradle.internal.build.BuildOperationFiringBuildWorkPreparer::lambda$traverseNonTasks$2 (39 bytes)
Event: 67.580 Thread 0x000002a4678c66a0 nmethod 12263 0x000002a44cedc890 code [0x000002a44cedca80, 0x000002a44cedcf98]
Event: 67.580 Thread 0x000002a4678c66a0 12264       2       com.google.common.collect.Iterables$10::apply (9 bytes)
Event: 67.580 Thread 0x000002a4678c66a0 nmethod 12264 0x000002a44cedd190 code [0x000002a44cedd340, 0x000002a44cedd4c8]
Event: 67.580 Thread 0x000002a4678c66a0 12265       2       org.gradle.internal.build.BuildOperationFiringBuildWorkPreparer::toIdentity (17 bytes)
Event: 67.581 Thread 0x000002a4678c66a0 nmethod 12265 0x000002a44cedd590 code [0x000002a44cedd720, 0x000002a44cedd918]
Event: 67.581 Thread 0x000002a4678c66a0 12266       2       org.gradle.internal.build.BuildOperationFiringBuildWorkPreparer$$Lambda$943/0x00000008008ae7b0::accept (12 bytes)
Event: 67.581 Thread 0x000002a4678c66a0 nmethod 12266 0x000002a44cedda90 code [0x000002a44ceddc40, 0x000002a44ceddec8]
Event: 67.581 Thread 0x000002a4678c66a0 12267       1       org.gradle.execution.plan.NodeGroup::asFinalizer (2 bytes)
Event: 67.581 Thread 0x000002a4678c66a0 nmethod 12267 0x000002a453a37f10 code [0x000002a453a380a0, 0x000002a453a38178]
Event: 67.581 Thread 0x000002a4678c66a0 12270       2       org.gradle.execution.plan.Node::isComplete (43 bytes)
Event: 67.582 Thread 0x000002a4678c66a0 nmethod 12270 0x000002a44cede090 code [0x000002a44cede220, 0x000002a44cede398]
Event: 67.582 Thread 0x000002a4678c66a0 12269       1       org.gradle.execution.plan.Node::setIndex (6 bytes)
Event: 67.582 Thread 0x000002a4678c66a0 nmethod 12269 0x000002a453a38210 code [0x000002a453a383a0, 0x000002a453a38478]
Event: 67.582 Thread 0x000002a4678c66a0 12268       1       org.gradle.execution.plan.Node::getIndex (5 bytes)
Event: 67.582 Thread 0x000002a4678c66a0 nmethod 12268 0x000002a453a38510 code [0x000002a453a386a0, 0x000002a453a38778]
Event: 67.582 Thread 0x000002a4678c66a0 12271       1       org.gradle.execution.plan.Node::isPriority (2 bytes)
Event: 67.582 Thread 0x000002a4678c66a0 nmethod 12271 0x000002a453a38810 code [0x000002a453a389a0, 0x000002a453a38a78]

GC Heap History (20 events):
Event: 46.584 GC heap before
{Heap before GC invocations=32 (full 0):
 garbage-first heap   total 153600K, used 108070K [0x0000000700000000, 0x0000000800000000)
  region size 2048K, 19 young (38912K), 3 survivors (6144K)
 Metaspace       used 88094K, committed 88832K, reserved 1130496K
  class space    used 11854K, committed 12160K, reserved 1048576K
}
Event: 46.588 GC heap after
{Heap after GC invocations=33 (full 0):
 garbage-first heap   total 153600K, used 77563K [0x0000000700000000, 0x0000000800000000)
  region size 2048K, 2 young (4096K), 2 survivors (4096K)
 Metaspace       used 88094K, committed 88832K, reserved 1130496K
  class space    used 11854K, committed 12160K, reserved 1048576K
}
Event: 47.765 GC heap before
{Heap before GC invocations=33 (full 0):
 garbage-first heap   total 153600K, used 124667K [0x0000000700000000, 0x0000000800000000)
  region size 2048K, 25 young (51200K), 2 survivors (4096K)
 Metaspace       used 92662K, committed 93376K, reserved 1130496K
  class space    used 12668K, committed 12992K, reserved 1048576K
}
Event: 47.773 GC heap after
{Heap after GC invocations=34 (full 0):
 garbage-first heap   total 153600K, used 80469K [0x0000000700000000, 0x0000000800000000)
  region size 2048K, 4 young (8192K), 4 survivors (8192K)
 Metaspace       used 92662K, committed 93376K, reserved 1130496K
  class space    used 12668K, committed 12992K, reserved 1048576K
}
Event: 48.560 GC heap before
{Heap before GC invocations=35 (full 0):
 garbage-first heap   total 153600K, used 123477K [0x0000000700000000, 0x0000000800000000)
  region size 2048K, 25 young (51200K), 4 survivors (8192K)
 Metaspace       used 95163K, committed 95936K, reserved 1138688K
  class space    used 13028K, committed 13376K, reserved 1048576K
}
Event: 48.569 GC heap after
{Heap after GC invocations=36 (full 0):
 garbage-first heap   total 153600K, used 84901K [0x0000000700000000, 0x0000000800000000)
  region size 2048K, 4 young (8192K), 4 survivors (8192K)
 Metaspace       used 95163K, committed 95936K, reserved 1138688K
  class space    used 13028K, committed 13376K, reserved 1048576K
}
Event: 49.363 GC heap before
{Heap before GC invocations=36 (full 0):
 garbage-first heap   total 153600K, used 121765K [0x0000000700000000, 0x0000000800000000)
  region size 2048K, 23 young (47104K), 4 survivors (8192K)
 Metaspace       used 96488K, committed 97280K, reserved 1138688K
  class space    used 13205K, committed 13568K, reserved 1048576K
}
Event: 49.371 GC heap after
{Heap after GC invocations=37 (full 0):
 garbage-first heap   total 153600K, used 89150K [0x0000000700000000, 0x0000000800000000)
  region size 2048K, 3 young (6144K), 3 survivors (6144K)
 Metaspace       used 96488K, committed 97280K, reserved 1138688K
  class space    used 13205K, committed 13568K, reserved 1048576K
}
Event: 56.343 GC heap before
{Heap before GC invocations=38 (full 0):
 garbage-first heap   total 161792K, used 121918K [0x0000000700000000, 0x0000000800000000)
  region size 2048K, 20 young (40960K), 3 survivors (6144K)
 Metaspace       used 97830K, committed 98624K, reserved 1138688K
  class space    used 13436K, committed 13824K, reserved 1048576K
}
Event: 56.350 GC heap after
{Heap after GC invocations=39 (full 0):
 garbage-first heap   total 161792K, used 99608K [0x0000000700000000, 0x0000000800000000)
  region size 2048K, 3 young (6144K), 3 survivors (6144K)
 Metaspace       used 97830K, committed 98624K, reserved 1138688K
  class space    used 13436K, committed 13824K, reserved 1048576K
}
Event: 62.757 GC heap before
{Heap before GC invocations=39 (full 0):
 garbage-first heap   total 161792K, used 126232K [0x0000000700000000, 0x0000000800000000)
  region size 2048K, 17 young (34816K), 3 survivors (6144K)
 Metaspace       used 98051K, committed 98816K, reserved 1138688K
  class space    used 13458K, committed 13824K, reserved 1048576K
}
Event: 62.763 GC heap after
{Heap after GC invocations=40 (full 0):
 garbage-first heap   total 161792K, used 108352K [0x0000000700000000, 0x0000000800000000)
  region size 2048K, 3 young (6144K), 3 survivors (6144K)
 Metaspace       used 98051K, committed 98816K, reserved 1138688K
  class space    used 13458K, committed 13824K, reserved 1048576K
}
Event: 63.258 GC heap before
{Heap before GC invocations=41 (full 0):
 garbage-first heap   total 194560K, used 122688K [0x0000000700000000, 0x0000000800000000)
  region size 2048K, 11 young (22528K), 3 survivors (6144K)
 Metaspace       used 98238K, committed 99136K, reserved 1138688K
  class space    used 13480K, committed 13888K, reserved 1048576K
}
Event: 63.262 GC heap after
{Heap after GC invocations=42 (full 0):
 garbage-first heap   total 194560K, used 113510K [0x0000000700000000, 0x0000000800000000)
  region size 2048K, 2 young (4096K), 2 survivors (4096K)
 Metaspace       used 98238K, committed 99136K, reserved 1138688K
  class space    used 13480K, committed 13888K, reserved 1048576K
}
Event: 65.758 GC heap before
{Heap before GC invocations=42 (full 0):
 garbage-first heap   total 194560K, used 146278K [0x0000000700000000, 0x0000000800000000)
  region size 2048K, 19 young (38912K), 2 survivors (4096K)
 Metaspace       used 100146K, committed 100928K, reserved 1138688K
  class space    used 13767K, committed 14144K, reserved 1048576K
}
Event: 65.764 GC heap after
{Heap after GC invocations=43 (full 0):
 garbage-first heap   total 233472K, used 119558K [0x0000000700000000, 0x0000000800000000)
  region size 2048K, 3 young (6144K), 3 survivors (6144K)
 Metaspace       used 100146K, committed 100928K, reserved 1138688K
  class space    used 13767K, committed 14144K, reserved 1048576K
}
Event: 67.013 GC heap before
{Heap before GC invocations=44 (full 0):
 garbage-first heap   total 233472K, used 170758K [0x0000000700000000, 0x0000000800000000)
  region size 2048K, 28 young (57344K), 3 survivors (6144K)
 Metaspace       used 105461K, committed 106368K, reserved 1146880K
  class space    used 14489K, committed 14912K, reserved 1048576K
}
Event: 67.020 GC heap after
{Heap after GC invocations=45 (full 0):
 garbage-first heap   total 233472K, used 124958K [0x0000000700000000, 0x0000000800000000)
  region size 2048K, 3 young (6144K), 3 survivors (6144K)
 Metaspace       used 105461K, committed 106368K, reserved 1146880K
  class space    used 14489K, committed 14912K, reserved 1048576K
}
Event: 67.069 GC heap before
{Heap before GC invocations=45 (full 0):
 garbage-first heap   total 233472K, used 129054K [0x0000000700000000, 0x0000000800000000)
  region size 2048K, 5 young (10240K), 3 survivors (6144K)
 Metaspace       used 105518K, committed 106432K, reserved 1146880K
  class space    used 14491K, committed 14912K, reserved 1048576K
}
Event: 67.075 GC heap after
{Heap after GC invocations=46 (full 0):
 garbage-first heap   total 233472K, used 126451K [0x0000000700000000, 0x0000000800000000)
  region size 2048K, 1 young (2048K), 1 survivors (2048K)
 Metaspace       used 105518K, committed 106432K, reserved 1146880K
  class space    used 14491K, committed 14912K, reserved 1048576K
}

Dll operation events (2 events):
Event: 0.028 Loaded shared library C:\Program Files\Android\Android Studio\jbr\bin\java.dll
Event: 1.978 Loaded shared library C:\Program Files\Android\Android Studio\jbr\bin\verify.dll

Deoptimization events (20 events):
Event: 66.661 Thread 0x000002a468eb1ce0 DEOPT PACKING pc=0x000002a44cd60c45 sp=0x000000c6189f7480
Event: 66.661 Thread 0x000002a468eb1ce0 DEOPT UNPACKING pc=0x000002a452fcace3 sp=0x000000c6189f6a20 mode 0
Event: 66.811 Thread 0x000002a468eb1ce0 Uncommon trap: trap_request=0xffffff45 fr.pc=0x000002a4538ec934 relative=0x00000000000002d4
Event: 66.811 Thread 0x000002a468eb1ce0 Uncommon trap: reason=unstable_if action=reinterpret pc=0x000002a4538ec934 method=java.lang.Class.getTypeName()Ljava/lang/String; @ 23 c2
Event: 66.811 Thread 0x000002a468eb1ce0 DEOPT PACKING pc=0x000002a4538ec934 sp=0x000000c6189f6b60
Event: 66.811 Thread 0x000002a468eb1ce0 DEOPT UNPACKING pc=0x000002a452fca1a3 sp=0x000000c6189f6b38 mode 2
Event: 66.822 Thread 0x000002a468eb1ce0 DEOPT PACKING pc=0x000002a44cd60b4e sp=0x000000c6189f70f0
Event: 66.822 Thread 0x000002a468eb1ce0 DEOPT UNPACKING pc=0x000002a452fcace3 sp=0x000000c6189f6690 mode 0
Event: 66.857 Thread 0x000002a468eb1ce0 DEOPT PACKING pc=0x000002a44cd60b4e sp=0x000000c6189f7a50
Event: 66.857 Thread 0x000002a468eb1ce0 DEOPT UNPACKING pc=0x000002a452fcace3 sp=0x000000c6189f6ff0 mode 0
Event: 66.873 Thread 0x000002a468eb1ce0 DEOPT PACKING pc=0x000002a44ca155dc sp=0x000000c6189f82e0
Event: 66.873 Thread 0x000002a468eb1ce0 DEOPT UNPACKING pc=0x000002a452fcace3 sp=0x000000c6189f7800 mode 0
Event: 67.186 Thread 0x000002a468eb1ce0 DEOPT PACKING pc=0x000002a44ca155dc sp=0x000000c6189f8270
Event: 67.186 Thread 0x000002a468eb1ce0 DEOPT UNPACKING pc=0x000002a452fcace3 sp=0x000000c6189f7790 mode 0
Event: 67.201 Thread 0x000002a468eb1ce0 DEOPT PACKING pc=0x000002a44bca0642 sp=0x000000c6189f97f0
Event: 67.201 Thread 0x000002a468eb1ce0 DEOPT UNPACKING pc=0x000002a452fcace3 sp=0x000000c6189f8d00 mode 0
Event: 67.243 Thread 0x000002a468eb1ce0 DEOPT PACKING pc=0x000002a44ca155dc sp=0x000000c6189f9bf0
Event: 67.243 Thread 0x000002a468eb1ce0 DEOPT UNPACKING pc=0x000002a452fcace3 sp=0x000000c6189f9110 mode 0
Event: 67.458 Thread 0x000002a468eb1ce0 DEOPT PACKING pc=0x000002a44ca155dc sp=0x000000c6189f99c0
Event: 67.458 Thread 0x000002a468eb1ce0 DEOPT UNPACKING pc=0x000002a452fcace3 sp=0x000000c6189f8ee0 mode 0

Classes unloaded (0 events):
No events

Classes redefined (0 events):
No events

Internal exceptions (20 events):
Event: 65.106 Thread 0x000002a468eb1ce0 Exception <a 'java/lang/ClassNotFoundException'{0x000000070b8e2e98}: com/android/build/gradle/internal/dsl/BuildFeaturesImplCustomizer> (0x000000070b8e2e98) 
thrown [s\src\hotspot\share\classfile\systemDictionary.cpp, line 256]
Event: 65.107 Thread 0x000002a468eb1ce0 Exception <a 'java/lang/ClassNotFoundException'{0x000000070b8fd5d0}: com/android/build/gradle/internal/dsl/LibraryBuildFeaturesImplCustomizer> (0x000000070b8fd5d0) 
thrown [s\src\hotspot\share\classfile\systemDictionary.cpp, line 256]
Event: 65.108 Thread 0x000002a468eb1ce0 Exception <a 'java/lang/ClassNotFoundException'{0x000000070b915050}: com/android/build/gradle/internal/dsl/LibraryBuildFeaturesImpl_DecoratedCustomizer> (0x000000070b915050) 
thrown [s\src\hotspot\share\classfile\systemDictionary.cpp, line 256]
Event: 65.360 Thread 0x000002a468eb1ce0 Implicit null exception at 0x000002a45398a150 to 0x000002a45399180c
Event: 65.580 Thread 0x000002a468eb1ce0 Exception <a 'sun/nio/fs/WindowsException'{0x0000000709ce3080}> (0x0000000709ce3080) 
thrown [s\src\hotspot\share\prims\jni.cpp, line 517]
Event: 65.815 Thread 0x000002a468eb1ce0 Exception <a 'java/lang/NullPointerException'{0x000000070fbf6c90}> (0x000000070fbf6c90) 
thrown [s\src\hotspot\share\interpreter\linkResolver.cpp, line 1447]
Event: 66.181 Thread 0x000002a468eb1ce0 Exception <a 'java/lang/NoSuchMethodError'{0x000000070d4bb4b8}: 'int java.lang.invoke.DirectMethodHandle$Holder.invokeStatic(java.lang.Object, java.lang.Object, int, java.lang.Object)'> (0x000000070d4bb4b8) 
thrown [s\src\hotspot\share\interpreter\linkResolver.cpp, line 771]
Event: 66.268 Thread 0x000002a468eb1ce0 Exception <a 'sun/nio/fs/WindowsException'{0x000000070d5cc368}> (0x000000070d5cc368) 
thrown [s\src\hotspot\share\prims\jni.cpp, line 517]
Event: 66.270 Thread 0x000002a468eb1ce0 Exception <a 'sun/nio/fs/WindowsException'{0x000000070d5cd6f8}> (0x000000070d5cd6f8) 
thrown [s\src\hotspot\share\prims\jni.cpp, line 517]
Event: 66.270 Thread 0x000002a468eb1ce0 Exception <a 'sun/nio/fs/WindowsException'{0x000000070d5ceac0}> (0x000000070d5ceac0) 
thrown [s\src\hotspot\share\prims\jni.cpp, line 517]
Event: 66.270 Thread 0x000002a468eb1ce0 Exception <a 'sun/nio/fs/WindowsException'{0x000000070d5cfe88}> (0x000000070d5cfe88) 
thrown [s\src\hotspot\share\prims\jni.cpp, line 517]
Event: 66.919 Thread 0x000002a468eb1ce0 Exception <a 'java/lang/ClassNotFoundException'{0x000000070b40f920}: org/gradle/api/internal/file/collections/DefaultConfigurableFileCollectionBeanInfo> (0x000000070b40f920) 
thrown [s\src\hotspot\share\classfile\systemDictionary.cpp, line 256]
Event: 66.919 Thread 0x000002a468eb1ce0 Exception <a 'java/lang/ClassNotFoundException'{0x000000070b41a008}: org/gradle/api/internal/file/CompositeFileCollectionBeanInfo> (0x000000070b41a008) 
thrown [s\src\hotspot\share\classfile\systemDictionary.cpp, line 256]
Event: 66.919 Thread 0x000002a468eb1ce0 Exception <a 'java/lang/ClassNotFoundException'{0x000000070b4246b0}: org/gradle/api/internal/file/CompositeFileCollectionCustomizer> (0x000000070b4246b0) 
thrown [s\src\hotspot\share\classfile\systemDictionary.cpp, line 256]
Event: 66.920 Thread 0x000002a468eb1ce0 Exception <a 'java/lang/ClassNotFoundException'{0x000000070b437928}: org/gradle/api/internal/file/collections/DefaultConfigurableFileCollectionCustomizer> (0x000000070b437928) 
thrown [s\src\hotspot\share\classfile\systemDictionary.cpp, line 256]
Event: 66.926 Thread 0x000002a468eb1ce0 Exception <a 'java/lang/ClassNotFoundException'{0x000000070b4c4008}: org/gradle/api/internal/file/UnionFileCollectionBeanInfo> (0x000000070b4c4008) 
thrown [s\src\hotspot\share\classfile\systemDictionary.cpp, line 256]
Event: 66.926 Thread 0x000002a468eb1ce0 Exception <a 'java/lang/ClassNotFoundException'{0x000000070b4cd3f8}: org/gradle/api/internal/file/UnionFileCollectionCustomizer> (0x000000070b4cd3f8) 
thrown [s\src\hotspot\share\classfile\systemDictionary.cpp, line 256]
Event: 66.961 Thread 0x000002a468eb1ce0 Exception <a 'java/lang/ClassNotFoundException'{0x000000070b59ad78}: java/util/regex/MatcherBeanInfo> (0x000000070b59ad78) 
thrown [s\src\hotspot\share\classfile\systemDictionary.cpp, line 256]
Event: 66.962 Thread 0x000002a468eb1ce0 Exception <a 'java/lang/ClassNotFoundException'{0x000000070b5a0858}: java/util/regex/MatcherCustomizer> (0x000000070b5a0858) 
thrown [s\src\hotspot\share\classfile\systemDictionary.cpp, line 256]
Event: 67.053 Thread 0x000002a468eb1ce0 Exception <a 'java/lang/IncompatibleClassChangeError'{0x000000070e07a888}: Found class java.lang.Object, but interface was expected> (0x000000070e07a888) 
thrown [s\src\hotspot\share\interpreter\linkResolver.cpp, line 838]

VM Operations (20 events):
Event: 66.269 Executing VM operation: HandshakeAllThreads
Event: 66.270 Executing VM operation: HandshakeAllThreads done
Event: 66.294 Executing VM operation: HandshakeAllThreads
Event: 66.294 Executing VM operation: HandshakeAllThreads done
Event: 66.793 Executing VM operation: HandshakeAllThreads
Event: 66.794 Executing VM operation: HandshakeAllThreads done
Event: 66.870 Executing VM operation: ICBufferFull
Event: 66.871 Executing VM operation: ICBufferFull done
Event: 67.012 Executing VM operation: G1CollectForAllocation
Event: 67.020 Executing VM operation: G1CollectForAllocation done
Event: 67.069 Executing VM operation: G1CollectForAllocation
Event: 67.075 Executing VM operation: G1CollectForAllocation done
Event: 67.257 Executing VM operation: HandshakeAllThreads
Event: 67.257 Executing VM operation: HandshakeAllThreads done
Event: 67.409 Executing VM operation: HandshakeAllThreads
Event: 67.409 Executing VM operation: HandshakeAllThreads done
Event: 67.522 Executing VM operation: ICBufferFull
Event: 67.522 Executing VM operation: ICBufferFull done
Event: 67.561 Executing VM operation: HandshakeAllThreads
Event: 67.561 Executing VM operation: HandshakeAllThreads done

Events (20 events):
Event: 66.271 loading class java/util/EnumMap$EntryIterator
Event: 66.271 loading class java/util/EnumMap$EnumMapIterator
Event: 66.271 loading class java/util/EnumMap$EnumMapIterator done
Event: 66.271 loading class java/util/EnumMap$EntryIterator done
Event: 66.271 loading class java/util/EnumMap$EntryIterator$Entry
Event: 66.271 loading class java/util/EnumMap$EntryIterator$Entry done
Event: 66.777 loading class javax/management/InstanceAlreadyExistsException
Event: 66.777 loading class javax/management/InstanceAlreadyExistsException done
Event: 66.777 loading class javax/management/MBeanRegistrationException
Event: 66.777 loading class javax/management/MBeanRegistrationException done
Event: 66.777 loading class javax/management/NotCompliantMBeanException
Event: 66.777 loading class javax/management/NotCompliantMBeanException done
Event: 66.961 loading class java/util/regex/MatcherBeanInfo
Event: 66.961 loading class java/util/regex/MatcherBeanInfo done
Event: 66.961 loading class java/util/regex/MatcherBeanInfo
Event: 66.961 loading class java/util/regex/MatcherBeanInfo done
Event: 66.962 loading class java/util/regex/MatcherCustomizer
Event: 66.962 loading class java/util/regex/MatcherCustomizer done
Event: 66.962 loading class java/util/regex/MatcherCustomizer
Event: 66.962 loading class java/util/regex/MatcherCustomizer done


Dynamic libraries:
0x00007ff7d7d90000 - 0x00007ff7d7d9a000 	C:\Program Files\Android\Android Studio\jbr\bin\java.exe
0x00007ff804b90000 - 0x00007ff804da7000 	C:\WINDOWS\SYSTEM32\ntdll.dll
0x00007fffcbd30000 - 0x00007fffcbd4a000 	D:\Installed_2024_new\Avast\Avast\aswhook.dll
0x00007ff803160000 - 0x00007ff803224000 	C:\WINDOWS\System32\KERNEL32.DLL
0x00007ff801fd0000 - 0x00007ff80237d000 	C:\WINDOWS\System32\KERNELBASE.dll
0x00007ff801eb0000 - 0x00007ff801fc1000 	C:\WINDOWS\System32\ucrtbase.dll
0x00007fff185b0000 - 0x00007fff185c7000 	C:\Program Files\Android\Android Studio\jbr\bin\jli.dll
0x00007fff18590000 - 0x00007fff185ab000 	C:\Program Files\Android\Android Studio\jbr\bin\VCRUNTIME140.dll
0x00007ff804310000 - 0x00007ff8044be000 	C:\WINDOWS\System32\USER32.dll
0x00007ff8025e0000 - 0x00007ff802606000 	C:\WINDOWS\System32\win32u.dll
0x00007ff8034d0000 - 0x00007ff8034f9000 	C:\WINDOWS\System32\GDI32.dll
0x00007ff802610000 - 0x00007ff802729000 	C:\WINDOWS\System32\gdi32full.dll
0x00007ff802760000 - 0x00007ff8027fa000 	C:\WINDOWS\System32\msvcp_win.dll
0x00007fffdce90000 - 0x00007fffdd123000 	C:\WINDOWS\WinSxS\amd64_microsoft.windows.common-controls_6595b64144ccf1df_6.0.22621.3672_none_2713b9d173822955\COMCTL32.dll
0x00007ff802b70000 - 0x00007ff802c17000 	C:\WINDOWS\System32\msvcrt.dll
0x00007ff803520000 - 0x00007ff803551000 	C:\WINDOWS\System32\IMM32.DLL
0x00007fff8cac0000 - 0x00007fff8cacc000 	C:\Program Files\Android\Android Studio\jbr\bin\vcruntime140_1.dll
0x00007ffefbbf0000 - 0x00007ffefbc7d000 	C:\Program Files\Android\Android Studio\jbr\bin\msvcp140.dll
0x00007ffef5970000 - 0x00007ffef65de000 	C:\Program Files\Android\Android Studio\jbr\bin\server\jvm.dll
0x00007ff803310000 - 0x00007ff8033c2000 	C:\WINDOWS\System32\ADVAPI32.dll
0x00007ff8048b0000 - 0x00007ff804959000 	C:\WINDOWS\System32\sechost.dll
0x00007ff802730000 - 0x00007ff802758000 	C:\WINDOWS\System32\bcrypt.dll
0x00007ff8041f0000 - 0x00007ff804304000 	C:\WINDOWS\System32\RPCRT4.dll
0x00007fffe89b0000 - 0x00007fffe89b9000 	C:\WINDOWS\SYSTEM32\WSOCK32.dll
0x00007ffffabf0000 - 0x00007ffffabfa000 	C:\WINDOWS\SYSTEM32\VERSION.dll
0x00007ff804970000 - 0x00007ff8049e1000 	C:\WINDOWS\System32\WS2_32.dll
0x00007ffffd0d0000 - 0x00007ffffd104000 	C:\WINDOWS\SYSTEM32\WINMM.dll
0x00007ff800ea0000 - 0x00007ff800eb8000 	C:\WINDOWS\SYSTEM32\kernel.appcore.dll
0x00007fff8b450000 - 0x00007fff8b45a000 	C:\Program Files\Android\Android Studio\jbr\bin\jimage.dll
0x00007fffff4b0000 - 0x00007fffff6e2000 	C:\WINDOWS\SYSTEM32\DBGHELP.DLL
0x00007ff804520000 - 0x00007ff8048ad000 	C:\WINDOWS\System32\combase.dll
0x00007ff803230000 - 0x00007ff803307000 	C:\WINDOWS\System32\OLEAUT32.dll
0x00007ffff9180000 - 0x00007ffff91b2000 	C:\WINDOWS\SYSTEM32\dbgcore.DLL
0x00007ff802380000 - 0x00007ff8023fb000 	C:\WINDOWS\System32\bcryptPrimitives.dll
0x00007fff184c0000 - 0x00007fff184e5000 	C:\Program Files\Android\Android Studio\jbr\bin\java.dll
0x00007ffefc860000 - 0x00007ffefc878000 	C:\Program Files\Android\Android Studio\jbr\bin\zip.dll
0x00007ff803560000 - 0x00007ff803dc8000 	C:\WINDOWS\System32\SHELL32.dll
0x00007fffff6f0000 - 0x00007ffffffee000 	C:\WINDOWS\SYSTEM32\windows.storage.dll
0x00007ff800570000 - 0x00007ff8006af000 	C:\WINDOWS\SYSTEM32\wintypes.dll
0x00007ff804a50000 - 0x00007ff804b49000 	C:\WINDOWS\System32\SHCORE.dll
0x00007ff8044c0000 - 0x00007ff80451e000 	C:\WINDOWS\System32\shlwapi.dll
0x00007ff801de0000 - 0x00007ff801e01000 	C:\WINDOWS\SYSTEM32\profapi.dll
0x00007ffefc840000 - 0x00007ffefc859000 	C:\Program Files\Android\Android Studio\jbr\bin\net.dll
0x00007ffffe310000 - 0x00007ffffe446000 	C:\WINDOWS\SYSTEM32\WINHTTP.dll
0x00007ff801370000 - 0x00007ff8013d9000 	C:\WINDOWS\system32\mswsock.dll
0x00007ffefbb70000 - 0x00007ffefbb86000 	C:\Program Files\Android\Android Studio\jbr\bin\nio.dll
0x00007fff8ac40000 - 0x00007fff8ac50000 	C:\Program Files\Android\Android Studio\jbr\bin\verify.dll
0x00007ffef5440000 - 0x00007ffef5467000 	C:\Users\nemal\.gradle\native\c067742578af261105cb4f569cf0c3c89f3d7b1fecec35dd04571415982c5e48\windows-amd64\native-platform.dll
0x00007fffb41c0000 - 0x00007fffb4304000 	C:\Users\nemal\.gradle\native\38dada09dfb8b06ba9b0570ebf7e218e3eb74d4ef43ca46872605cf95ebc2f47\windows-amd64\native-platform-file-events.dll
0x00007fff54bd0000 - 0x00007fff54bd9000 	C:\Program Files\Android\Android Studio\jbr\bin\management.dll
0x00007fff52ee0000 - 0x00007fff52eeb000 	C:\Program Files\Android\Android Studio\jbr\bin\management_ext.dll
0x00007ff804960000 - 0x00007ff804968000 	C:\WINDOWS\System32\PSAPI.DLL
0x00007ff801690000 - 0x00007ff8016ab000 	C:\WINDOWS\SYSTEM32\CRYPTSP.dll
0x00007ff800e00000 - 0x00007ff800e35000 	C:\WINDOWS\system32\rsaenh.dll
0x00007ff801420000 - 0x00007ff801448000 	C:\WINDOWS\SYSTEM32\USERENV.dll
0x00007ff8015b0000 - 0x00007ff8015bc000 	C:\WINDOWS\SYSTEM32\CRYPTBASE.dll
0x00007ff800910000 - 0x00007ff80093d000 	C:\WINDOWS\SYSTEM32\IPHLPAPI.DLL
0x00007ff803e30000 - 0x00007ff803e39000 	C:\WINDOWS\System32\NSI.dll
0x00007ffffe240000 - 0x00007ffffe259000 	C:\WINDOWS\SYSTEM32\dhcpcsvc6.DLL
0x00007ffffe220000 - 0x00007ffffe23f000 	C:\WINDOWS\SYSTEM32\dhcpcsvc.DLL
0x00007ff800980000 - 0x00007ff800a78000 	C:\WINDOWS\SYSTEM32\DNSAPI.dll
0x00007fffcbc30000 - 0x00007fffcbc38000 	C:\WINDOWS\system32\wshunix.dll
0x00007fffda270000 - 0x00007fffda28b000 	C:\WINDOWS\system32\PrxerNsp.dll
0x00007ffffc430000 - 0x00007ffffc43a000 	C:\Windows\System32\rasadhlp.dll

dbghelp: loaded successfully - version: 4.0.5 - missing functions: none
symbol engine: initialized successfully - sym options: 0x614 - pdb path: .;C:\Program Files\Android\Android Studio\jbr\bin;C:\WINDOWS\SYSTEM32;D:\Installed_2024_new\Avast\Avast;C:\WINDOWS\WinSxS\amd64_microsoft.windows.common-controls_6595b64144ccf1df_6.0.22621.3672_none_2713b9d173822955;C:\Program Files\Android\Android Studio\jbr\bin\server;C:\Users\nemal\.gradle\native\c067742578af261105cb4f569cf0c3c89f3d7b1fecec35dd04571415982c5e48\windows-amd64;C:\Users\nemal\.gradle\native\38dada09dfb8b06ba9b0570ebf7e218e3eb74d4ef43ca46872605cf95ebc2f47\windows-amd64

VM Arguments:
jvm_args: -XX:+HeapDumpOnOutOfMemoryError --add-opens=java.base/java.util=ALL-UNNAMED --add-opens=java.base/java.lang=ALL-UNNAMED --add-opens=java.base/java.lang.invoke=ALL-UNNAMED --add-opens=java.prefs/java.util.prefs=ALL-UNNAMED --add-opens=java.base/java.nio.charset=ALL-UNNAMED --add-opens=java.base/java.net=ALL-UNNAMED --add-opens=java.base/java.util.concurrent.atomic=ALL-UNNAMED -Xmx4G -Dfile.encoding=windows-1252 -Duser.country=US -Duser.language=en -Duser.variant 
java_command: org.gradle.launcher.daemon.bootstrap.GradleDaemon 7.6.3
java_class_path (initial): C:\Users\nemal\.gradle\wrapper\dists\gradle-7.6.3-all\aocdy2d2z8kodnny3rsumj8i8\gradle-7.6.3\lib\gradle-launcher-7.6.3.jar
Launcher Type: SUN_STANDARD

[Global flags]
     intx CICompilerCount                          = 4                                         {product} {ergonomic}
     uint ConcGCThreads                            = 2                                         {product} {ergonomic}
     uint G1ConcRefinementThreads                  = 8                                         {product} {ergonomic}
   size_t G1HeapRegionSize                         = 2097152                                   {product} {ergonomic}
    uintx GCDrainStackTargetSize                   = 64                                        {product} {ergonomic}
     bool HeapDumpOnOutOfMemoryError               = true                                   {manageable} {command line}
   size_t InitialHeapSize                          = 264241152                                 {product} {ergonomic}
   size_t MarkStackSize                            = 4194304                                   {product} {ergonomic}
   size_t MaxHeapSize                              = 4294967296                                {product} {command line}
   size_t MaxNewSize                               = 2575302656                                {product} {ergonomic}
   size_t MinHeapDeltaBytes                        = 2097152                                   {product} {ergonomic}
   size_t MinHeapSize                              = 8388608                                   {product} {ergonomic}
    uintx NonNMethodCodeHeapSize                   = 5839372                                {pd product} {ergonomic}
    uintx NonProfiledCodeHeapSize                  = 122909434                              {pd product} {ergonomic}
    uintx ProfiledCodeHeapSize                     = 122909434                              {pd product} {ergonomic}
    uintx ReservedCodeCacheSize                    = 251658240                              {pd product} {ergonomic}
     bool SegmentedCodeCache                       = true                                      {product} {ergonomic}
   size_t SoftMaxHeapSize                          = 4294967296                             {manageable} {ergonomic}
     bool UseCompressedClassPointers               = true                           {product lp64_product} {ergonomic}
     bool UseCompressedOops                        = true                           {product lp64_product} {ergonomic}
     bool UseG1GC                                  = true                                      {product} {ergonomic}
     bool UseLargePagesIndividualAllocation        = false                                  {pd product} {ergonomic}

Logging:
Log output configuration:
 #0: stdout all=warning uptime,level,tags
 #1: stderr all=off uptime,level,tags

Environment Variables:
JAVA_HOME=C:\Program Files\Android\Android Studio\jbr
CLASSPATH=E:\5_semester\Mobile_App\Pet_Shop\pet_shop\android\\gradle\wrapper\gradle-wrapper.jar
PATH=C:\Program Files\Android\Android Studio\jbr\bin;E:\NVIDIA\NVIDIA GPU Computing Toolkit\CUDA\v12.5\bin;E:\NVIDIA\NVIDIA GPU Computing Toolkit\CUDA\v12.5\libnvvp;C:\Program Files\Common Files\Oracle\Java\javapath;"C:\MinGW\mingw32\bin;C:\Program Files\Common Files\Oracle\Java\javapath";C:\Program Files\Microsoft\jdk-11.0.16.101-hotspot\bin;C:\Windows\system32;C:\Windows;C:\Windows\System32\Wbem;C:\Windows\System32\WindowsPowerShell\v1.0\;C:\Windows\System32\OpenSSH\;C:\Program Files (x86)\NVIDIA Corporation\PhysX\Common;C:\WINDOWS\system32;C:\WINDOWS;C:\WINDOWS\System32\Wbem;C:\WINDOWS\System32\WindowsPowerShell\v1.0\;C:\WINDOWS\System32\OpenSSH\;C:\Program Files\NVIDIA Corporation\NVIDIA NvDLISR;C:\Program Files\Java\jdk-20\bin;C:\Program Files\Microsoft SQL Server\Client SDK\ODBC\170\Tools\Binn\;C:\Users\nemal\AppData\Local\bin\NASM;D:\MatLB\MatLab_install\runtime\win64;D:\MatLB\MatLab_install\bin;C:\Program Files\Azure Data Studio\bin;C:\Program Files\nodejs\;C:\Program Files\Git\cmd;C:\Program Files\apache-maven-3.9.6\apache-maven\src\bin;C:\Program Files\dotnet\;E:\xampp\php;C:\ProgramData\ComposerSetup\bin;C:\Program Files (x86)\Microsoft SQL Server\160\DTS\Binn\;C:\Program Files (x86)\Microsoft SQL Server\160\Tools\Binn\;C:\Program Files\Microsoft SQL Server\160\Tools\Binn\;C:\Program Files\Microsoft SQL Server\160\DTS\Binn\;C:\Program Files\Microsoft SQL Server\150\Tools\Binn\;C:\Users\nemal\AppData\Local\Packages\PythonSoftwareFoundation.Python.3.12_qbz5n2kfra8p0\LocalCache\local-packages\Python312\Scripts;D:\2024software\Anaconda\envs\tenserflow_env\Library\bin;D:\2024software\Anaconda\envs\base\Library\bin;E:\NVIDIA\cudnn-windows-x86_64-9.2.0.82_cuda12-archive\include;E:\NVIDIA\cudnn-windows-x86_64-9.2.0.82_cuda12-archive\bin;E:\NVIDIA\dll_x64;E:\NVIDIA\NVIDIA GPU Computing Toolkit\CUDA\v12.5\extras\CUPTI\lib64;E:\NVIDIA\NVIDIA GPU Computing Toolkit\CUDA\v12.5\extras\CUPTI\include;C:\Program Files\CMake\bin;C:\Program Files\Docker\Docker\resources\bin;C:\
USERNAME=nemal
OS=Windows_NT
PROCESSOR_IDENTIFIER=Intel64 Family 6 Model 140 Stepping 1, GenuineIntel
TMP=C:\Users\nemal\AppData\Local\Temp
TEMP=C:\Users\nemal\AppData\Local\Temp


JNI global refs:
JNI global refs: 25, weak refs: 30

JNI global refs memory usage: 843, weak refs: 841


---------------  S Y S T E M  ---------------

OS:
 Windows 11 , 64 bit Build 22621 (10.0.22621.3958)
OS uptime: 6 days 3:57 hours
Hyper-V role detected

CPU: total 8 (initial active 8) (4 cores per cpu, 2 threads per core) family 6 model 140 stepping 1 microcode 0xb6, cx8, cmov, fxsr, ht, mmx, 3dnowpref, sse, sse2, sse3, ssse3, sse4.1, sse4.2, popcnt, lzcnt, tsc, tscinvbit, avx, avx2, aes, erms, clmul, bmi1, bmi2, adx, avx512f, avx512dq, avx512cd, avx512bw, avx512vl, sha, fma, vzeroupper, avx512_vpopcntdq, avx512_vpclmulqdq, avx512_vaes, avx512_vnni, clflush, clflushopt, clwb, avx512_vbmi2, avx512_vbmi, hv

Memory: 4k page, system-wide physical 16078M (139M free)
TotalPageFile size 46411M (AvailPageFile size 51M)
current process WorkingSet (physical memory assigned to process): 502M, peak: 509M
current process commit charge ("private bytes"): 545M, peak: 551M

vm_info: OpenJDK 64-Bit Server VM (17.0.6+0-b2043.56-10027231) for windows-amd64 JRE (17.0.6+0-b2043.56-10027231), built on Apr 28 2023 00:43:19 by "androidbuild" with MS VC++ 16.10 / 16.11 (VS2019)

END.
