#
# There is insufficient memory for the Java Runtime Environment to continue.
# Native memory allocation (malloc) failed to allocate 1085776 bytes for Chunk::new
# Possible reasons:
#   The system is out of physical RAM or swap space
#   The process is running with CompressedOops enabled, and the Java Heap may be blocking the growth of the native heap
# Possible solutions:
#   Reduce memory load on the system
#   Increase physical memory or swap space
#   Check if swap backing store is full
#   Decrease Java heap size (-Xmx/-Xms)
#   Decrease number of Java threads
#   Decrease Java thread stack sizes (-Xss)
#   Set larger code cache with -XX:ReservedCodeCacheSize=
#   JVM is running with Zero Based Compressed Oops mode in which the Java heap is
#     placed in the first 32GB address space. The Java Heap base address is the
#     maximum limit for the native heap growth. Please use -XX:HeapBaseMinAddress
#     to set the Java Heap base and to place the Java Heap above 32GB virtual address.
# This output file may be truncated or incomplete.
#
#  Out of Memory Error (arena.cpp:189), pid=20464, tid=1752
#
# JRE version: OpenJDK Runtime Environment (17.0.6) (build 17.0.6+0-b2043.56-10027231)
# Java VM: OpenJDK 64-Bit Server VM (17.0.6+0-b2043.56-10027231, mixed mode, tiered, compressed oops, compressed class ptrs, g1 gc, windows-amd64)
# No core dump will be written. Minidumps are not enabled by default on client versions of Windows
#

---------------  S U M M A R Y ------------

Command Line: -XX:+HeapDumpOnOutOfMemoryError --add-opens=java.base/java.util=ALL-UNNAMED --add-opens=java.base/java.lang=ALL-UNNAMED --add-opens=java.base/java.lang.invoke=ALL-UNNAMED --add-opens=java.prefs/java.util.prefs=ALL-UNNAMED --add-opens=java.base/java.nio.charset=ALL-UNNAMED --add-opens=java.base/java.net=ALL-UNNAMED --add-opens=java.base/java.util.concurrent.atomic=ALL-UNNAMED -Xmx4G -Dfile.encoding=windows-1252 -Duser.country=US -Duser.language=en -Duser.variant org.gradle.launcher.daemon.bootstrap.GradleDaemon 7.6.3

Host: 11th Gen Intel(R) Core(TM) i5-1135G7 @ 2.40GHz, 8 cores, 15G,  Windows 11 , 64 bit Build 22621 (10.0.22621.3958)
Time: Fri Aug 23 09:46:23 2024 Sri Lanka Standard Time elapsed time: 35.809290 seconds (0d 0h 0m 35s)

---------------  T H R E A D  ---------------

Current thread (0x00000289c50b4530):  JavaThread "C2 CompilerThread0" daemon [_thread_in_native, id=1752, stack(0x000000f4b7c00000,0x000000f4b7d00000)]


Current CompileTask:
C2:  35809 12996       4       java.lang.reflect.AccessibleObject::checkCanSetAccessible (368 bytes)

Stack: [0x000000f4b7c00000,0x000000f4b7d00000]
Native frames: (J=compiled Java code, j=interpreted, Vv=VM code, C=native code)
V  [jvm.dll+0x683c9a]
V  [jvm.dll+0x8427a4]
V  [jvm.dll+0x843f9e]
V  [jvm.dll+0x844603]
V  [jvm.dll+0x249b75]
V  [jvm.dll+0xabcac]
V  [jvm.dll+0xac27c]
V  [jvm.dll+0x368802]
V  [jvm.dll+0x332f31]
V  [jvm.dll+0x3323da]
V  [jvm.dll+0x21c201]
V  [jvm.dll+0x21b621]
V  [jvm.dll+0x1a4fdd]
V  [jvm.dll+0x22b098]
V  [jvm.dll+0x229159]
V  [jvm.dll+0x7f81ec]
V  [jvm.dll+0x7f274a]
V  [jvm.dll+0x682ad5]
C  [ucrtbase.dll+0x29333]
C  [KERNEL32.DLL+0x1257d]
C  [ntdll.dll+0x5af28]


---------------  P R O C E S S  ---------------

Threads class SMR info:
_java_thread_list=0x00000289cc08ff60, length=141, elements={
0x00000289a3aa12a0, 0x00000289c505af10, 0x00000289c505b9d0, 0x00000289c508e840,
0x00000289c508f300, 0x00000289c508fcb0, 0x00000289c5090660, 0x00000289c50b4530,
0x00000289c50b5e40, 0x00000289c50b6f20, 0x00000289c523ed00, 0x00000289c5257c90,
0x00000289c6a002e0, 0x00000289c58205b0, 0x00000289c7455030, 0x00000289c581fbd0,
0x00000289c6b6a600, 0x00000289c5c43da0, 0x00000289c6b22d40, 0x00000289c6b22870,
0x00000289c6b21530, 0x00000289c6b24a20, 0x00000289c6b21a00, 0x00000289c6b23bb0,
0x00000289c6b24080, 0x00000289c6b23210, 0x00000289c6b24550, 0x00000289c6b21ed0,
0x00000289c6b21060, 0x00000289c6b223a0, 0x00000289c6b236e0, 0x00000289c98e25d0,
0x00000289c98e8610, 0x00000289c98e5f90, 0x00000289c98e6930, 0x00000289c98e2100,
0x00000289c98e3440, 0x00000289c98e8ae0, 0x00000289c98e2f70, 0x00000289c98e55f0,
0x00000289c98e3910, 0x00000289c98e6e00, 0x00000289c98e9480, 0x00000289c98e42b0,
0x00000289c98e4780, 0x00000289c98e4c50, 0x00000289c98e5ac0, 0x00000289c98e6460,
0x00000289cc0e7bc0, 0x00000289cc0e8560, 0x00000289cc0e8f00, 0x00000289cc0e5070,
0x00000289cc0e6880, 0x00000289cc0e5540, 0x00000289cc0e5ee0, 0x00000289cc0e2050,
0x00000289cc0e2520, 0x00000289cc0e63b0, 0x00000289cc0e5a10, 0x00000289cc0e93d0,
0x00000289cc0e2ec0, 0x00000289cc0e3860, 0x00000289cc0e8a30, 0x00000289cc0e6d50,
0x00000289cc0e3390, 0x00000289cc0e7220, 0x00000289cc0e3d30, 0x00000289cc0e4200,
0x00000289cc0e46d0, 0x00000289cc0e76f0, 0x00000289cc0e4ba0, 0x00000289cc0e8090,
0x00000289cbea4f10, 0x00000289cbe9f870, 0x00000289cbea4570, 0x00000289cbe9ea00,
0x00000289cbea0bb0, 0x00000289cbea0210, 0x00000289cbea4a40, 0x00000289cbea1080,
0x00000289cbea06e0, 0x00000289cbea3bd0, 0x00000289cbea40a0, 0x00000289cbea53e0,
0x00000289cbe9fd40, 0x00000289cbea1550, 0x00000289cbea58b0, 0x00000289cbea1a20,
0x00000289cbea1ef0, 0x00000289cbea23c0, 0x00000289cbe9e060, 0x00000289cbea2890,
0x00000289cbe9e530, 0x00000289cbe9eed0, 0x00000289cbe9f3a0, 0x00000289cbea2d60,
0x00000289cbea3230, 0x00000289cbea3700, 0x00000289c83983e0, 0x00000289c8394550,
0x00000289c83923a0, 0x00000289c8394080, 0x00000289c83970a0, 0x00000289c8391ed0,
0x00000289c8397570, 0x00000289c8391060, 0x00000289c83988b0, 0x00000289c8394a20,
0x00000289c8397a40, 0x00000289c83953c0, 0x00000289c8396230, 0x00000289c8392d40,
0x00000289c8392870, 0x00000289c8391530, 0x00000289c8397f10, 0x00000289c8391a00,
0x00000289c83936e0, 0x00000289c8393bb0, 0x00000289c8393210, 0x00000289c8394ef0,
0x00000289c8395890, 0x00000289c8395d60, 0x00000289c8396700, 0x00000289c8396bd0,
0x00000289cc29f420, 0x00000289cc29c400, 0x00000289cc29fdc0, 0x00000289cc29c8d0,
0x00000289cc2a2440, 0x00000289cc29f8f0, 0x00000289cc2a0c30, 0x00000289cc2a1aa0,
0x00000289cc29d270, 0x00000289cc29ba60, 0x00000289cc2a1f70, 0x00000289cc29b590,
0x00000289cc29b0c0, 0x00000289cc29e5b0, 0x00000289cc29ea80, 0x00000289cc29ef50,
0x00000289c98e8fb0
}

Java Threads: ( => current thread )
  0x00000289a3aa12a0 JavaThread "main" [_thread_blocked, id=35376, stack(0x000000f4b6f00000,0x000000f4b7000000)]
  0x00000289c505af10 JavaThread "Reference Handler" daemon [_thread_blocked, id=37552, stack(0x000000f4b7600000,0x000000f4b7700000)]
  0x00000289c505b9d0 JavaThread "Finalizer" daemon [_thread_blocked, id=36260, stack(0x000000f4b7700000,0x000000f4b7800000)]
  0x00000289c508e840 JavaThread "Signal Dispatcher" daemon [_thread_blocked, id=22948, stack(0x000000f4b7800000,0x000000f4b7900000)]
  0x00000289c508f300 JavaThread "Attach Listener" daemon [_thread_blocked, id=35836, stack(0x000000f4b7900000,0x000000f4b7a00000)]
  0x00000289c508fcb0 JavaThread "Service Thread" daemon [_thread_blocked, id=41268, stack(0x000000f4b7a00000,0x000000f4b7b00000)]
  0x00000289c5090660 JavaThread "Monitor Deflation Thread" daemon [_thread_blocked, id=36028, stack(0x000000f4b7b00000,0x000000f4b7c00000)]
=>0x00000289c50b4530 JavaThread "C2 CompilerThread0" daemon [_thread_in_native, id=1752, stack(0x000000f4b7c00000,0x000000f4b7d00000)]
  0x00000289c50b5e40 JavaThread "C1 CompilerThread0" daemon [_thread_blocked, id=43660, stack(0x000000f4b7d00000,0x000000f4b7e00000)]
  0x00000289c50b6f20 JavaThread "Sweeper thread" daemon [_thread_blocked, id=40724, stack(0x000000f4b7e00000,0x000000f4b7f00000)]
  0x00000289c523ed00 JavaThread "Common-Cleaner" daemon [_thread_blocked, id=32764, stack(0x000000f4b7f00000,0x000000f4b8000000)]
  0x00000289c5257c90 JavaThread "Notification Thread" daemon [_thread_blocked, id=42168, stack(0x000000f4b8000000,0x000000f4b8100000)]
  0x00000289c6a002e0 JavaThread "Daemon health stats" [_thread_blocked, id=42288, stack(0x000000f4b8800000,0x000000f4b8900000)]
  0x00000289c58205b0 JavaThread "Incoming local TCP Connector on port 51520" [_thread_in_native, id=39904, stack(0x000000f4b8900000,0x000000f4b8a00000)]
  0x00000289c7455030 JavaThread "Daemon periodic checks" [_thread_blocked, id=37784, stack(0x000000f4b8a00000,0x000000f4b8b00000)]
  0x00000289c581fbd0 JavaThread "Daemon" [_thread_blocked, id=21772, stack(0x000000f4b8700000,0x000000f4b8800000)]
  0x00000289c6b6a600 JavaThread "Handler for socket connection from /127.0.0.1:51520 to /127.0.0.1:51533" [_thread_in_native, id=33740, stack(0x000000f4b8b00000,0x000000f4b8c00000)]
  0x00000289c5c43da0 JavaThread "Cancel handler" [_thread_blocked, id=41204, stack(0x000000f4b8c00000,0x000000f4b8d00000)]
  0x00000289c6b22d40 JavaThread "Daemon worker" [_thread_blocked, id=27004, stack(0x000000f4b8d00000,0x000000f4b8e00000)]
  0x00000289c6b22870 JavaThread "Asynchronous log dispatcher for DefaultDaemonConnection: socket connection from /127.0.0.1:51520 to /127.0.0.1:51533" [_thread_blocked, id=8248, stack(0x000000f4b8e00000,0x000000f4b8f00000)]
  0x00000289c6b21530 JavaThread "Stdin handler" [_thread_blocked, id=38600, stack(0x000000f4b8f00000,0x000000f4b9000000)]
  0x00000289c6b24a20 JavaThread "Daemon client event forwarder" [_thread_blocked, id=26256, stack(0x000000f4b9000000,0x000000f4b9100000)]
  0x00000289c6b21a00 JavaThread "Cache worker for journal cache (C:\Users\nemal\.gradle\caches\journal-1)" [_thread_blocked, id=6420, stack(0x000000f4b9100000,0x000000f4b9200000)]
  0x00000289c6b23bb0 JavaThread "File lock request listener" [_thread_in_native, id=43892, stack(0x000000f4b9200000,0x000000f4b9300000)]
  0x00000289c6b24080 JavaThread "Cache worker for file hash cache (C:\Users\nemal\.gradle\caches\7.6.3\fileHashes)" [_thread_blocked, id=33968, stack(0x000000f4b9600000,0x000000f4b9700000)]
  0x00000289c6b23210 JavaThread "File watcher server" daemon [_thread_in_native, id=43664, stack(0x000000f4b9700000,0x000000f4b9800000)]
  0x00000289c6b24550 JavaThread "File watcher consumer" daemon [_thread_blocked, id=36580, stack(0x000000f4b9800000,0x000000f4b9900000)]
  0x00000289c6b21ed0 JavaThread "Cache worker for checksums cache (E:\5_semester\Mobile_App\Pet_Shop\pet_shop\android\.gradle\7.6.3\checksums)" [_thread_blocked, id=43108, stack(0x000000f4b9900000,0x000000f4b9a00000)]
  0x00000289c6b21060 JavaThread "Cache worker for cache directory md-rule (C:\Users\nemal\.gradle\caches\7.6.3\md-rule)" [_thread_blocked, id=8660, stack(0x000000f4b9a00000,0x000000f4b9b00000)]
  0x00000289c6b223a0 JavaThread "Cache worker for file content cache (C:\Users\nemal\.gradle\caches\7.6.3\fileContent)" [_thread_blocked, id=39796, stack(0x000000f4b9b00000,0x000000f4b9c00000)]
  0x00000289c6b236e0 JavaThread "Cache worker for file hash cache (E:\5_semester\Mobile_App\Pet_Shop\pet_shop\android\.gradle\7.6.3\fileHashes)" [_thread_blocked, id=42076, stack(0x000000f4b9c00000,0x000000f4b9d00000)]
  0x00000289c98e25d0 JavaThread "Cache worker for cache directory md-supplier (C:\Users\nemal\.gradle\caches\7.6.3\md-supplier)" [_thread_blocked, id=42920, stack(0x000000f4b9d00000,0x000000f4b9e00000)]
  0x00000289c98e8610 JavaThread "Cache worker for execution history cache (C:\Users\nemal\.gradle\caches\7.6.3\executionHistory)" [_thread_blocked, id=41564, stack(0x000000f4b9e00000,0x000000f4b9f00000)]
  0x00000289c98e5f90 JavaThread "jar transforms" [_thread_blocked, id=27628, stack(0x000000f4ba100000,0x000000f4ba200000)]
  0x00000289c98e6930 JavaThread "Cache worker for kotlin-dsl (C:\Users\nemal\.gradle\caches\7.6.3\kotlin-dsl)" [_thread_blocked, id=40188, stack(0x000000f4ba200000,0x000000f4ba300000)]
  0x00000289c98e2100 JavaThread "jar transforms Thread 2" [_thread_blocked, id=34912, stack(0x000000f4ba300000,0x000000f4ba400000)]
  0x00000289c98e3440 JavaThread "Cache worker for dependencies-accessors (E:\5_semester\Mobile_App\Pet_Shop\pet_shop\android\.gradle\7.6.3\dependencies-accessors)" [_thread_blocked, id=39012, stack(0x000000f4ba400000,0x000000f4ba500000)]
  0x00000289c98e8ae0 JavaThread "Cache worker for Build Output Cleanup Cache (D:\flutter\flutter\packages\flutter_tools\gradle\.gradle\buildOutputCleanup)" [_thread_blocked, id=36152, stack(0x000000f4ba500000,0x000000f4ba600000)]
  0x00000289c98e2f70 JavaThread "jar transforms Thread 3" [_thread_blocked, id=11524, stack(0x000000f4ba600000,0x000000f4ba700000)]
  0x00000289c98e55f0 JavaThread "Memory manager" [_thread_blocked, id=42408, stack(0x000000f4ba700000,0x000000f4ba800000)]
  0x00000289c98e3910 JavaThread "jar transforms Thread 4" [_thread_blocked, id=37252, stack(0x000000f4ba800000,0x000000f4ba900000)]
  0x00000289c98e6e00 JavaThread "included builds" [_thread_blocked, id=38236, stack(0x000000f4ba900000,0x000000f4baa00000)]
  0x00000289c98e9480 JavaThread "Execution worker" [_thread_blocked, id=37904, stack(0x000000f4baa00000,0x000000f4bab00000)]
  0x00000289c98e42b0 JavaThread "Execution worker Thread 2" [_thread_blocked, id=28284, stack(0x000000f4bab00000,0x000000f4bac00000)]
  0x00000289c98e4780 JavaThread "Execution worker Thread 3" [_thread_blocked, id=18740, stack(0x000000f4bac00000,0x000000f4bad00000)]
  0x00000289c98e4c50 JavaThread "Execution worker Thread 4" [_thread_blocked, id=38624, stack(0x000000f4bad00000,0x000000f4bae00000)]
  0x00000289c98e5ac0 JavaThread "Execution worker Thread 5" [_thread_blocked, id=30100, stack(0x000000f4bae00000,0x000000f4baf00000)]
  0x00000289c98e6460 JavaThread "Execution worker Thread 6" [_thread_blocked, id=39112, stack(0x000000f4baf00000,0x000000f4bb000000)]
  0x00000289cc0e7bc0 JavaThread "Execution worker Thread 7" [_thread_blocked, id=31116, stack(0x000000f4bb000000,0x000000f4bb100000)]
  0x00000289cc0e8560 JavaThread "Cache worker for execution history cache (D:\flutter\flutter\packages\flutter_tools\gradle\.gradle\7.6.3\executionHistory)" [_thread_blocked, id=36092, stack(0x000000f4bb100000,0x000000f4bb200000)]
  0x00000289cc0e8f00 JavaThread "Unconstrained build operations" [_thread_blocked, id=43020, stack(0x000000f4bb200000,0x000000f4bb300000)]
  0x00000289cc0e5070 JavaThread "Unconstrained build operations Thread 2" [_thread_blocked, id=14440, stack(0x000000f4bb300000,0x000000f4bb400000)]
  0x00000289cc0e6880 JavaThread "Unconstrained build operations Thread 3" [_thread_blocked, id=2372, stack(0x000000f4bb400000,0x000000f4bb500000)]
  0x00000289cc0e5540 JavaThread "Unconstrained build operations Thread 4" [_thread_blocked, id=39172, stack(0x000000f4bb500000,0x000000f4bb600000)]
  0x00000289cc0e5ee0 JavaThread "Unconstrained build operations Thread 5" [_thread_blocked, id=27520, stack(0x000000f4bb600000,0x000000f4bb700000)]
  0x00000289cc0e2050 JavaThread "Unconstrained build operations Thread 6" [_thread_blocked, id=39564, stack(0x000000f4bb700000,0x000000f4bb800000)]
  0x00000289cc0e2520 JavaThread "Unconstrained build operations Thread 7" [_thread_blocked, id=43780, stack(0x000000f4bb800000,0x000000f4bb900000)]
  0x00000289cc0e63b0 JavaThread "Unconstrained build operations Thread 8" [_thread_blocked, id=37920, stack(0x000000f4bb900000,0x000000f4bba00000)]
  0x00000289cc0e5a10 JavaThread "Unconstrained build operations Thread 9" [_thread_blocked, id=37092, stack(0x000000f4bba00000,0x000000f4bbb00000)]
  0x00000289cc0e93d0 JavaThread "Unconstrained build operations Thread 10" [_thread_blocked, id=36608, stack(0x000000f4bbb00000,0x000000f4bbc00000)]
  0x00000289cc0e2ec0 JavaThread "Unconstrained build operations Thread 11" [_thread_blocked, id=39140, stack(0x000000f4b9f00000,0x000000f4ba000000)]
  0x00000289cc0e3860 JavaThread "Unconstrained build operations Thread 12" [_thread_blocked, id=40064, stack(0x000000f4bbd00000,0x000000f4bbe00000)]
  0x00000289cc0e8a30 JavaThread "Unconstrained build operations Thread 13" [_thread_blocked, id=36344, stack(0x000000f4bbe00000,0x000000f4bbf00000)]
  0x00000289cc0e6d50 JavaThread "Unconstrained build operations Thread 14" [_thread_blocked, id=36328, stack(0x000000f4bbf00000,0x000000f4bc000000)]
  0x00000289cc0e3390 JavaThread "Unconstrained build operations Thread 15" [_thread_blocked, id=43732, stack(0x000000f4bc000000,0x000000f4bc100000)]
  0x00000289cc0e7220 JavaThread "Unconstrained build operations Thread 16" [_thread_blocked, id=37184, stack(0x000000f4bc100000,0x000000f4bc200000)]
  0x00000289cc0e3d30 JavaThread "Unconstrained build operations Thread 17" [_thread_blocked, id=41884, stack(0x000000f4bc200000,0x000000f4bc300000)]
  0x00000289cc0e4200 JavaThread "Unconstrained build operations Thread 18" [_thread_blocked, id=36108, stack(0x000000f4bc300000,0x000000f4bc400000)]
  0x00000289cc0e46d0 JavaThread "Unconstrained build operations Thread 19" [_thread_blocked, id=39684, stack(0x000000f4bc400000,0x000000f4bc500000)]
  0x00000289cc0e76f0 JavaThread "Unconstrained build operations Thread 20" [_thread_blocked, id=32888, stack(0x000000f4bc500000,0x000000f4bc600000)]
  0x00000289cc0e4ba0 JavaThread "Unconstrained build operations Thread 21" [_thread_blocked, id=37632, stack(0x000000f4bc600000,0x000000f4bc700000)]
  0x00000289cc0e8090 JavaThread "Unconstrained build operations Thread 22" [_thread_blocked, id=39724, stack(0x000000f4bc700000,0x000000f4bc800000)]
  0x00000289cbea4f10 JavaThread "Unconstrained build operations Thread 23" [_thread_blocked, id=36880, stack(0x000000f4bc800000,0x000000f4bc900000)]
  0x00000289cbe9f870 JavaThread "Unconstrained build operations Thread 24" [_thread_blocked, id=32152, stack(0x000000f4bc900000,0x000000f4bca00000)]
  0x00000289cbea4570 JavaThread "Unconstrained build operations Thread 25" [_thread_blocked, id=40752, stack(0x000000f4bca00000,0x000000f4bcb00000)]
  0x00000289cbe9ea00 JavaThread "Unconstrained build operations Thread 26" [_thread_blocked, id=37132, stack(0x000000f4bcb00000,0x000000f4bcc00000)]
  0x00000289cbea0bb0 JavaThread "Unconstrained build operations Thread 27" [_thread_blocked, id=42492, stack(0x000000f4bcc00000,0x000000f4bcd00000)]
  0x00000289cbea0210 JavaThread "Unconstrained build operations Thread 28" [_thread_blocked, id=16368, stack(0x000000f4bcd00000,0x000000f4bce00000)]
  0x00000289cbea4a40 JavaThread "Unconstrained build operations Thread 29" [_thread_blocked, id=26488, stack(0x000000f4bce00000,0x000000f4bcf00000)]
  0x00000289cbea1080 JavaThread "Unconstrained build operations Thread 30" [_thread_blocked, id=26480, stack(0x000000f4bcf00000,0x000000f4bd000000)]
  0x00000289cbea06e0 JavaThread "Unconstrained build operations Thread 31" [_thread_blocked, id=12176, stack(0x000000f4bd000000,0x000000f4bd100000)]
  0x00000289cbea3bd0 JavaThread "Unconstrained build operations Thread 32" [_thread_blocked, id=3032, stack(0x000000f4bd100000,0x000000f4bd200000)]
  0x00000289cbea40a0 JavaThread "Unconstrained build operations Thread 33" [_thread_blocked, id=42528, stack(0x000000f4bd200000,0x000000f4bd300000)]
  0x00000289cbea53e0 JavaThread "Unconstrained build operations Thread 34" [_thread_blocked, id=34172, stack(0x000000f4bd300000,0x000000f4bd400000)]
  0x00000289cbe9fd40 JavaThread "Unconstrained build operations Thread 35" [_thread_blocked, id=41340, stack(0x000000f4bd400000,0x000000f4bd500000)]
  0x00000289cbea1550 JavaThread "Unconstrained build operations Thread 36" [_thread_blocked, id=7432, stack(0x000000f4bd500000,0x000000f4bd600000)]
  0x00000289cbea58b0 JavaThread "Unconstrained build operations Thread 37" [_thread_blocked, id=23536, stack(0x000000f4bd600000,0x000000f4bd700000)]
  0x00000289cbea1a20 JavaThread "Unconstrained build operations Thread 38" [_thread_blocked, id=28504, stack(0x000000f4bd700000,0x000000f4bd800000)]
  0x00000289cbea1ef0 JavaThread "Unconstrained build operations Thread 39" [_thread_blocked, id=2236, stack(0x000000f4bd800000,0x000000f4bd900000)]
  0x00000289cbea23c0 JavaThread "Unconstrained build operations Thread 40" [_thread_blocked, id=30692, stack(0x000000f4bd900000,0x000000f4bda00000)]
  0x00000289cbe9e060 JavaThread "Unconstrained build operations Thread 41" [_thread_blocked, id=38380, stack(0x000000f4bda00000,0x000000f4bdb00000)]
  0x00000289cbea2890 JavaThread "Unconstrained build operations Thread 42" [_thread_blocked, id=36212, stack(0x000000f4bdb00000,0x000000f4bdc00000)]
  0x00000289cbe9e530 JavaThread "Unconstrained build operations Thread 43" [_thread_blocked, id=39316, stack(0x000000f4bdc00000,0x000000f4bdd00000)]
  0x00000289cbe9eed0 JavaThread "Unconstrained build operations Thread 44" [_thread_blocked, id=40088, stack(0x000000f4bdd00000,0x000000f4bde00000)]
  0x00000289cbe9f3a0 JavaThread "Unconstrained build operations Thread 45" [_thread_blocked, id=43500, stack(0x000000f4bde00000,0x000000f4bdf00000)]
  0x00000289cbea2d60 JavaThread "Unconstrained build operations Thread 46" [_thread_blocked, id=20824, stack(0x000000f4bdf00000,0x000000f4be000000)]
  0x00000289cbea3230 JavaThread "Unconstrained build operations Thread 47" [_thread_blocked, id=35340, stack(0x000000f4be000000,0x000000f4be100000)]
  0x00000289cbea3700 JavaThread "Unconstrained build operations Thread 48" [_thread_blocked, id=43580, stack(0x000000f4be100000,0x000000f4be200000)]
  0x00000289c83983e0 JavaThread "Unconstrained build operations Thread 49" [_thread_blocked, id=42276, stack(0x000000f4be200000,0x000000f4be300000)]
  0x00000289c8394550 JavaThread "Unconstrained build operations Thread 50" [_thread_blocked, id=38012, stack(0x000000f4be300000,0x000000f4be400000)]
  0x00000289c83923a0 JavaThread "Unconstrained build operations Thread 51" [_thread_blocked, id=16436, stack(0x000000f4be400000,0x000000f4be500000)]
  0x00000289c8394080 JavaThread "Unconstrained build operations Thread 52" [_thread_blocked, id=39496, stack(0x000000f4be500000,0x000000f4be600000)]
  0x00000289c83970a0 JavaThread "Unconstrained build operations Thread 53" [_thread_blocked, id=32676, stack(0x000000f4be600000,0x000000f4be700000)]
  0x00000289c8391ed0 JavaThread "Unconstrained build operations Thread 54" [_thread_blocked, id=14716, stack(0x000000f4be700000,0x000000f4be800000)]
  0x00000289c8397570 JavaThread "Unconstrained build operations Thread 55" [_thread_blocked, id=21116, stack(0x000000f4be800000,0x000000f4be900000)]
  0x00000289c8391060 JavaThread "Unconstrained build operations Thread 56" [_thread_blocked, id=38524, stack(0x000000f4be900000,0x000000f4bea00000)]
  0x00000289c83988b0 JavaThread "Unconstrained build operations Thread 57" [_thread_blocked, id=14136, stack(0x000000f4bea00000,0x000000f4beb00000)]
  0x00000289c8394a20 JavaThread "Unconstrained build operations Thread 58" [_thread_blocked, id=42648, stack(0x000000f4beb00000,0x000000f4bec00000)]
  0x00000289c8397a40 JavaThread "Unconstrained build operations Thread 59" [_thread_blocked, id=35156, stack(0x000000f4bec00000,0x000000f4bed00000)]
  0x00000289c83953c0 JavaThread "Unconstrained build operations Thread 60" [_thread_blocked, id=42608, stack(0x000000f4bed00000,0x000000f4bee00000)]
  0x00000289c8396230 JavaThread "Unconstrained build operations Thread 61" [_thread_blocked, id=43968, stack(0x000000f4bee00000,0x000000f4bef00000)]
  0x00000289c8392d40 JavaThread "Unconstrained build operations Thread 62" [_thread_blocked, id=41376, stack(0x000000f4bef00000,0x000000f4bf000000)]
  0x00000289c8392870 JavaThread "Unconstrained build operations Thread 63" [_thread_blocked, id=34772, stack(0x000000f4bf000000,0x000000f4bf100000)]
  0x00000289c8391530 JavaThread "Unconstrained build operations Thread 64" [_thread_blocked, id=40532, stack(0x000000f4bf100000,0x000000f4bf200000)]
  0x00000289c8397f10 JavaThread "Unconstrained build operations Thread 65" [_thread_blocked, id=2212, stack(0x000000f4bf200000,0x000000f4bf300000)]
  0x00000289c8391a00 JavaThread "Unconstrained build operations Thread 66" [_thread_blocked, id=40164, stack(0x000000f4bf300000,0x000000f4bf400000)]
  0x00000289c83936e0 JavaThread "Unconstrained build operations Thread 67" [_thread_blocked, id=4356, stack(0x000000f4bf400000,0x000000f4bf500000)]
  0x00000289c8393bb0 JavaThread "Unconstrained build operations Thread 68" [_thread_blocked, id=40448, stack(0x000000f4bf500000,0x000000f4bf600000)]
  0x00000289c8393210 JavaThread "Unconstrained build operations Thread 69" [_thread_blocked, id=42632, stack(0x000000f4bf600000,0x000000f4bf700000)]
  0x00000289c8394ef0 JavaThread "Unconstrained build operations Thread 70" [_thread_blocked, id=42516, stack(0x000000f4bf700000,0x000000f4bf800000)]
  0x00000289c8395890 JavaThread "Unconstrained build operations Thread 71" [_thread_blocked, id=38368, stack(0x000000f4bf800000,0x000000f4bf900000)]
  0x00000289c8395d60 JavaThread "Unconstrained build operations Thread 72" [_thread_blocked, id=16984, stack(0x000000f4bf900000,0x000000f4bfa00000)]
  0x00000289c8396700 JavaThread "Unconstrained build operations Thread 73" [_thread_blocked, id=17728, stack(0x000000f4bfa00000,0x000000f4bfb00000)]
  0x00000289c8396bd0 JavaThread "Unconstrained build operations Thread 74" [_thread_blocked, id=37724, stack(0x000000f4bfb00000,0x000000f4bfc00000)]
  0x00000289cc29f420 JavaThread "Unconstrained build operations Thread 75" [_thread_blocked, id=43228, stack(0x000000f4bfc00000,0x000000f4bfd00000)]
  0x00000289cc29c400 JavaThread "Unconstrained build operations Thread 76" [_thread_blocked, id=31928, stack(0x000000f4bfd00000,0x000000f4bfe00000)]
  0x00000289cc29fdc0 JavaThread "Unconstrained build operations Thread 77" [_thread_blocked, id=32584, stack(0x000000f4bfe00000,0x000000f4bff00000)]
  0x00000289cc29c8d0 JavaThread "Unconstrained build operations Thread 78" [_thread_blocked, id=33488, stack(0x000000f4bff00000,0x000000f4c0000000)]
  0x00000289cc2a2440 JavaThread "Unconstrained build operations Thread 79" [_thread_blocked, id=39752, stack(0x000000f4c0000000,0x000000f4c0100000)]
  0x00000289cc29f8f0 JavaThread "Unconstrained build operations Thread 80" [_thread_blocked, id=28736, stack(0x000000f4c0100000,0x000000f4c0200000)]
  0x00000289cc2a0c30 JavaThread "jar transforms Thread 5" [_thread_blocked, id=29968, stack(0x000000f4c0300000,0x000000f4c0400000)]
  0x00000289cc2a1aa0 JavaThread "jar transforms Thread 6" [_thread_blocked, id=24240, stack(0x000000f4c0400000,0x000000f4c0500000)]
  0x00000289cc29d270 JavaThread "jar transforms Thread 7" [_thread_blocked, id=37096, stack(0x000000f4c0500000,0x000000f4c0600000)]
  0x00000289cc29ba60 JavaThread "jar transforms Thread 8" [_thread_blocked, id=40512, stack(0x000000f4c0600000,0x000000f4c0700000)]
  0x00000289cc2a1f70 JavaThread "Cache worker for Build Output Cleanup Cache (E:\5_semester\Mobile_App\Pet_Shop\pet_shop\android\.gradle\buildOutputCleanup)" [_thread_blocked, id=35804, stack(0x000000f4c0200000,0x000000f4c0300000)]
  0x00000289cc29b590 JavaThread "pool-3-thread-1" [_thread_blocked, id=26688, stack(0x000000f4c0800000,0x000000f4c0900000)]
  0x00000289cc29b0c0 JavaThread "build event listener" [_thread_blocked, id=40596, stack(0x000000f4c0900000,0x000000f4c0a00000)]
  0x00000289cc29e5b0 JavaThread "Cache worker for execution history cache (E:\5_semester\Mobile_App\Pet_Shop\pet_shop\android\.gradle\7.6.3\executionHistory)" [_thread_blocked, id=36628, stack(0x000000f4c0a00000,0x000000f4c0b00000)]
  0x00000289cc29ea80 JavaThread "Exec process" [_thread_in_native, id=41328, stack(0x000000f4c0b00000,0x000000f4c0c00000)]
  0x00000289cc29ef50 JavaThread "Exec process Thread 2" [_thread_in_native, id=26596, stack(0x000000f4c0c00000,0x000000f4c0d00000)]
  0x00000289c98e8fb0 JavaThread "Exec process Thread 3" [_thread_in_native, id=34448, stack(0x000000f4c0d00000,0x000000f4c0e00000)]

Other Threads:
  0x00000289c500b6e0 VMThread "VM Thread" [stack: 0x000000f4b7500000,0x000000f4b7600000] [id=40444]
  0x00000289a3b376d0 WatcherThread [stack: 0x000000f4b8100000,0x000000f4b8200000] [id=38704]
  0x00000289a3b0c740 GCTaskThread "GC Thread#0" [stack: 0x000000f4b7000000,0x000000f4b7100000] [id=37540]
  0x00000289c5599a20 GCTaskThread "GC Thread#1" [stack: 0x000000f4b8200000,0x000000f4b8300000] [id=40408]
  0x00000289c5887bf0 GCTaskThread "GC Thread#2" [stack: 0x000000f4b8300000,0x000000f4b8400000] [id=42872]
  0x00000289c5887ea0 GCTaskThread "GC Thread#3" [stack: 0x000000f4b8400000,0x000000f4b8500000] [id=14908]
  0x00000289c5ee2100 GCTaskThread "GC Thread#4" [stack: 0x000000f4b8500000,0x000000f4b8600000] [id=17044]
  0x00000289c5ee2f60 GCTaskThread "GC Thread#5" [stack: 0x000000f4b8600000,0x000000f4b8700000] [id=36848]
  0x00000289c76ed260 GCTaskThread "GC Thread#6" [stack: 0x000000f4b9300000,0x000000f4b9400000] [id=22664]
  0x00000289c75883c0 GCTaskThread "GC Thread#7" [stack: 0x000000f4b9400000,0x000000f4b9500000] [id=30700]
  0x00000289a3b1d680 ConcurrentGCThread "G1 Main Marker" [stack: 0x000000f4b7100000,0x000000f4b7200000] [id=37304]
  0x00000289a3b1e830 ConcurrentGCThread "G1 Conc#0" [stack: 0x000000f4b7200000,0x000000f4b7300000] [id=37204]
  0x00000289c772d010 ConcurrentGCThread "G1 Conc#1" [stack: 0x000000f4b9500000,0x000000f4b9600000] [id=13976]
  0x00000289a3b4e990 ConcurrentGCThread "G1 Refine#0" [stack: 0x000000f4b7300000,0x000000f4b7400000] [id=37168]
  0x00000289c60a96c0 ConcurrentGCThread "G1 Refine#1" [stack: 0x000000f4ba000000,0x000000f4ba100000] [id=34868]
  0x00000289cc48db30 ConcurrentGCThread "G1 Refine#2" [stack: 0x000000f4c0700000,0x000000f4c0800000] [id=38964]
  0x00000289c43695c0 ConcurrentGCThread "G1 Service" [stack: 0x000000f4b7400000,0x000000f4b7500000] [id=39584]

Threads with active compile tasks:
C2 CompilerThread0    35858 12996       4       java.lang.reflect.AccessibleObject::checkCanSetAccessible (368 bytes)

VM state: not at safepoint (normal execution)

VM Mutex/Monitor currently owned by a thread: None

Heap address: 0x0000000700000000, size: 4096 MB, Compressed Oops mode: Zero based, Oop shift amount: 3

CDS archive(s) not mapped
Compressed class space mapped at: 0x0000000800000000-0x0000000840000000, reserved size: 1073741824
Narrow klass base: 0x0000000800000000, Narrow klass shift: 0, Narrow klass range: 0x40000000

GC Precious Log:
 CPUs: 8 total, 8 available
 Memory: 16078M
 Large Page Support: Disabled
 NUMA Support: Disabled
 Compressed Oops: Enabled (Zero based)
 Heap Region Size: 2M
 Heap Min Capacity: 8M
 Heap Initial Capacity: 252M
 Heap Max Capacity: 4G
 Pre-touch: Disabled
 Parallel Workers: 8
 Concurrent Workers: 2
 Concurrent Refinement Workers: 8
 Periodic GC: Disabled

Heap:
 garbage-first heap   total 319488K, used 148312K [0x0000000700000000, 0x0000000800000000)
  region size 2048K, 14 young (28672K), 6 survivors (12288K)
 Metaspace       used 111908K, committed 112896K, reserved 1146880K
  class space    used 15301K, committed 15744K, reserved 1048576K

Heap Regions: E=young(eden), S=young(survivor), O=old, HS=humongous(starts), HC=humongous(continues), CS=collection set, F=free, OA=open archive, CA=closed archive, TAMS=top-at-mark-start (previous, next)
|   0|0x0000000700000000, 0x0000000700200000, 0x0000000700200000|100%|HS|  |TAMS 0x0000000700200000, 0x0000000700000000| Complete 
|   1|0x0000000700200000, 0x0000000700400000, 0x0000000700400000|100%|HC|  |TAMS 0x0000000700400000, 0x0000000700200000| Complete 
|   2|0x0000000700400000, 0x0000000700600000, 0x0000000700600000|100%| O|  |TAMS 0x0000000700600000, 0x0000000700400000| Untracked 
|   3|0x0000000700600000, 0x0000000700800000, 0x0000000700800000|100%| O|  |TAMS 0x0000000700800000, 0x0000000700600000| Untracked 
|   4|0x0000000700800000, 0x0000000700a00000, 0x0000000700a00000|100%| O|  |TAMS 0x0000000700a00000, 0x0000000700800000| Untracked 
|   5|0x0000000700a00000, 0x0000000700c00000, 0x0000000700c00000|100%| O|  |TAMS 0x0000000700c00000, 0x0000000700a00000| Untracked 
|   6|0x0000000700c00000, 0x0000000700e00000, 0x0000000700e00000|100%| O|  |TAMS 0x0000000700e00000, 0x0000000700c00000| Untracked 
|   7|0x0000000700e00000, 0x0000000701000000, 0x0000000701000000|100%| O|  |TAMS 0x0000000701000000, 0x0000000700e00000| Untracked 
|   8|0x0000000701000000, 0x0000000701200000, 0x0000000701200000|100%| O|  |TAMS 0x0000000701200000, 0x0000000701000000| Untracked 
|   9|0x0000000701200000, 0x0000000701400000, 0x0000000701400000|100%| O|  |TAMS 0x0000000701400000, 0x0000000701200000| Untracked 
|  10|0x0000000701400000, 0x0000000701600000, 0x0000000701600000|100%| O|  |TAMS 0x0000000701600000, 0x0000000701400000| Untracked 
|  11|0x0000000701600000, 0x0000000701800000, 0x0000000701800000|100%| O|  |TAMS 0x0000000701800000, 0x0000000701600000| Untracked 
|  12|0x0000000701800000, 0x0000000701a00000, 0x0000000701a00000|100%| O|  |TAMS 0x0000000701a00000, 0x0000000701800000| Untracked 
|  13|0x0000000701a00000, 0x0000000701c00000, 0x0000000701c00000|100%| O|  |TAMS 0x0000000701c00000, 0x0000000701a00000| Untracked 
|  14|0x0000000701c00000, 0x0000000701e00000, 0x0000000701e00000|100%| O|  |TAMS 0x0000000701e00000, 0x0000000701c00000| Untracked 
|  15|0x0000000701e00000, 0x0000000702000000, 0x0000000702000000|100%| O|  |TAMS 0x0000000702000000, 0x0000000701e00000| Untracked 
|  16|0x0000000702000000, 0x0000000702200000, 0x0000000702200000|100%| O|  |TAMS 0x0000000702200000, 0x0000000702000000| Untracked 
|  17|0x0000000702200000, 0x0000000702400000, 0x0000000702400000|100%| O|  |TAMS 0x0000000702400000, 0x0000000702200000| Untracked 
|  18|0x0000000702400000, 0x0000000702600000, 0x0000000702600000|100%| O|  |TAMS 0x0000000702600000, 0x0000000702400000| Untracked 
|  19|0x0000000702600000, 0x0000000702800000, 0x0000000702800000|100%| O|  |TAMS 0x0000000702800000, 0x0000000702600000| Untracked 
|  20|0x0000000702800000, 0x0000000702a00000, 0x0000000702a00000|100%| O|  |TAMS 0x0000000702800000, 0x0000000702800000| Untracked 
|  21|0x0000000702a00000, 0x0000000702c00000, 0x0000000702c00000|100%| O|  |TAMS 0x0000000702c00000, 0x0000000702a00000| Untracked 
|  22|0x0000000702c00000, 0x0000000702e00000, 0x0000000702e00000|100%| O|  |TAMS 0x0000000702e00000, 0x0000000702c00000| Untracked 
|  23|0x0000000702e00000, 0x0000000703000000, 0x0000000703000000|100%| O|  |TAMS 0x0000000703000000, 0x0000000702e00000| Untracked 
|  24|0x0000000703000000, 0x0000000703200000, 0x0000000703200000|100%|HS|  |TAMS 0x0000000703200000, 0x0000000703000000| Complete 
|  25|0x0000000703200000, 0x0000000703400000, 0x0000000703400000|100%|HC|  |TAMS 0x0000000703400000, 0x0000000703200000| Complete 
|  26|0x0000000703400000, 0x0000000703600000, 0x0000000703600000|100%| O|  |TAMS 0x0000000703600000, 0x0000000703400000| Untracked 
|  27|0x0000000703600000, 0x0000000703800000, 0x0000000703800000|100%| O|  |TAMS 0x0000000703800000, 0x0000000703600000| Untracked 
|  28|0x0000000703800000, 0x0000000703a00000, 0x0000000703a00000|100%|HS|  |TAMS 0x0000000703a00000, 0x0000000703800000| Complete 
|  29|0x0000000703a00000, 0x0000000703c00000, 0x0000000703c00000|100%| O|  |TAMS 0x0000000703c00000, 0x0000000703a00000| Untracked 
|  30|0x0000000703c00000, 0x0000000703e00000, 0x0000000703e00000|100%| O|  |TAMS 0x0000000703e00000, 0x0000000703c00000| Untracked 
|  31|0x0000000703e00000, 0x0000000704000000, 0x0000000704000000|100%| O|  |TAMS 0x0000000704000000, 0x0000000703e00000| Untracked 
|  32|0x0000000704000000, 0x0000000704200000, 0x0000000704200000|100%| O|  |TAMS 0x0000000704000000, 0x0000000704000000| Untracked 
|  33|0x0000000704200000, 0x0000000704400000, 0x0000000704400000|100%| O|  |TAMS 0x0000000704400000, 0x0000000704200000| Untracked 
|  34|0x0000000704400000, 0x0000000704600000, 0x0000000704600000|100%| O|  |TAMS 0x0000000704600000, 0x0000000704400000| Untracked 
|  35|0x0000000704600000, 0x0000000704800000, 0x0000000704800000|100%| O|  |TAMS 0x0000000704800000, 0x0000000704600000| Untracked 
|  36|0x0000000704800000, 0x0000000704a00000, 0x0000000704a00000|100%| O|  |TAMS 0x0000000704a00000, 0x0000000704800000| Untracked 
|  37|0x0000000704a00000, 0x0000000704c00000, 0x0000000704c00000|100%| O|  |TAMS 0x0000000704c00000, 0x0000000704a00000| Untracked 
|  38|0x0000000704c00000, 0x0000000704e00000, 0x0000000704e00000|100%| O|  |TAMS 0x0000000704e00000, 0x0000000704c00000| Untracked 
|  39|0x0000000704e00000, 0x0000000705000000, 0x0000000705000000|100%| O|  |TAMS 0x0000000705000000, 0x0000000704e00000| Untracked 
|  40|0x0000000705000000, 0x0000000705200000, 0x0000000705200000|100%| O|  |TAMS 0x00000007051b1a00, 0x0000000705000000| Untracked 
|  41|0x0000000705200000, 0x0000000705400000, 0x0000000705400000|100%| O|  |TAMS 0x0000000705200000, 0x0000000705200000| Untracked 
|  42|0x0000000705400000, 0x0000000705600000, 0x0000000705600000|100%| O|  |TAMS 0x0000000705400000, 0x0000000705400000| Untracked 
|  43|0x0000000705600000, 0x0000000705800000, 0x0000000705800000|100%| O|  |TAMS 0x0000000705600000, 0x0000000705600000| Untracked 
|  44|0x0000000705800000, 0x0000000705a00000, 0x0000000705a00000|100%| O|  |TAMS 0x0000000705800000, 0x0000000705800000| Untracked 
|  45|0x0000000705a00000, 0x0000000705c00000, 0x0000000705c00000|100%| O|  |TAMS 0x0000000705a00000, 0x0000000705a00000| Untracked 
|  46|0x0000000705c00000, 0x0000000705e00000, 0x0000000705e00000|100%| O|  |TAMS 0x0000000705c00000, 0x0000000705c00000| Untracked 
|  47|0x0000000705e00000, 0x0000000706000000, 0x0000000706000000|100%| O|  |TAMS 0x0000000705e00000, 0x0000000705e00000| Untracked 
|  48|0x0000000706000000, 0x0000000706200000, 0x0000000706200000|100%| O|  |TAMS 0x0000000706000000, 0x0000000706000000| Untracked 
|  49|0x0000000706200000, 0x0000000706400000, 0x0000000706400000|100%| O|  |TAMS 0x0000000706200000, 0x0000000706200000| Untracked 
|  50|0x0000000706400000, 0x0000000706600000, 0x0000000706600000|100%| O|  |TAMS 0x0000000706400000, 0x0000000706400000| Untracked 
|  51|0x0000000706600000, 0x0000000706800000, 0x0000000706800000|100%| O|  |TAMS 0x0000000706600000, 0x0000000706600000| Untracked 
|  52|0x0000000706800000, 0x0000000706a00000, 0x0000000706a00000|100%| O|  |TAMS 0x0000000706800000, 0x0000000706800000| Untracked 
|  53|0x0000000706a00000, 0x0000000706c00000, 0x0000000706c00000|100%| O|  |TAMS 0x0000000706a00000, 0x0000000706a00000| Untracked 
|  54|0x0000000706c00000, 0x0000000706e00000, 0x0000000706e00000|100%| O|  |TAMS 0x0000000706c00000, 0x0000000706c00000| Untracked 
|  55|0x0000000706e00000, 0x0000000707000000, 0x0000000707000000|100%| O|  |TAMS 0x0000000706e00000, 0x0000000706e00000| Untracked 
|  56|0x0000000707000000, 0x0000000707200000, 0x0000000707200000|100%| O|  |TAMS 0x0000000707000000, 0x0000000707000000| Untracked 
|  57|0x0000000707200000, 0x0000000707400000, 0x0000000707400000|100%| O|  |TAMS 0x0000000707200000, 0x0000000707200000| Untracked 
|  58|0x0000000707400000, 0x0000000707600000, 0x0000000707600000|100%| O|  |TAMS 0x0000000707400000, 0x0000000707400000| Untracked 
|  59|0x0000000707600000, 0x0000000707739800, 0x0000000707800000| 61%| O|  |TAMS 0x0000000707600000, 0x0000000707600000| Untracked 
|  60|0x0000000707800000, 0x0000000707800000, 0x0000000707a00000|  0%| F|  |TAMS 0x0000000707800000, 0x0000000707800000| Untracked 
|  61|0x0000000707a00000, 0x0000000707a00000, 0x0000000707c00000|  0%| F|  |TAMS 0x0000000707a00000, 0x0000000707a00000| Untracked 
|  62|0x0000000707c00000, 0x0000000707c00000, 0x0000000707e00000|  0%| F|  |TAMS 0x0000000707c00000, 0x0000000707c00000| Untracked 
|  63|0x0000000707e00000, 0x0000000707e00000, 0x0000000708000000|  0%| F|  |TAMS 0x0000000707e00000, 0x0000000707e00000| Untracked 
|  64|0x0000000708000000, 0x0000000708000000, 0x0000000708200000|  0%| F|  |TAMS 0x0000000708000000, 0x0000000708000000| Untracked 
|  65|0x0000000708200000, 0x0000000708200000, 0x0000000708400000|  0%| F|  |TAMS 0x0000000708200000, 0x0000000708200000| Untracked 
|  66|0x0000000708400000, 0x0000000708400000, 0x0000000708600000|  0%| F|  |TAMS 0x0000000708400000, 0x0000000708400000| Untracked 
|  67|0x0000000708600000, 0x0000000708600000, 0x0000000708800000|  0%| F|  |TAMS 0x0000000708600000, 0x0000000708600000| Untracked 
|  68|0x0000000708800000, 0x0000000708800000, 0x0000000708a00000|  0%| F|  |TAMS 0x0000000708800000, 0x0000000708800000| Untracked 
|  69|0x0000000708a00000, 0x0000000708a00000, 0x0000000708c00000|  0%| F|  |TAMS 0x0000000708a00000, 0x0000000708a00000| Untracked 
|  70|0x0000000708c00000, 0x0000000708c00000, 0x0000000708e00000|  0%| F|  |TAMS 0x0000000708c00000, 0x0000000708c00000| Untracked 
|  71|0x0000000708e00000, 0x0000000708e00000, 0x0000000709000000|  0%| F|  |TAMS 0x0000000708e00000, 0x0000000708e00000| Untracked 
|  72|0x0000000709000000, 0x0000000709000000, 0x0000000709200000|  0%| F|  |TAMS 0x0000000709000000, 0x0000000709000000| Untracked 
|  73|0x0000000709200000, 0x0000000709200000, 0x0000000709400000|  0%| F|  |TAMS 0x0000000709200000, 0x0000000709200000| Untracked 
|  74|0x0000000709400000, 0x0000000709400000, 0x0000000709600000|  0%| F|  |TAMS 0x0000000709400000, 0x0000000709400000| Untracked 
|  75|0x0000000709600000, 0x0000000709600000, 0x0000000709800000|  0%| F|  |TAMS 0x0000000709600000, 0x0000000709600000| Untracked 
|  76|0x0000000709800000, 0x0000000709800000, 0x0000000709a00000|  0%| F|  |TAMS 0x0000000709800000, 0x0000000709800000| Untracked 
|  77|0x0000000709a00000, 0x0000000709a00000, 0x0000000709c00000|  0%| F|  |TAMS 0x0000000709a00000, 0x0000000709a00000| Untracked 
|  78|0x0000000709c00000, 0x0000000709c00000, 0x0000000709e00000|  0%| F|  |TAMS 0x0000000709c00000, 0x0000000709c00000| Untracked 
|  79|0x0000000709e00000, 0x0000000709e00000, 0x000000070a000000|  0%| F|  |TAMS 0x0000000709e00000, 0x0000000709e00000| Untracked 
|  80|0x000000070a000000, 0x000000070a000000, 0x000000070a200000|  0%| F|  |TAMS 0x000000070a000000, 0x000000070a000000| Untracked 
|  81|0x000000070a200000, 0x000000070a200000, 0x000000070a400000|  0%| F|  |TAMS 0x000000070a200000, 0x000000070a200000| Untracked 
|  82|0x000000070a400000, 0x000000070a400000, 0x000000070a600000|  0%| F|  |TAMS 0x000000070a400000, 0x000000070a400000| Untracked 
|  83|0x000000070a600000, 0x000000070a600000, 0x000000070a800000|  0%| F|  |TAMS 0x000000070a600000, 0x000000070a600000| Untracked 
|  84|0x000000070a800000, 0x000000070a800000, 0x000000070aa00000|  0%| F|  |TAMS 0x000000070a800000, 0x000000070a800000| Untracked 
|  85|0x000000070aa00000, 0x000000070aa00000, 0x000000070ac00000|  0%| F|  |TAMS 0x000000070aa00000, 0x000000070aa00000| Untracked 
|  86|0x000000070ac00000, 0x000000070ac00000, 0x000000070ae00000|  0%| F|  |TAMS 0x000000070ac00000, 0x000000070ac00000| Untracked 
|  87|0x000000070ae00000, 0x000000070ae00000, 0x000000070b000000|  0%| F|  |TAMS 0x000000070ae00000, 0x000000070ae00000| Untracked 
|  88|0x000000070b000000, 0x000000070b000000, 0x000000070b200000|  0%| F|  |TAMS 0x000000070b000000, 0x000000070b000000| Untracked 
|  89|0x000000070b200000, 0x000000070b200000, 0x000000070b400000|  0%| F|  |TAMS 0x000000070b200000, 0x000000070b200000| Untracked 
|  90|0x000000070b400000, 0x000000070b400000, 0x000000070b600000|  0%| F|  |TAMS 0x000000070b400000, 0x000000070b400000| Untracked 
|  91|0x000000070b600000, 0x000000070b600000, 0x000000070b800000|  0%| F|  |TAMS 0x000000070b600000, 0x000000070b600000| Untracked 
|  92|0x000000070b800000, 0x000000070b800000, 0x000000070ba00000|  0%| F|  |TAMS 0x000000070b800000, 0x000000070b800000| Untracked 
|  93|0x000000070ba00000, 0x000000070ba00000, 0x000000070bc00000|  0%| F|  |TAMS 0x000000070ba00000, 0x000000070ba00000| Untracked 
|  94|0x000000070bc00000, 0x000000070bc00000, 0x000000070be00000|  0%| F|  |TAMS 0x000000070bc00000, 0x000000070bc00000| Untracked 
|  95|0x000000070be00000, 0x000000070be00000, 0x000000070c000000|  0%| F|  |TAMS 0x000000070be00000, 0x000000070be00000| Untracked 
|  96|0x000000070c000000, 0x000000070c000000, 0x000000070c200000|  0%| F|  |TAMS 0x000000070c000000, 0x000000070c000000| Untracked 
|  97|0x000000070c200000, 0x000000070c200000, 0x000000070c400000|  0%| F|  |TAMS 0x000000070c200000, 0x000000070c200000| Untracked 
|  98|0x000000070c400000, 0x000000070c400000, 0x000000070c600000|  0%| F|  |TAMS 0x000000070c400000, 0x000000070c400000| Untracked 
|  99|0x000000070c600000, 0x000000070c600000, 0x000000070c800000|  0%| F|  |TAMS 0x000000070c600000, 0x000000070c600000| Untracked 
| 100|0x000000070c800000, 0x000000070c800000, 0x000000070ca00000|  0%| F|  |TAMS 0x000000070c800000, 0x000000070c800000| Untracked 
| 101|0x000000070ca00000, 0x000000070ca00000, 0x000000070cc00000|  0%| F|  |TAMS 0x000000070ca00000, 0x000000070ca00000| Untracked 
| 102|0x000000070cc00000, 0x000000070cc00000, 0x000000070ce00000|  0%| F|  |TAMS 0x000000070cc00000, 0x000000070cc00000| Untracked 
| 103|0x000000070ce00000, 0x000000070ce00000, 0x000000070d000000|  0%| F|  |TAMS 0x000000070ce00000, 0x000000070ce00000| Untracked 
| 104|0x000000070d000000, 0x000000070d19c8a0, 0x000000070d200000| 80%| S|CS|TAMS 0x000000070d000000, 0x000000070d000000| Complete 
| 105|0x000000070d200000, 0x000000070d400000, 0x000000070d400000|100%| S|CS|TAMS 0x000000070d200000, 0x000000070d200000| Complete 
| 106|0x000000070d400000, 0x000000070d600000, 0x000000070d600000|100%| S|CS|TAMS 0x000000070d400000, 0x000000070d400000| Complete 
| 107|0x000000070d600000, 0x000000070d800000, 0x000000070d800000|100%| S|CS|TAMS 0x000000070d600000, 0x000000070d600000| Complete 
| 108|0x000000070d800000, 0x000000070da00000, 0x000000070da00000|100%| S|CS|TAMS 0x000000070d800000, 0x000000070d800000| Complete 
| 109|0x000000070da00000, 0x000000070dc00000, 0x000000070dc00000|100%| S|CS|TAMS 0x000000070da00000, 0x000000070da00000| Complete 
| 110|0x000000070dc00000, 0x000000070dc00000, 0x000000070de00000|  0%| F|  |TAMS 0x000000070dc00000, 0x000000070dc00000| Untracked 
| 111|0x000000070de00000, 0x000000070de00000, 0x000000070e000000|  0%| F|  |TAMS 0x000000070de00000, 0x000000070de00000| Untracked 
| 112|0x000000070e000000, 0x000000070e000000, 0x000000070e200000|  0%| F|  |TAMS 0x000000070e000000, 0x000000070e000000| Untracked 
| 113|0x000000070e200000, 0x000000070e200000, 0x000000070e400000|  0%| F|  |TAMS 0x000000070e200000, 0x000000070e200000| Untracked 
| 114|0x000000070e400000, 0x000000070e400000, 0x000000070e600000|  0%| F|  |TAMS 0x000000070e400000, 0x000000070e400000| Untracked 
| 115|0x000000070e600000, 0x000000070e600000, 0x000000070e800000|  0%| F|  |TAMS 0x000000070e600000, 0x000000070e600000| Untracked 
| 116|0x000000070e800000, 0x000000070e800000, 0x000000070ea00000|  0%| F|  |TAMS 0x000000070e800000, 0x000000070e800000| Untracked 
| 117|0x000000070ea00000, 0x000000070ea00000, 0x000000070ec00000|  0%| F|  |TAMS 0x000000070ea00000, 0x000000070ea00000| Untracked 
| 118|0x000000070ec00000, 0x000000070ec00000, 0x000000070ee00000|  0%| F|  |TAMS 0x000000070ec00000, 0x000000070ec00000| Untracked 
| 119|0x000000070ee00000, 0x000000070ee00000, 0x000000070f000000|  0%| F|  |TAMS 0x000000070ee00000, 0x000000070ee00000| Untracked 
| 120|0x000000070f000000, 0x000000070f000000, 0x000000070f200000|  0%| F|  |TAMS 0x000000070f000000, 0x000000070f000000| Untracked 
| 121|0x000000070f200000, 0x000000070f200000, 0x000000070f400000|  0%| F|  |TAMS 0x000000070f200000, 0x000000070f200000| Untracked 
| 122|0x000000070f400000, 0x000000070f400000, 0x000000070f600000|  0%| F|  |TAMS 0x000000070f400000, 0x000000070f400000| Untracked 
| 123|0x000000070f600000, 0x000000070f600000, 0x000000070f800000|  0%| F|  |TAMS 0x000000070f600000, 0x000000070f600000| Untracked 
| 124|0x000000070f800000, 0x000000070f800000, 0x000000070fa00000|  0%| F|  |TAMS 0x000000070f800000, 0x000000070f800000| Untracked 
| 125|0x000000070fa00000, 0x000000070fa00000, 0x000000070fc00000|  0%| F|  |TAMS 0x000000070fa00000, 0x000000070fa00000| Untracked 
| 126|0x000000070fc00000, 0x000000070fc00000, 0x000000070fe00000|  0%| F|  |TAMS 0x000000070fc00000, 0x000000070fc00000| Untracked 
| 127|0x000000070fe00000, 0x000000070fe00000, 0x0000000710000000|  0%| F|  |TAMS 0x000000070fe00000, 0x000000070fe00000| Untracked 
| 128|0x0000000710000000, 0x0000000710000000, 0x0000000710200000|  0%| F|  |TAMS 0x0000000710000000, 0x0000000710000000| Untracked 
| 129|0x0000000710200000, 0x0000000710200000, 0x0000000710400000|  0%| F|  |TAMS 0x0000000710200000, 0x0000000710200000| Untracked 
| 130|0x0000000710400000, 0x0000000710400000, 0x0000000710600000|  0%| F|  |TAMS 0x0000000710400000, 0x0000000710400000| Untracked 
| 131|0x0000000710600000, 0x0000000710600000, 0x0000000710800000|  0%| F|  |TAMS 0x0000000710600000, 0x0000000710600000| Untracked 
| 132|0x0000000710800000, 0x0000000710800000, 0x0000000710a00000|  0%| F|  |TAMS 0x0000000710800000, 0x0000000710800000| Untracked 
| 133|0x0000000710a00000, 0x0000000710a00000, 0x0000000710c00000|  0%| F|  |TAMS 0x0000000710a00000, 0x0000000710a00000| Untracked 
| 134|0x0000000710c00000, 0x0000000710c00000, 0x0000000710e00000|  0%| F|  |TAMS 0x0000000710c00000, 0x0000000710c00000| Untracked 
| 135|0x0000000710e00000, 0x0000000710e00000, 0x0000000711000000|  0%| F|  |TAMS 0x0000000710e00000, 0x0000000710e00000| Untracked 
| 136|0x0000000711000000, 0x0000000711000000, 0x0000000711200000|  0%| F|  |TAMS 0x0000000711000000, 0x0000000711000000| Untracked 
| 137|0x0000000711200000, 0x0000000711200000, 0x0000000711400000|  0%| F|  |TAMS 0x0000000711200000, 0x0000000711200000| Untracked 
| 138|0x0000000711400000, 0x0000000711400000, 0x0000000711600000|  0%| F|  |TAMS 0x0000000711400000, 0x0000000711400000| Untracked 
| 139|0x0000000711600000, 0x0000000711600000, 0x0000000711800000|  0%| F|  |TAMS 0x0000000711600000, 0x0000000711600000| Untracked 
| 140|0x0000000711800000, 0x0000000711800000, 0x0000000711a00000|  0%| F|  |TAMS 0x0000000711800000, 0x0000000711800000| Untracked 
| 141|0x0000000711a00000, 0x0000000711a00000, 0x0000000711c00000|  0%| F|  |TAMS 0x0000000711a00000, 0x0000000711a00000| Untracked 
| 142|0x0000000711c00000, 0x0000000711c00000, 0x0000000711e00000|  0%| F|  |TAMS 0x0000000711c00000, 0x0000000711c00000| Untracked 
| 143|0x0000000711e00000, 0x0000000711e00000, 0x0000000712000000|  0%| F|  |TAMS 0x0000000711e00000, 0x0000000711e00000| Untracked 
| 144|0x0000000712000000, 0x0000000712000000, 0x0000000712200000|  0%| F|  |TAMS 0x0000000712000000, 0x0000000712000000| Untracked 
| 145|0x0000000712200000, 0x0000000712200000, 0x0000000712400000|  0%| F|  |TAMS 0x0000000712200000, 0x0000000712200000| Untracked 
| 146|0x0000000712400000, 0x0000000712400000, 0x0000000712600000|  0%| F|  |TAMS 0x0000000712400000, 0x0000000712400000| Untracked 
| 147|0x0000000712600000, 0x0000000712600000, 0x0000000712800000|  0%| F|  |TAMS 0x0000000712600000, 0x0000000712600000| Untracked 
| 148|0x0000000712800000, 0x000000071282ebf8, 0x0000000712a00000|  9%| E|  |TAMS 0x0000000712800000, 0x0000000712800000| Complete 
| 149|0x0000000712a00000, 0x0000000712c00000, 0x0000000712c00000|100%| E|CS|TAMS 0x0000000712a00000, 0x0000000712a00000| Complete 
| 150|0x0000000712c00000, 0x0000000712e00000, 0x0000000712e00000|100%| E|CS|TAMS 0x0000000712c00000, 0x0000000712c00000| Complete 
| 151|0x0000000712e00000, 0x0000000713000000, 0x0000000713000000|100%| E|CS|TAMS 0x0000000712e00000, 0x0000000712e00000| Complete 
| 152|0x0000000713000000, 0x0000000713200000, 0x0000000713200000|100%| E|CS|TAMS 0x0000000713000000, 0x0000000713000000| Complete 
| 153|0x0000000713200000, 0x0000000713400000, 0x0000000713400000|100%| E|CS|TAMS 0x0000000713200000, 0x0000000713200000| Complete 
| 154|0x0000000713400000, 0x0000000713600000, 0x0000000713600000|100%| E|CS|TAMS 0x0000000713400000, 0x0000000713400000| Complete 
| 155|0x0000000713600000, 0x0000000713800000, 0x0000000713800000|100%| E|CS|TAMS 0x0000000713600000, 0x0000000713600000| Complete 

Card table byte_map: [0x00000289b89b0000,0x00000289b91b0000] _byte_map_base: 0x00000289b51b0000

Marking Bits (Prev, Next): (CMBitMap*) 0x00000289a3b0cd50, (CMBitMap*) 0x00000289a3b0cd90
 Prev Bits: [0x00000289b99b0000, 0x00000289bd9b0000)
 Next Bits: [0x00000289bd9b0000, 0x00000289c19b0000)

Polling page: 0x00000289a3b50000

Metaspace:

Usage:
  Non-class:     94.34 MB used.
      Class:     14.94 MB used.
       Both:    109.29 MB used.

Virtual space:
  Non-class space:       96.00 MB reserved,      94.88 MB ( 99%) committed,  12 nodes.
      Class space:        1.00 GB reserved,      15.38 MB (  2%) committed,  1 nodes.
             Both:        1.09 GB reserved,     110.25 MB ( 10%) committed. 

Chunk freelists:
   Non-Class:  1.16 MB
       Class:  510.00 KB
        Both:  1.66 MB

MaxMetaspaceSize: unlimited
CompressedClassSpaceSize: 1.00 GB
Initial GC threshold: 21.00 MB
Current GC threshold: 159.62 MB
CDS: off
MetaspaceReclaimPolicy: balanced
 - commit_granule_bytes: 65536.
 - commit_granule_words: 8192.
 - virtual_space_node_default_size: 1048576.
 - enlarge_chunks_in_place: 1.
 - new_chunks_are_fully_committed: 0.
 - uncommit_free_chunks: 1.
 - use_allocation_guard: 0.
 - handle_deallocations: 1.


Internal statistics:

num_allocs_failed_limit: 9.
num_arena_births: 1110.
num_arena_deaths: 0.
num_vsnodes_births: 13.
num_vsnodes_deaths: 0.
num_space_committed: 1764.
num_space_uncommitted: 0.
num_chunks_returned_to_freelist: 9.
num_chunks_taken_from_freelist: 5233.
num_chunk_merges: 6.
num_chunk_splits: 3459.
num_chunks_enlarged: 2322.
num_purges: 0.
num_inconsistent_stats: 0.

CodeHeap 'non-profiled nmethods': size=120000Kb used=5420Kb max_used=5723Kb free=114579Kb
 bounds [0x00000289b0210000, 0x00000289b07b0000, 0x00000289b7740000]
CodeHeap 'profiled nmethods': size=120000Kb used=21053Kb max_used=21053Kb free=98946Kb
 bounds [0x00000289a8740000, 0x00000289a9bd0000, 0x00000289afc70000]
CodeHeap 'non-nmethods': size=5760Kb used=2474Kb max_used=2528Kb free=3285Kb
 bounds [0x00000289afc70000, 0x00000289aff00000, 0x00000289b0210000]
 total_blobs=12243 nmethods=11244 adapters=909
 compilation: enabled
              stopped_count=0, restarted_count=0
 full_count=0

Compilation events (20 events):
Event: 35.568 Thread 0x00000289c50b5e40 13008       1       org.gradle.launcher.daemon.protocol.OutputMessage::getEvent (5 bytes)
Event: 35.568 Thread 0x00000289c50b5e40 nmethod 13008 0x00000289b036f890 code [0x00000289b036fa20, 0x00000289b036faf8]
Event: 35.569 Thread 0x00000289c50b5e40 13009       3       java.nio.charset.CharsetDecoder::onMalformedInput (26 bytes)
Event: 35.569 Thread 0x00000289c50b5e40 nmethod 13009 0x00000289a9bce310 code [0x00000289a9bce4c0, 0x00000289a9bce828]
Event: 35.569 Thread 0x00000289c50b5e40 13010       3       java.nio.charset.CharsetDecoder::implOnMalformedInput (1 bytes)
Event: 35.569 Thread 0x00000289c50b5e40 nmethod 13010 0x00000289a9bce910 code [0x00000289a9bceaa0, 0x00000289a9bcebb8]
Event: 35.569 Thread 0x00000289c50b5e40 13011       3       java.nio.charset.CharsetDecoder::onUnmappableCharacter (26 bytes)
Event: 35.569 Thread 0x00000289c50b5e40 nmethod 13011 0x00000289a9bcec90 code [0x00000289a9bcee40, 0x00000289a9bcf1a8]
Event: 35.569 Thread 0x00000289c50b5e40 13012       3       java.nio.charset.CharsetDecoder::implOnUnmappableCharacter (1 bytes)
Event: 35.569 Thread 0x00000289c50b5e40 nmethod 13012 0x00000289a9bcf290 code [0x00000289a9bcf420, 0x00000289a9bcf538]
Event: 35.685 Thread 0x00000289c50b4530 nmethod 12988 0x00000289b0461490 code [0x00000289b0461860, 0x00000289b0464cb8]
Event: 35.685 Thread 0x00000289c50b4530 13000       4       org.gradle.internal.logging.text.AbstractLineChoppingStyledTextOutput$StateContext::setState (10 bytes)
Event: 35.687 Thread 0x00000289c50b4530 nmethod 13000 0x00000289b0736290 code [0x00000289b0736400, 0x00000289b0736558]
Event: 35.687 Thread 0x00000289c50b4530 12990       4       org.gradle.internal.logging.text.AbstractLineChoppingStyledTextOutput$StateContext::hasChar (25 bytes)
Event: 35.688 Thread 0x00000289c50b4530 nmethod 12990 0x00000289b036f590 code [0x00000289b036f700, 0x00000289b036f798]
Event: 35.688 Thread 0x00000289c50b4530 13004       4       org.gradle.internal.io.StreamByteBuffer::allocateSpace (73 bytes)
Event: 35.689 Thread 0x00000289c50b4530 nmethod 13004 0x00000289b0735f90 code [0x00000289b0736100, 0x00000289b07361b8]
Event: 35.689 Thread 0x00000289c50b4530 13001       4       org.gradle.internal.io.StreamByteBuffer::prepareRead (102 bytes)
Event: 35.692 Thread 0x00000289c50b4530 nmethod 13001 0x00000289b0735b10 code [0x00000289b0735c80, 0x00000289b0735e58]
Event: 35.692 Thread 0x00000289c50b4530 12996       4       java.lang.reflect.AccessibleObject::checkCanSetAccessible (368 bytes)

GC Heap History (20 events):
Event: 20.616 GC heap before
{Heap before GC invocations=37 (full 0):
 garbage-first heap   total 159744K, used 123269K [0x0000000700000000, 0x0000000800000000)
  region size 2048K, 25 young (51200K), 2 survivors (4096K)
 Metaspace       used 88109K, committed 88832K, reserved 1130496K
  class space    used 11851K, committed 12160K, reserved 1048576K
}
Event: 20.622 GC heap after
{Heap after GC invocations=38 (full 0):
 garbage-first heap   total 159744K, used 79324K [0x0000000700000000, 0x0000000800000000)
  region size 2048K, 4 young (8192K), 4 survivors (8192K)
 Metaspace       used 88109K, committed 88832K, reserved 1130496K
  class space    used 11851K, committed 12160K, reserved 1048576K
}
Event: 20.665 GC heap before
{Heap before GC invocations=38 (full 0):
 garbage-first heap   total 159744K, used 81372K [0x0000000700000000, 0x0000000800000000)
  region size 2048K, 5 young (10240K), 4 survivors (8192K)
 Metaspace       used 88273K, committed 88960K, reserved 1130496K
  class space    used 11871K, committed 12160K, reserved 1048576K
}
Event: 20.672 GC heap after
{Heap after GC invocations=39 (full 0):
 garbage-first heap   total 159744K, used 78398K [0x0000000700000000, 0x0000000800000000)
  region size 2048K, 1 young (2048K), 1 survivors (2048K)
 Metaspace       used 88273K, committed 88960K, reserved 1130496K
  class space    used 11871K, committed 12160K, reserved 1048576K
}
Event: 21.290 GC heap before
{Heap before GC invocations=39 (full 0):
 garbage-first heap   total 159744K, used 125502K [0x0000000700000000, 0x0000000800000000)
  region size 2048K, 24 young (49152K), 1 survivors (2048K)
 Metaspace       used 90141K, committed 90816K, reserved 1130496K
  class space    used 12134K, committed 12416K, reserved 1048576K
}
Event: 21.296 GC heap after
{Heap after GC invocations=40 (full 0):
 garbage-first heap   total 159744K, used 79756K [0x0000000700000000, 0x0000000800000000)
  region size 2048K, 2 young (4096K), 2 survivors (4096K)
 Metaspace       used 90141K, committed 90816K, reserved 1130496K
  class space    used 12134K, committed 12416K, reserved 1048576K
}
Event: 22.018 GC heap before
{Heap before GC invocations=41 (full 0):
 garbage-first heap   total 159744K, used 126860K [0x0000000700000000, 0x0000000800000000)
  region size 2048K, 25 young (51200K), 2 survivors (4096K)
 Metaspace       used 93674K, committed 94336K, reserved 1130496K
  class space    used 12714K, committed 12992K, reserved 1048576K
}
Event: 22.024 GC heap after
{Heap after GC invocations=42 (full 0):
 garbage-first heap   total 159744K, used 82900K [0x0000000700000000, 0x0000000800000000)
  region size 2048K, 3 young (6144K), 3 survivors (6144K)
 Metaspace       used 93674K, committed 94336K, reserved 1130496K
  class space    used 12714K, committed 12992K, reserved 1048576K
}
Event: 22.055 GC heap before
{Heap before GC invocations=42 (full 0):
 garbage-first heap   total 159744K, used 84948K [0x0000000700000000, 0x0000000800000000)
  region size 2048K, 4 young (8192K), 3 survivors (6144K)
 Metaspace       used 93889K, committed 94592K, reserved 1138688K
  class space    used 12762K, committed 13056K, reserved 1048576K
}
Event: 22.061 GC heap after
{Heap after GC invocations=43 (full 0):
 garbage-first heap   total 159744K, used 82439K [0x0000000700000000, 0x0000000800000000)
  region size 2048K, 1 young (2048K), 1 survivors (2048K)
 Metaspace       used 93889K, committed 94592K, reserved 1138688K
  class space    used 12762K, committed 13056K, reserved 1048576K
}
Event: 22.730 GC heap before
{Heap before GC invocations=43 (full 0):
 garbage-first heap   total 159744K, used 127495K [0x0000000700000000, 0x0000000800000000)
  region size 2048K, 23 young (47104K), 1 survivors (2048K)
 Metaspace       used 97287K, committed 97984K, reserved 1138688K
  class space    used 13324K, committed 13632K, reserved 1048576K
}
Event: 22.736 GC heap after
{Heap after GC invocations=44 (full 0):
 garbage-first heap   total 159744K, used 85662K [0x0000000700000000, 0x0000000800000000)
  region size 2048K, 2 young (4096K), 2 survivors (4096K)
 Metaspace       used 97287K, committed 97984K, reserved 1138688K
  class space    used 13324K, committed 13632K, reserved 1048576K
}
Event: 23.644 GC heap before
{Heap before GC invocations=45 (full 0):
 garbage-first heap   total 159744K, used 130718K [0x0000000700000000, 0x0000000800000000)
  region size 2048K, 24 young (49152K), 2 survivors (4096K)
 Metaspace       used 98634K, committed 99392K, reserved 1138688K
  class space    used 13506K, committed 13824K, reserved 1048576K
}
Event: 23.654 GC heap after
{Heap after GC invocations=46 (full 0):
 garbage-first heap   total 159744K, used 90749K [0x0000000700000000, 0x0000000800000000)
  region size 2048K, 3 young (6144K), 3 survivors (6144K)
 Metaspace       used 98634K, committed 99392K, reserved 1138688K
  class space    used 13506K, committed 13824K, reserved 1048576K
}
Event: 23.668 GC heap before
{Heap before GC invocations=46 (full 0):
 garbage-first heap   total 159744K, used 90749K [0x0000000700000000, 0x0000000800000000)
  region size 2048K, 4 young (8192K), 3 survivors (6144K)
 Metaspace       used 98646K, committed 99392K, reserved 1138688K
  class space    used 13506K, committed 13824K, reserved 1048576K
}
Event: 23.677 GC heap after
{Heap after GC invocations=47 (full 0):
 garbage-first heap   total 319488K, used 90484K [0x0000000700000000, 0x0000000800000000)
  region size 2048K, 1 young (2048K), 1 survivors (2048K)
 Metaspace       used 98646K, committed 99392K, reserved 1138688K
  class space    used 13506K, committed 13824K, reserved 1048576K
}
Event: 26.587 GC heap before
{Heap before GC invocations=47 (full 0):
 garbage-first heap   total 319488K, used 237940K [0x0000000700000000, 0x0000000800000000)
  region size 2048K, 74 young (151552K), 1 survivors (2048K)
 Metaspace       used 106619K, committed 107520K, reserved 1146880K
  class space    used 14643K, committed 15040K, reserved 1048576K
}
Event: 26.606 GC heap after
{Heap after GC invocations=48 (full 0):
 garbage-first heap   total 319488K, used 121099K [0x0000000700000000, 0x0000000800000000)
  region size 2048K, 10 young (20480K), 10 survivors (20480K)
 Metaspace       used 106619K, committed 107520K, reserved 1146880K
  class space    used 14643K, committed 15040K, reserved 1048576K
}
Event: 28.084 GC heap before
{Heap before GC invocations=48 (full 0):
 garbage-first heap   total 319488K, used 215307K [0x0000000700000000, 0x0000000800000000)
  region size 2048K, 56 young (114688K), 10 survivors (20480K)
 Metaspace       used 111445K, committed 112320K, reserved 1146880K
  class space    used 15223K, committed 15616K, reserved 1048576K
}
Event: 28.101 GC heap after
{Heap after GC invocations=49 (full 0):
 garbage-first heap   total 319488K, used 133976K [0x0000000700000000, 0x0000000800000000)
  region size 2048K, 6 young (12288K), 6 survivors (12288K)
 Metaspace       used 111445K, committed 112320K, reserved 1146880K
  class space    used 15223K, committed 15616K, reserved 1048576K
}

Dll operation events (2 events):
Event: 0.009 Loaded shared library C:\Program Files\Android\Android Studio\jbr\bin\java.dll
Event: 0.478 Loaded shared library C:\Program Files\Android\Android Studio\jbr\bin\verify.dll

Deoptimization events (20 events):
Event: 28.241 Thread 0x00000289c98e6e00 DEOPT PACKING pc=0x00000289a894e325 sp=0x000000f4ba9fae60
Event: 28.241 Thread 0x00000289c98e6e00 DEOPT UNPACKING pc=0x00000289afccace3 sp=0x000000f4ba9fa310 mode 0
Event: 28.242 Thread 0x00000289c98e6e00 DEOPT PACKING pc=0x00000289a894e325 sp=0x000000f4ba9fae60
Event: 28.242 Thread 0x00000289c98e6e00 DEOPT UNPACKING pc=0x00000289afccace3 sp=0x000000f4ba9fa310 mode 0
Event: 28.247 Thread 0x00000289c98e6e00 Uncommon trap: trap_request=0xffffff45 fr.pc=0x00000289b05df15c relative=0x00000000000006bc
Event: 28.247 Thread 0x00000289c98e6e00 Uncommon trap: reason=unstable_if action=reinterpret pc=0x00000289b05df15c method=org.gradle.internal.snapshot.VfsRelativePath.lengthOfCommonPrefix(Ljava/lang/String;Lorg/gradle/internal/snapshot/CaseSensitivity;)I @ 165 c2
Event: 28.247 Thread 0x00000289c98e6e00 DEOPT PACKING pc=0x00000289b05df15c sp=0x000000f4ba9fc060
Event: 28.247 Thread 0x00000289c98e6e00 DEOPT UNPACKING pc=0x00000289afcca1a3 sp=0x000000f4ba9fbff0 mode 2
Event: 28.283 Thread 0x00000289c98e6e00 Uncommon trap: trap_request=0xffffffc6 fr.pc=0x00000289b0500778 relative=0x0000000000000798
Event: 28.283 Thread 0x00000289c98e6e00 Uncommon trap: reason=bimorphic_or_optimized_type_check action=maybe_recompile pc=0x00000289b0500778 method=java.util.stream.MatchOps$MatchOp.evaluateSequential(Ljava/util/stream/PipelineHelper;Ljava/util/Spliterator;)Ljava/lang/Boolean; @ 14 c2
Event: 28.283 Thread 0x00000289c98e6e00 DEOPT PACKING pc=0x00000289b0500778 sp=0x000000f4ba9f9bc0
Event: 28.283 Thread 0x00000289c98e6e00 DEOPT UNPACKING pc=0x00000289afcca1a3 sp=0x000000f4ba9f9af8 mode 2
Event: 28.284 Thread 0x00000289c98e6e00 Uncommon trap: trap_request=0xffffffc6 fr.pc=0x00000289b0500778 relative=0x0000000000000798
Event: 28.284 Thread 0x00000289c98e6e00 Uncommon trap: reason=bimorphic_or_optimized_type_check action=maybe_recompile pc=0x00000289b0500778 method=java.util.stream.MatchOps$MatchOp.evaluateSequential(Ljava/util/stream/PipelineHelper;Ljava/util/Spliterator;)Ljava/lang/Boolean; @ 14 c2
Event: 28.284 Thread 0x00000289c98e6e00 DEOPT PACKING pc=0x00000289b0500778 sp=0x000000f4ba9f9bc0
Event: 28.284 Thread 0x00000289c98e6e00 DEOPT UNPACKING pc=0x00000289afcca1a3 sp=0x000000f4ba9f9af8 mode 2
Event: 35.530 Thread 0x00000289cc29ef50 Uncommon trap: trap_request=0xffffff45 fr.pc=0x00000289b03805d0 relative=0x00000000000000b0
Event: 35.530 Thread 0x00000289cc29ef50 Uncommon trap: reason=unstable_if action=reinterpret pc=0x00000289b03805d0 method=org.gradle.internal.operations.logging.LoggingBuildOperationProgressBroadcaster.onOutput(Lorg/gradle/internal/logging/events/OutputEvent;)V @ 4 c2
Event: 35.530 Thread 0x00000289cc29ef50 DEOPT PACKING pc=0x00000289b03805d0 sp=0x000000f4c0cfe6e0
Event: 35.530 Thread 0x00000289cc29ef50 DEOPT UNPACKING pc=0x00000289afcca1a3 sp=0x000000f4c0cfe660 mode 2

Classes unloaded (0 events):
No events

Classes redefined (0 events):
No events

Internal exceptions (20 events):
Event: 28.318 Thread 0x00000289c98e6e00 Exception <a 'java/lang/ClassNotFoundException'{0x0000000712d17c28}: org/gradle/process/internal/DefaultExecAction_DecoratedBeanInfo> (0x0000000712d17c28) 
thrown [s\src\hotspot\share\classfile\systemDictionary.cpp, line 256]
Event: 28.319 Thread 0x00000289c98e6e00 Exception <a 'java/lang/ClassNotFoundException'{0x0000000712d29ac0}: org/gradle/process/internal/DefaultExecActionBeanInfo> (0x0000000712d29ac0) 
thrown [s\src\hotspot\share\classfile\systemDictionary.cpp, line 256]
Event: 28.320 Thread 0x00000289c98e6e00 Exception <a 'java/lang/ClassNotFoundException'{0x0000000712d3c7e8}: org/gradle/process/internal/DefaultExecHandleBuilderBeanInfo> (0x0000000712d3c7e8) 
thrown [s\src\hotspot\share\classfile\systemDictionary.cpp, line 256]
Event: 28.321 Thread 0x00000289c98e6e00 Exception <a 'java/lang/ClassNotFoundException'{0x0000000712d4faa8}: org/gradle/process/internal/AbstractExecHandleBuilderBeanInfo> (0x0000000712d4faa8) 
thrown [s\src\hotspot\share\classfile\systemDictionary.cpp, line 256]
Event: 28.321 Thread 0x00000289c98e6e00 Exception <a 'java/lang/ClassNotFoundException'{0x0000000712d63810}: org/gradle/process/internal/DefaultProcessForkOptionsBeanInfo> (0x0000000712d63810) 
thrown [s\src\hotspot\share\classfile\systemDictionary.cpp, line 256]
Event: 28.322 Thread 0x00000289c98e6e00 Exception <a 'java/lang/ClassNotFoundException'{0x0000000712d76bb0}: org/gradle/process/internal/DefaultProcessForkOptionsCustomizer> (0x0000000712d76bb0) 
thrown [s\src\hotspot\share\classfile\systemDictionary.cpp, line 256]
Event: 28.324 Thread 0x00000289c98e6e00 Exception <a 'java/lang/ClassNotFoundException'{0x0000000712d97878}: org/gradle/process/internal/AbstractExecHandleBuilderCustomizer> (0x0000000712d97878) 
thrown [s\src\hotspot\share\classfile\systemDictionary.cpp, line 256]
Event: 28.325 Thread 0x00000289c98e6e00 Exception <a 'java/lang/ClassNotFoundException'{0x0000000712dbc678}: org/gradle/process/internal/DefaultExecHandleBuilderCustomizer> (0x0000000712dbc678) 
thrown [s\src\hotspot\share\classfile\systemDictionary.cpp, line 256]
Event: 28.327 Thread 0x00000289c98e6e00 Exception <a 'java/lang/ClassNotFoundException'{0x0000000712dfcd30}: org/gradle/process/internal/DefaultExecActionCustomizer> (0x0000000712dfcd30) 
thrown [s\src\hotspot\share\classfile\systemDictionary.cpp, line 256]
Event: 28.329 Thread 0x00000289c98e6e00 Exception <a 'java/lang/ClassNotFoundException'{0x0000000712a19330}: org/gradle/process/internal/DefaultExecAction_DecoratedCustomizer> (0x0000000712a19330) 
thrown [s\src\hotspot\share\classfile\systemDictionary.cpp, line 256]
Event: 28.331 Thread 0x00000289c98e6e00 Exception <a 'java/lang/ClassNotFoundException'{0x0000000712a52e38}: org/gradle/api/logging/LogLevelBeanInfo> (0x0000000712a52e38) 
thrown [s\src\hotspot\share\classfile\systemDictionary.cpp, line 256]
Event: 28.332 Thread 0x00000289c98e6e00 Exception <a 'java/lang/ClassNotFoundException'{0x0000000712a64890}: org/gradle/api/logging/LogLevelCustomizer> (0x0000000712a64890) 
thrown [s\src\hotspot\share\classfile\systemDictionary.cpp, line 256]
Event: 28.336 Thread 0x00000289c98e6e00 Exception <a 'java/lang/ClassNotFoundException'{0x0000000712aac948}: org/gradle/internal/logging/services/DefaultLoggingManagerBeanInfo> (0x0000000712aac948) 
thrown [s\src\hotspot\share\classfile\systemDictionary.cpp, line 256]
Event: 28.337 Thread 0x00000289c98e6e00 Exception <a 'java/lang/ClassNotFoundException'{0x0000000712abed08}: org/gradle/internal/logging/services/DefaultLoggingManagerCustomizer> (0x0000000712abed08) 
thrown [s\src\hotspot\share\classfile\systemDictionary.cpp, line 256]
Event: 28.342 Thread 0x00000289c98e6e00 Exception <a 'java/lang/ClassNotFoundException'{0x0000000712af0210}: java/lang/BooleanBeanInfo> (0x0000000712af0210) 
thrown [s\src\hotspot\share\classfile\systemDictionary.cpp, line 256]
Event: 28.343 Thread 0x00000289c98e6e00 Exception <a 'java/lang/ClassNotFoundException'{0x0000000712af6c48}: java/lang/BooleanCustomizer> (0x0000000712af6c48) 
thrown [s\src\hotspot\share\classfile\systemDictionary.cpp, line 256]
Event: 28.477 Thread 0x00000289cc29ea80 Exception <a 'java/lang/NoSuchMethodError'{0x0000000712b8ffe8}: 'void java.lang.invoke.DirectMethodHandle$Holder.invokeStatic(java.lang.Object, long)'> (0x0000000712b8ffe8) 
thrown [s\src\hotspot\share\interpreter\linkResolver.cpp, line 771]
Event: 28.478 Thread 0x00000289cc29ea80 Exception <a 'java/lang/NoSuchMethodError'{0x0000000712b95350}: 'java.lang.Object java.lang.invoke.DirectMethodHandle$Holder.newInvokeSpecial(java.lang.Object, long)'> (0x0000000712b95350) 
thrown [s\src\hotspot\share\interpreter\linkResolver.cpp, line 771]
Event: 28.481 Thread 0x00000289cc29ea80 Exception <a 'java/lang/NoSuchMethodError'{0x0000000712b9c040}: 'java.lang.Object java.lang.invoke.DirectMethodHandle$Holder.invokeStatic(java.lang.Object, java.lang.Object, long, java.lang.Object)'> (0x0000000712b9c040) 
thrown [s\src\hotspot\share\interpreter\linkResolver.cpp, line 771]
Event: 28.481 Thread 0x00000289cc29ea80 Exception <a 'java/lang/NoSuchMethodError'{0x0000000712b9f818}: 'java.lang.Object java.lang.invoke.DirectMethodHandle$Holder.invokeStaticInit(java.lang.Object, java.lang.Object, long, java.lang.Object)'> (0x0000000712b9f818) 
thrown [s\src\hotspot\share\interpreter\linkResolver.cpp, line 771]

VM Operations (20 events):
Event: 27.903 Executing VM operation: HandshakeAllThreads
Event: 27.904 Executing VM operation: HandshakeAllThreads done
Event: 28.006 Executing VM operation: ICBufferFull
Event: 28.007 Executing VM operation: ICBufferFull done
Event: 28.084 Executing VM operation: G1CollectForAllocation
Event: 28.102 Executing VM operation: G1CollectForAllocation done
Event: 28.268 Executing VM operation: HandshakeAllThreads
Event: 28.268 Executing VM operation: HandshakeAllThreads done
Event: 28.271 Executing VM operation: HandshakeAllThreads
Event: 28.271 Executing VM operation: HandshakeAllThreads done
Event: 28.484 Executing VM operation: HandshakeAllThreads
Event: 28.485 Executing VM operation: HandshakeAllThreads done
Event: 29.489 Executing VM operation: Cleanup
Event: 29.489 Executing VM operation: Cleanup done
Event: 31.512 Executing VM operation: Cleanup
Event: 31.513 Executing VM operation: Cleanup done
Event: 33.537 Executing VM operation: Cleanup
Event: 33.537 Executing VM operation: Cleanup done
Event: 35.528 Executing VM operation: HandshakeAllThreads
Event: 35.528 Executing VM operation: HandshakeAllThreads done

Events (20 events):
Event: 28.341 loading class java/lang/BooleanBeanInfo done
Event: 28.342 loading class java/lang/BooleanBeanInfo
Event: 28.342 loading class java/lang/BooleanBeanInfo done
Event: 28.342 loading class java/lang/BooleanCustomizer
Event: 28.342 loading class java/lang/BooleanCustomizer done
Event: 28.343 loading class java/lang/BooleanCustomizer
Event: 28.343 loading class java/lang/BooleanCustomizer done
Event: 28.356 Thread 0x00000289cc29ea80 Thread added: 0x00000289cc29ea80
Event: 28.359 loading class java/lang/ProcessImpl
Event: 28.361 loading class java/lang/ProcessImpl done
Event: 28.479 loading class java/lang/ProcessHandleImpl
Event: 28.480 loading class java/lang/ProcessHandleImpl done
Event: 28.482 loading class java/lang/ProcessImpl$2
Event: 28.483 loading class java/lang/ProcessImpl$2 done
Event: 28.483 loading class java/lang/Process$PipeInputStream
Event: 28.483 loading class java/lang/Process$PipeInputStream done
Event: 28.485 loading class jdk/internal/event/ProcessStartEvent
Event: 28.485 loading class jdk/internal/event/ProcessStartEvent done
Event: 28.487 Thread 0x00000289cc29ef50 Thread added: 0x00000289cc29ef50
Event: 28.487 Thread 0x00000289c98e8fb0 Thread added: 0x00000289c98e8fb0


Dynamic libraries:
0x00007ff6ae790000 - 0x00007ff6ae79a000 	C:\Program Files\Android\Android Studio\jbr\bin\java.exe
0x00007ff804b90000 - 0x00007ff804da7000 	C:\WINDOWS\SYSTEM32\ntdll.dll
0x00007fffcbd30000 - 0x00007fffcbd4a000 	D:\Installed_2024_new\Avast\Avast\aswhook.dll
0x00007ff803160000 - 0x00007ff803224000 	C:\WINDOWS\System32\KERNEL32.DLL
0x00007ff801fd0000 - 0x00007ff80237d000 	C:\WINDOWS\System32\KERNELBASE.dll
0x00007ff801eb0000 - 0x00007ff801fc1000 	C:\WINDOWS\System32\ucrtbase.dll
0x00007fffde190000 - 0x00007fffde1a7000 	C:\Program Files\Android\Android Studio\jbr\bin\jli.dll
0x00007fffd2fc0000 - 0x00007fffd2fdb000 	C:\Program Files\Android\Android Studio\jbr\bin\VCRUNTIME140.dll
0x00007ff804310000 - 0x00007ff8044be000 	C:\WINDOWS\System32\USER32.dll
0x00007ff8025e0000 - 0x00007ff802606000 	C:\WINDOWS\System32\win32u.dll
0x00007fffdce90000 - 0x00007fffdd123000 	C:\WINDOWS\WinSxS\amd64_microsoft.windows.common-controls_6595b64144ccf1df_6.0.22621.3672_none_2713b9d173822955\COMCTL32.dll
0x00007ff8034d0000 - 0x00007ff8034f9000 	C:\WINDOWS\System32\GDI32.dll
0x00007ff802610000 - 0x00007ff802729000 	C:\WINDOWS\System32\gdi32full.dll
0x00007ff802b70000 - 0x00007ff802c17000 	C:\WINDOWS\System32\msvcrt.dll
0x00007ff802760000 - 0x00007ff8027fa000 	C:\WINDOWS\System32\msvcp_win.dll
0x00007ff803520000 - 0x00007ff803551000 	C:\WINDOWS\System32\IMM32.DLL
0x00007fffbb220000 - 0x00007fffbb22c000 	C:\Program Files\Android\Android Studio\jbr\bin\vcruntime140_1.dll
0x00007fff90510000 - 0x00007fff9059d000 	C:\Program Files\Android\Android Studio\jbr\bin\msvcp140.dll
0x00007fff2ff00000 - 0x00007fff30b6e000 	C:\Program Files\Android\Android Studio\jbr\bin\server\jvm.dll
0x00007ff803310000 - 0x00007ff8033c2000 	C:\WINDOWS\System32\ADVAPI32.dll
0x00007ff8048b0000 - 0x00007ff804959000 	C:\WINDOWS\System32\sechost.dll
0x00007ff802730000 - 0x00007ff802758000 	C:\WINDOWS\System32\bcrypt.dll
0x00007ff8041f0000 - 0x00007ff804304000 	C:\WINDOWS\System32\RPCRT4.dll
0x00007fffe89b0000 - 0x00007fffe89b9000 	C:\WINDOWS\SYSTEM32\WSOCK32.dll
0x00007ffffabf0000 - 0x00007ffffabfa000 	C:\WINDOWS\SYSTEM32\VERSION.dll
0x00007ffffd0d0000 - 0x00007ffffd104000 	C:\WINDOWS\SYSTEM32\WINMM.dll
0x00007ff804970000 - 0x00007ff8049e1000 	C:\WINDOWS\System32\WS2_32.dll
0x00007ff800ea0000 - 0x00007ff800eb8000 	C:\WINDOWS\SYSTEM32\kernel.appcore.dll
0x00007fffb4e20000 - 0x00007fffb4e2a000 	C:\Program Files\Android\Android Studio\jbr\bin\jimage.dll
0x00007fffff4b0000 - 0x00007fffff6e2000 	C:\WINDOWS\SYSTEM32\DBGHELP.DLL
0x00007ff804520000 - 0x00007ff8048ad000 	C:\WINDOWS\System32\combase.dll
0x00007ff803230000 - 0x00007ff803307000 	C:\WINDOWS\System32\OLEAUT32.dll
0x00007ffff9180000 - 0x00007ffff91b2000 	C:\WINDOWS\SYSTEM32\dbgcore.DLL
0x00007ff802380000 - 0x00007ff8023fb000 	C:\WINDOWS\System32\bcryptPrimitives.dll
0x00007fffa7190000 - 0x00007fffa71b5000 	C:\Program Files\Android\Android Studio\jbr\bin\java.dll
0x00007fffb4210000 - 0x00007fffb4228000 	C:\Program Files\Android\Android Studio\jbr\bin\zip.dll
0x00007ff803560000 - 0x00007ff803dc8000 	C:\WINDOWS\System32\SHELL32.dll
0x00007fffff6f0000 - 0x00007ffffffee000 	C:\WINDOWS\SYSTEM32\windows.storage.dll
0x00007ff800570000 - 0x00007ff8006af000 	C:\WINDOWS\SYSTEM32\wintypes.dll
0x00007ff804a50000 - 0x00007ff804b49000 	C:\WINDOWS\System32\SHCORE.dll
0x00007ff8044c0000 - 0x00007ff80451e000 	C:\WINDOWS\System32\shlwapi.dll
0x00007ff801de0000 - 0x00007ff801e01000 	C:\WINDOWS\SYSTEM32\profapi.dll
0x00007fffb2430000 - 0x00007fffb2449000 	C:\Program Files\Android\Android Studio\jbr\bin\net.dll
0x00007ffffe310000 - 0x00007ffffe446000 	C:\WINDOWS\SYSTEM32\WINHTTP.dll
0x00007ff801370000 - 0x00007ff8013d9000 	C:\WINDOWS\system32\mswsock.dll
0x00007fffa7170000 - 0x00007fffa7186000 	C:\Program Files\Android\Android Studio\jbr\bin\nio.dll
0x00007fffb4140000 - 0x00007fffb4150000 	C:\Program Files\Android\Android Studio\jbr\bin\verify.dll
0x00007fffa0b50000 - 0x00007fffa0b77000 	C:\Users\nemal\.gradle\native\c067742578af261105cb4f569cf0c3c89f3d7b1fecec35dd04571415982c5e48\windows-amd64\native-platform.dll
0x00007fff8aee0000 - 0x00007fff8b024000 	C:\Users\nemal\.gradle\native\38dada09dfb8b06ba9b0570ebf7e218e3eb74d4ef43ca46872605cf95ebc2f47\windows-amd64\native-platform-file-events.dll
0x00007fffa5ad0000 - 0x00007fffa5ad9000 	C:\Program Files\Android\Android Studio\jbr\bin\management.dll
0x00007fffa5420000 - 0x00007fffa542b000 	C:\Program Files\Android\Android Studio\jbr\bin\management_ext.dll
0x00007ff804960000 - 0x00007ff804968000 	C:\WINDOWS\System32\PSAPI.DLL
0x00007ff801690000 - 0x00007ff8016ab000 	C:\WINDOWS\SYSTEM32\CRYPTSP.dll
0x00007ff800e00000 - 0x00007ff800e35000 	C:\WINDOWS\system32\rsaenh.dll
0x00007ff801420000 - 0x00007ff801448000 	C:\WINDOWS\SYSTEM32\USERENV.dll
0x00007ff8015b0000 - 0x00007ff8015bc000 	C:\WINDOWS\SYSTEM32\CRYPTBASE.dll
0x00007ff800910000 - 0x00007ff80093d000 	C:\WINDOWS\SYSTEM32\IPHLPAPI.DLL
0x00007ff803e30000 - 0x00007ff803e39000 	C:\WINDOWS\System32\NSI.dll
0x00007ffffe240000 - 0x00007ffffe259000 	C:\WINDOWS\SYSTEM32\dhcpcsvc6.DLL
0x00007ffffe220000 - 0x00007ffffe23f000 	C:\WINDOWS\SYSTEM32\dhcpcsvc.DLL
0x00007ff800980000 - 0x00007ff800a78000 	C:\WINDOWS\SYSTEM32\DNSAPI.dll
0x00007fffcbc30000 - 0x00007fffcbc38000 	C:\WINDOWS\system32\wshunix.dll
0x00007fffda270000 - 0x00007fffda28b000 	C:\WINDOWS\system32\PrxerNsp.dll
0x00007ffffc430000 - 0x00007ffffc43a000 	C:\Windows\System32\rasadhlp.dll
0x00007ffffd040000 - 0x00007ffffd0c3000 	C:\WINDOWS\System32\fwpuclnt.dll

dbghelp: loaded successfully - version: 4.0.5 - missing functions: none
symbol engine: initialized successfully - sym options: 0x614 - pdb path: .;C:\Program Files\Android\Android Studio\jbr\bin;C:\WINDOWS\SYSTEM32;D:\Installed_2024_new\Avast\Avast;C:\WINDOWS\WinSxS\amd64_microsoft.windows.common-controls_6595b64144ccf1df_6.0.22621.3672_none_2713b9d173822955;C:\Program Files\Android\Android Studio\jbr\bin\server;C:\Users\nemal\.gradle\native\c067742578af261105cb4f569cf0c3c89f3d7b1fecec35dd04571415982c5e48\windows-amd64;C:\Users\nemal\.gradle\native\38dada09dfb8b06ba9b0570ebf7e218e3eb74d4ef43ca46872605cf95ebc2f47\windows-amd64

VM Arguments:
jvm_args: -XX:+HeapDumpOnOutOfMemoryError --add-opens=java.base/java.util=ALL-UNNAMED --add-opens=java.base/java.lang=ALL-UNNAMED --add-opens=java.base/java.lang.invoke=ALL-UNNAMED --add-opens=java.prefs/java.util.prefs=ALL-UNNAMED --add-opens=java.base/java.nio.charset=ALL-UNNAMED --add-opens=java.base/java.net=ALL-UNNAMED --add-opens=java.base/java.util.concurrent.atomic=ALL-UNNAMED -Xmx4G -Dfile.encoding=windows-1252 -Duser.country=US -Duser.language=en -Duser.variant 
java_command: org.gradle.launcher.daemon.bootstrap.GradleDaemon 7.6.3
java_class_path (initial): C:\Users\nemal\.gradle\wrapper\dists\gradle-7.6.3-all\aocdy2d2z8kodnny3rsumj8i8\gradle-7.6.3\lib\gradle-launcher-7.6.3.jar
Launcher Type: SUN_STANDARD

[Global flags]
     intx CICompilerCount                          = 4                                         {product} {ergonomic}
     uint ConcGCThreads                            = 2                                         {product} {ergonomic}
     uint G1ConcRefinementThreads                  = 8                                         {product} {ergonomic}
   size_t G1HeapRegionSize                         = 2097152                                   {product} {ergonomic}
    uintx GCDrainStackTargetSize                   = 64                                        {product} {ergonomic}
     bool HeapDumpOnOutOfMemoryError               = true                                   {manageable} {command line}
   size_t InitialHeapSize                          = 264241152                                 {product} {ergonomic}
   size_t MarkStackSize                            = 4194304                                   {product} {ergonomic}
   size_t MaxHeapSize                              = 4294967296                                {product} {command line}
   size_t MaxNewSize                               = 2575302656                                {product} {ergonomic}
   size_t MinHeapDeltaBytes                        = 2097152                                   {product} {ergonomic}
   size_t MinHeapSize                              = 8388608                                   {product} {ergonomic}
    uintx NonNMethodCodeHeapSize                   = 5839372                                {pd product} {ergonomic}
    uintx NonProfiledCodeHeapSize                  = 122909434                              {pd product} {ergonomic}
    uintx ProfiledCodeHeapSize                     = 122909434                              {pd product} {ergonomic}
    uintx ReservedCodeCacheSize                    = 251658240                              {pd product} {ergonomic}
     bool SegmentedCodeCache                       = true                                      {product} {ergonomic}
   size_t SoftMaxHeapSize                          = 4294967296                             {manageable} {ergonomic}
     bool UseCompressedClassPointers               = true                           {product lp64_product} {ergonomic}
     bool UseCompressedOops                        = true                           {product lp64_product} {ergonomic}
     bool UseG1GC                                  = true                                      {product} {ergonomic}
     bool UseLargePagesIndividualAllocation        = false                                  {pd product} {ergonomic}

Logging:
Log output configuration:
 #0: stdout all=warning uptime,level,tags
 #1: stderr all=off uptime,level,tags

Environment Variables:
JAVA_HOME=C:\Program Files\Android\Android Studio\jbr
CLASSPATH=E:\5_semester\Mobile_App\Pet_Shop\pet_shop\android\\gradle\wrapper\gradle-wrapper.jar
PATH=C:\Program Files\Android\Android Studio\jbr\bin;E:\NVIDIA\NVIDIA GPU Computing Toolkit\CUDA\v12.5\bin;E:\NVIDIA\NVIDIA GPU Computing Toolkit\CUDA\v12.5\libnvvp;C:\Program Files\Common Files\Oracle\Java\javapath;"C:\MinGW\mingw32\bin;C:\Program Files\Common Files\Oracle\Java\javapath";C:\Program Files\Microsoft\jdk-11.0.16.101-hotspot\bin;C:\Windows\system32;C:\Windows;C:\Windows\System32\Wbem;C:\Windows\System32\WindowsPowerShell\v1.0\;C:\Windows\System32\OpenSSH\;C:\Program Files (x86)\NVIDIA Corporation\PhysX\Common;C:\WINDOWS\system32;C:\WINDOWS;C:\WINDOWS\System32\Wbem;C:\WINDOWS\System32\WindowsPowerShell\v1.0\;C:\WINDOWS\System32\OpenSSH\;C:\Program Files\NVIDIA Corporation\NVIDIA NvDLISR;C:\Program Files\Java\jdk-20\bin;C:\Program Files\Microsoft SQL Server\Client SDK\ODBC\170\Tools\Binn\;C:\Users\nemal\AppData\Local\bin\NASM;D:\MatLB\MatLab_install\runtime\win64;D:\MatLB\MatLab_install\bin;C:\Program Files\Azure Data Studio\bin;C:\Program Files\nodejs\;C:\Program Files\Git\cmd;C:\Program Files\apache-maven-3.9.6\apache-maven\src\bin;C:\Program Files\dotnet\;E:\xampp\php;C:\ProgramData\ComposerSetup\bin;C:\Program Files (x86)\Microsoft SQL Server\160\DTS\Binn\;C:\Program Files (x86)\Microsoft SQL Server\160\Tools\Binn\;C:\Program Files\Microsoft SQL Server\160\Tools\Binn\;C:\Program Files\Microsoft SQL Server\160\DTS\Binn\;C:\Program Files\Microsoft SQL Server\150\Tools\Binn\;C:\Users\nemal\AppData\Local\Packages\PythonSoftwareFoundation.Python.3.12_qbz5n2kfra8p0\LocalCache\local-packages\Python312\Scripts;D:\2024software\Anaconda\envs\tenserflow_env\Library\bin;D:\2024software\Anaconda\envs\base\Library\bin;E:\NVIDIA\cudnn-windows-x86_64-9.2.0.82_cuda12-archive\include;E:\NVIDIA\cudnn-windows-x86_64-9.2.0.82_cuda12-archive\bin;E:\NVIDIA\dll_x64;E:\NVIDIA\NVIDIA GPU Computing Toolkit\CUDA\v12.5\extras\CUPTI\lib64;E:\NVIDIA\NVIDIA GPU Computing Toolkit\CUDA\v12.5\extras\CUPTI\include;C:\Program Files\CMake\bin;C:\Program Files\Docker\Docker\resources\bin;C:\
USERNAME=nemal
OS=Windows_NT
PROCESSOR_IDENTIFIER=Intel64 Family 6 Model 140 Stepping 1, GenuineIntel
TMP=C:\Users\nemal\AppData\Local\Temp
TEMP=C:\Users\nemal\AppData\Local\Temp


JNI global refs:
JNI global refs: 26, weak refs: 0

JNI global refs memory usage: 843, weak refs: 841


---------------  S Y S T E M  ---------------

OS:
 Windows 11 , 64 bit Build 22621 (10.0.22621.3958)
OS uptime: 6 days 4:07 hours
Hyper-V role detected

CPU: total 8 (initial active 8) (4 cores per cpu, 2 threads per core) family 6 model 140 stepping 1 microcode 0xb6, cx8, cmov, fxsr, ht, mmx, 3dnowpref, sse, sse2, sse3, ssse3, sse4.1, sse4.2, popcnt, lzcnt, tsc, tscinvbit, avx, avx2, aes, erms, clmul, bmi1, bmi2, adx, avx512f, avx512dq, avx512cd, avx512bw, avx512vl, sha, fma, vzeroupper, avx512_vpopcntdq, avx512_vpclmulqdq, avx512_vaes, avx512_vnni, clflush, clflushopt, clwb, avx512_vbmi2, avx512_vbmi, hv

Memory: 4k page, system-wide physical 16078M (253M free)
TotalPageFile size 46411M (AvailPageFile size 1M)
current process WorkingSet (physical memory assigned to process): 588M, peak: 600M
current process commit charge ("private bytes"): 637M, peak: 645M

vm_info: OpenJDK 64-Bit Server VM (17.0.6+0-b2043.56-10027231) for windows-amd64 JRE (17.0.6+0-b2043.56-10027231), built on Apr 28 2023 00:43:19 by "androidbuild" with MS VC++ 16.10 / 16.11 (VS2019)

END.
