#
# There is insufficient memory for the Java Runtime Environment to continue.
# Native memory allocation (malloc) failed to allocate 32744 bytes for ChunkPool::allocate
# Possible reasons:
#   The system is out of physical RAM or swap space
#   The process is running with CompressedOops enabled, and the Java Heap may be blocking the growth of the native heap
# Possible solutions:
#   Reduce memory load on the system
#   Increase physical memory or swap space
#   Check if swap backing store is full
#   Decrease Java heap size (-Xmx/-Xms)
#   Decrease number of Java threads
#   Decrease Java thread stack sizes (-Xss)
#   Set larger code cache with -XX:ReservedCodeCacheSize=
#   JVM is running with Zero Based Compressed Oops mode in which the Java heap is
#     placed in the first 32GB address space. The Java Heap base address is the
#     maximum limit for the native heap growth. Please use -XX:HeapBaseMinAddress
#     to set the Java Heap base and to place the Java Heap above 32GB virtual address.
# This output file may be truncated or incomplete.
#
#  Out of Memory Error (arena.cpp:78), pid=39840, tid=40804
#
# JRE version: OpenJDK Runtime Environment (17.0.6) (build 17.0.6+0-b2043.56-10027231)
# Java VM: OpenJDK 64-Bit Server VM (17.0.6+0-b2043.56-10027231, mixed mode, tiered, compressed oops, compressed class ptrs, g1 gc, windows-amd64)
# No core dump will be written. Minidumps are not enabled by default on client versions of Windows
#

---------------  S U M M A R Y ------------

Command Line: -XX:+HeapDumpOnOutOfMemoryError --add-opens=java.base/java.util=ALL-UNNAMED --add-opens=java.base/java.lang=ALL-UNNAMED --add-opens=java.base/java.lang.invoke=ALL-UNNAMED --add-opens=java.prefs/java.util.prefs=ALL-UNNAMED --add-opens=java.base/java.nio.charset=ALL-UNNAMED --add-opens=java.base/java.net=ALL-UNNAMED --add-opens=java.base/java.util.concurrent.atomic=ALL-UNNAMED -Xmx4G -Dfile.encoding=windows-1252 -Duser.country=US -Duser.language=en -Duser.variant org.gradle.launcher.daemon.bootstrap.GradleDaemon 7.6.3

Host: 11th Gen Intel(R) Core(TM) i5-1135G7 @ 2.40GHz, 8 cores, 15G,  Windows 11 , 64 bit Build 22621 (10.0.22621.3958)
Time: Fri Aug 23 09:37:39 2024 Sri Lanka Standard Time elapsed time: 41.967482 seconds (0d 0h 0m 41s)

---------------  T H R E A D  ---------------

Current thread (0x000001c4ff8aff60):  JavaThread "C2 CompilerThread0" daemon [_thread_in_native, id=40804, stack(0x000000c389c00000,0x000000c389d00000)]


Current CompileTask:
C2:  41967 12652       4       org.gradle.internal.snapshot.AbstractIncompleteFileSystemNode$2::handleAsDescendantOfChild (10 bytes)

Stack: [0x000000c389c00000,0x000000c389d00000]
Native frames: (J=compiled Java code, j=interpreted, Vv=VM code, C=native code)
V  [jvm.dll+0x683c9a]
V  [jvm.dll+0x8427a4]
V  [jvm.dll+0x843f9e]
V  [jvm.dll+0x844603]
V  [jvm.dll+0x249b75]
V  [jvm.dll+0xabecc]
V  [jvm.dll+0xac27c]
V  [jvm.dll+0x36dad2]
V  [jvm.dll+0x56b9c9]
V  [jvm.dll+0x332f60]
V  [jvm.dll+0x3323da]
V  [jvm.dll+0x21c201]
V  [jvm.dll+0x21b621]
V  [jvm.dll+0x1a4fdd]
V  [jvm.dll+0x22b098]
V  [jvm.dll+0x229159]
V  [jvm.dll+0x7f81ec]
V  [jvm.dll+0x7f274a]
V  [jvm.dll+0x682ad5]
C  [ucrtbase.dll+0x29333]
C  [KERNEL32.DLL+0x1257d]
C  [ntdll.dll+0x5af28]


---------------  P R O C E S S  ---------------

Threads class SMR info:
_java_thread_list=0x000001c497b1d710, length=138, elements={
0x000001c4f32f10a0, 0x000001c4ff87c020, 0x000001c4ff87c8e0, 0x000001c4ff8a9390,
0x000001c4ff8a9e50, 0x000001c4ff8ac810, 0x000001c4ff8af1d0, 0x000001c4ff8aff60,
0x000001c4ff8b0a00, 0x000001c4ff8c3010, 0x000001c4ffa40230, 0x000001c4ffa5a1f0,
0x000001c4956c6820, 0x000001c4955c7c30, 0x000001c49473e470, 0x000001c495283dc0,
0x000001c493f5b900, 0x000001c4947c7220, 0x000001c495663d00, 0x000001c495662e90,
0x000001c495665040, 0x000001c495663360, 0x000001c4956641d0, 0x000001c495665eb0,
0x000001c4956659e0, 0x000001c495666380, 0x000001c495666850, 0x000001c495664b70,
0x000001c495663830, 0x000001c4956646a0, 0x000001c495665510, 0x000001c4942ce700,
0x000001c4942cfa40, 0x000001c4942cbbb0, 0x000001c4942cebd0, 0x000001c4942cff10,
0x000001c4942cf0a0, 0x000001c4942cf570, 0x000001c4942d08b0, 0x000001c4942cb210,
0x000001c4942ce230, 0x000001c4942cc080, 0x000001c4942c9060, 0x000001c4942c9530,
0x000001c4942cdd60, 0x000001c4942ccef0, 0x000001c4942cad40, 0x000001c4942cd3c0,
0x000001c4942cd890, 0x000001c498fd16e0, 0x000001c498fd0d40, 0x000001c498fd2a20,
0x000001c498fd2080, 0x000001c498fcfed0, 0x000001c498fd03a0, 0x000001c498fd0870,
0x000001c498fcf060, 0x000001c498fcf530, 0x000001c498fd2550, 0x000001c498fd1210,
0x000001c49935fed0, 0x000001c499362550, 0x000001c499360d40, 0x000001c499361bb0,
0x000001c499361210, 0x000001c49935f060, 0x000001c4993616e0, 0x000001c499362080,
0x000001c49935f530, 0x000001c49935fa00, 0x000001c4993603a0, 0x000001c499360870,
0x000001c4979811f0, 0x000001c49797e1d0, 0x000001c4979816c0, 0x000001c49797eb70,
0x000001c497980850, 0x000001c497980380, 0x000001c49797d360, 0x000001c49797dd00,
0x000001c49797a810, 0x000001c49797d830, 0x000001c49797c020, 0x000001c497979e70,
0x000001c49797a340, 0x000001c49797c4f0, 0x000001c49797f510, 0x000001c49797ace0,
0x000001c49797e6a0, 0x000001c49797b1b0, 0x000001c49797b680, 0x000001c49797bb50,
0x000001c49797c9c0, 0x000001c49797f040, 0x000001c49797ce90, 0x000001c49797f9e0,
0x000001c49797feb0, 0x000001c497980d20, 0x000001c4933ce9d0, 0x000001c4933ca670,
0x000001c4933ce500, 0x000001c4933ce030, 0x000001c4933c7ff0, 0x000001c4933c8990,
0x000001c4933cdb60, 0x000001c4933ceea0, 0x000001c4933cf370, 0x000001c4933c7b20,
0x000001c4933c9cd0, 0x000001c4933c84c0, 0x000001c4933cbe80, 0x000001c4933c8e60,
0x000001c4933c9330, 0x000001c4933c9800, 0x000001c4933ca1a0, 0x000001c4933cab40,
0x000001c4933cb010, 0x000001c4933cb4e0, 0x000001c4933cb9b0, 0x000001c4933cc350,
0x000001c4933cc820, 0x000001c4933cccf0, 0x000001c4933cd1c0, 0x000001c4933cd690,
0x000001c4970085b0, 0x000001c4970080e0, 0x000001c497008a80, 0x000001c49700b100,
0x000001c497009420, 0x000001c49700b5d0, 0x000001c49700a290, 0x000001c497008f50,
0x000001c4970098f0, 0x000001c49700a760, 0x000001c49333ea80, 0x000001c49333c400,
0x000001c49333abf0, 0x000001c49333c8d0
}

Java Threads: ( => current thread )
  0x000001c4f32f10a0 JavaThread "main" [_thread_blocked, id=22660, stack(0x000000c388f00000,0x000000c389000000)]
  0x000001c4ff87c020 JavaThread "Reference Handler" daemon [_thread_blocked, id=36024, stack(0x000000c389600000,0x000000c389700000)]
  0x000001c4ff87c8e0 JavaThread "Finalizer" daemon [_thread_blocked, id=3148, stack(0x000000c389700000,0x000000c389800000)]
  0x000001c4ff8a9390 JavaThread "Signal Dispatcher" daemon [_thread_blocked, id=41880, stack(0x000000c389800000,0x000000c389900000)]
  0x000001c4ff8a9e50 JavaThread "Attach Listener" daemon [_thread_blocked, id=35168, stack(0x000000c389900000,0x000000c389a00000)]
  0x000001c4ff8ac810 JavaThread "Service Thread" daemon [_thread_blocked, id=30596, stack(0x000000c389a00000,0x000000c389b00000)]
  0x000001c4ff8af1d0 JavaThread "Monitor Deflation Thread" daemon [_thread_blocked, id=41068, stack(0x000000c389b00000,0x000000c389c00000)]
=>0x000001c4ff8aff60 JavaThread "C2 CompilerThread0" daemon [_thread_in_native, id=40804, stack(0x000000c389c00000,0x000000c389d00000)]
  0x000001c4ff8b0a00 JavaThread "C1 CompilerThread0" daemon [_thread_blocked, id=1620, stack(0x000000c389d00000,0x000000c389e00000)]
  0x000001c4ff8c3010 JavaThread "Sweeper thread" daemon [_thread_blocked, id=30928, stack(0x000000c389e00000,0x000000c389f00000)]
  0x000001c4ffa40230 JavaThread "Common-Cleaner" daemon [_thread_blocked, id=28408, stack(0x000000c389f00000,0x000000c38a000000)]
  0x000001c4ffa5a1f0 JavaThread "Notification Thread" daemon [_thread_blocked, id=17748, stack(0x000000c38a000000,0x000000c38a100000)]
  0x000001c4956c6820 JavaThread "Daemon health stats" [_thread_blocked, id=13508, stack(0x000000c38a800000,0x000000c38a900000)]
  0x000001c4955c7c30 JavaThread "Incoming local TCP Connector on port 54470" [_thread_in_native, id=37980, stack(0x000000c38a200000,0x000000c38a300000)]
  0x000001c49473e470 JavaThread "Daemon periodic checks" [_thread_blocked, id=42388, stack(0x000000c38aa00000,0x000000c38ab00000)]
  0x000001c495283dc0 JavaThread "Daemon" [_thread_blocked, id=37688, stack(0x000000c38ab00000,0x000000c38ac00000)]
  0x000001c493f5b900 JavaThread "Handler for socket connection from /127.0.0.1:54470 to /127.0.0.1:54477" [_thread_in_native, id=2592, stack(0x000000c38ac00000,0x000000c38ad00000)]
  0x000001c4947c7220 JavaThread "Cancel handler" [_thread_blocked, id=35408, stack(0x000000c38a900000,0x000000c38aa00000)]
  0x000001c495663d00 JavaThread "Daemon worker" [_thread_blocked, id=3540, stack(0x000000c38ad00000,0x000000c38ae00000)]
  0x000001c495662e90 JavaThread "Asynchronous log dispatcher for DefaultDaemonConnection: socket connection from /127.0.0.1:54470 to /127.0.0.1:54477" [_thread_blocked, id=39132, stack(0x000000c38ae00000,0x000000c38af00000)]
  0x000001c495665040 JavaThread "Stdin handler" [_thread_blocked, id=13744, stack(0x000000c38af00000,0x000000c38b000000)]
  0x000001c495663360 JavaThread "Daemon client event forwarder" [_thread_blocked, id=42976, stack(0x000000c38b000000,0x000000c38b100000)]
  0x000001c4956641d0 JavaThread "Cache worker for journal cache (C:\Users\nemal\.gradle\caches\journal-1)" [_thread_blocked, id=25836, stack(0x000000c38b100000,0x000000c38b200000)]
  0x000001c495665eb0 JavaThread "File lock request listener" [_thread_in_native, id=36472, stack(0x000000c38b200000,0x000000c38b300000)]
  0x000001c4956659e0 JavaThread "Cache worker for file hash cache (C:\Users\nemal\.gradle\caches\7.6.3\fileHashes)" [_thread_blocked, id=38848, stack(0x000000c38b600000,0x000000c38b700000)]
  0x000001c495666380 JavaThread "File watcher server" daemon [_thread_in_native, id=29972, stack(0x000000c38b700000,0x000000c38b800000)]
  0x000001c495666850 JavaThread "File watcher consumer" daemon [_thread_blocked, id=40388, stack(0x000000c38b800000,0x000000c38b900000)]
  0x000001c495664b70 JavaThread "Cache worker for checksums cache (E:\5_semester\Mobile_App\Pet_Shop\pet_shop\android\.gradle\7.6.3\checksums)" [_thread_blocked, id=40232, stack(0x000000c38b900000,0x000000c38ba00000)]
  0x000001c495663830 JavaThread "Cache worker for cache directory md-rule (C:\Users\nemal\.gradle\caches\7.6.3\md-rule)" [_thread_blocked, id=24756, stack(0x000000c38ba00000,0x000000c38bb00000)]
  0x000001c4956646a0 JavaThread "Cache worker for file content cache (C:\Users\nemal\.gradle\caches\7.6.3\fileContent)" [_thread_blocked, id=40256, stack(0x000000c38bc00000,0x000000c38bd00000)]
  0x000001c495665510 JavaThread "Cache worker for file hash cache (E:\5_semester\Mobile_App\Pet_Shop\pet_shop\android\.gradle\7.6.3\fileHashes)" [_thread_in_native_trans, id=25140, stack(0x000000c38bd00000,0x000000c38be00000)]
  0x000001c4942ce700 JavaThread "Cache worker for cache directory md-supplier (C:\Users\nemal\.gradle\caches\7.6.3\md-supplier)" [_thread_blocked, id=10712, stack(0x000000c38be00000,0x000000c38bf00000)]
  0x000001c4942cfa40 JavaThread "Cache worker for execution history cache (C:\Users\nemal\.gradle\caches\7.6.3\executionHistory)" [_thread_blocked, id=36492, stack(0x000000c38bf00000,0x000000c38c000000)]
  0x000001c4942cbbb0 JavaThread "jar transforms" [_thread_blocked, id=39628, stack(0x000000c38c000000,0x000000c38c100000)]
  0x000001c4942cebd0 JavaThread "Cache worker for kotlin-dsl (C:\Users\nemal\.gradle\caches\7.6.3\kotlin-dsl)" [_thread_blocked, id=27980, stack(0x000000c38c100000,0x000000c38c200000)]
  0x000001c4942cff10 JavaThread "jar transforms Thread 2" [_thread_blocked, id=43216, stack(0x000000c38c200000,0x000000c38c300000)]
  0x000001c4942cf0a0 JavaThread "Cache worker for dependencies-accessors (E:\5_semester\Mobile_App\Pet_Shop\pet_shop\android\.gradle\7.6.3\dependencies-accessors)" [_thread_blocked, id=41360, stack(0x000000c38c300000,0x000000c38c400000)]
  0x000001c4942cf570 JavaThread "Cache worker for Build Output Cleanup Cache (D:\flutter\flutter\packages\flutter_tools\gradle\.gradle\buildOutputCleanup)" [_thread_blocked, id=42548, stack(0x000000c38c400000,0x000000c38c500000)]
  0x000001c4942d08b0 JavaThread "jar transforms Thread 3" [_thread_blocked, id=40548, stack(0x000000c38c500000,0x000000c38c600000)]
  0x000001c4942cb210 JavaThread "Memory manager" [_thread_blocked, id=42972, stack(0x000000c38c600000,0x000000c38c700000)]
  0x000001c4942ce230 JavaThread "jar transforms Thread 4" [_thread_blocked, id=17592, stack(0x000000c38c700000,0x000000c38c800000)]
  0x000001c4942cc080 JavaThread "included builds" [_thread_blocked, id=32456, stack(0x000000c38c800000,0x000000c38c900000)]
  0x000001c4942c9060 JavaThread "Execution worker" [_thread_blocked, id=41472, stack(0x000000c38c900000,0x000000c38ca00000)]
  0x000001c4942c9530 JavaThread "Execution worker Thread 2" [_thread_blocked, id=41696, stack(0x000000c38ca00000,0x000000c38cb00000)]
  0x000001c4942cdd60 JavaThread "Execution worker Thread 3" [_thread_blocked, id=39016, stack(0x000000c38cb00000,0x000000c38cc00000)]
  0x000001c4942ccef0 JavaThread "Execution worker Thread 4" [_thread_blocked, id=15260, stack(0x000000c38cc00000,0x000000c38cd00000)]
  0x000001c4942cad40 JavaThread "Execution worker Thread 5" [_thread_blocked, id=12188, stack(0x000000c38cd00000,0x000000c38ce00000)]
  0x000001c4942cd3c0 JavaThread "Execution worker Thread 6" [_thread_blocked, id=30552, stack(0x000000c38ce00000,0x000000c38cf00000)]
  0x000001c4942cd890 JavaThread "Execution worker Thread 7" [_thread_blocked, id=43176, stack(0x000000c38cf00000,0x000000c38d000000)]
  0x000001c498fd16e0 JavaThread "Cache worker for execution history cache (D:\flutter\flutter\packages\flutter_tools\gradle\.gradle\7.6.3\executionHistory)" [_thread_blocked, id=43880, stack(0x000000c38d000000,0x000000c38d100000)]
  0x000001c498fd0d40 JavaThread "Unconstrained build operations" [_thread_blocked, id=16232, stack(0x000000c38d100000,0x000000c38d200000)]
  0x000001c498fd2a20 JavaThread "Unconstrained build operations Thread 2" [_thread_blocked, id=39192, stack(0x000000c38d200000,0x000000c38d300000)]
  0x000001c498fd2080 JavaThread "Unconstrained build operations Thread 3" [_thread_blocked, id=37260, stack(0x000000c38d300000,0x000000c38d400000)]
  0x000001c498fcfed0 JavaThread "Unconstrained build operations Thread 4" [_thread_blocked, id=42792, stack(0x000000c38d400000,0x000000c38d500000)]
  0x000001c498fd03a0 JavaThread "Unconstrained build operations Thread 5" [_thread_blocked, id=39356, stack(0x000000c38d500000,0x000000c38d600000)]
  0x000001c498fd0870 JavaThread "Unconstrained build operations Thread 6" [_thread_blocked, id=22548, stack(0x000000c38d600000,0x000000c38d700000)]
  0x000001c498fcf060 JavaThread "Unconstrained build operations Thread 7" [_thread_blocked, id=43152, stack(0x000000c38d700000,0x000000c38d800000)]
  0x000001c498fcf530 JavaThread "Unconstrained build operations Thread 8" [_thread_blocked, id=36488, stack(0x000000c38d800000,0x000000c38d900000)]
  0x000001c498fd2550 JavaThread "Unconstrained build operations Thread 9" [_thread_blocked, id=40136, stack(0x000000c38d900000,0x000000c38da00000)]
  0x000001c498fd1210 JavaThread "Unconstrained build operations Thread 10" [_thread_blocked, id=35724, stack(0x000000c38da00000,0x000000c38db00000)]
  0x000001c49935fed0 JavaThread "Unconstrained build operations Thread 11" [_thread_blocked, id=39000, stack(0x000000c38bb00000,0x000000c38bc00000)]
  0x000001c499362550 JavaThread "Unconstrained build operations Thread 12" [_thread_blocked, id=41780, stack(0x000000c38db00000,0x000000c38dc00000)]
  0x000001c499360d40 JavaThread "Unconstrained build operations Thread 13" [_thread_blocked, id=42648, stack(0x000000c38dc00000,0x000000c38dd00000)]
  0x000001c499361bb0 JavaThread "Unconstrained build operations Thread 14" [_thread_blocked, id=26256, stack(0x000000c38dd00000,0x000000c38de00000)]
  0x000001c499361210 JavaThread "Unconstrained build operations Thread 15" [_thread_blocked, id=37060, stack(0x000000c38de00000,0x000000c38df00000)]
  0x000001c49935f060 JavaThread "Unconstrained build operations Thread 16" [_thread_blocked, id=19820, stack(0x000000c38df00000,0x000000c38e000000)]
  0x000001c4993616e0 JavaThread "Unconstrained build operations Thread 17" [_thread_blocked, id=32832, stack(0x000000c38e000000,0x000000c38e100000)]
  0x000001c499362080 JavaThread "Unconstrained build operations Thread 18" [_thread_blocked, id=27792, stack(0x000000c38e100000,0x000000c38e200000)]
  0x000001c49935f530 JavaThread "Unconstrained build operations Thread 19" [_thread_blocked, id=34448, stack(0x000000c38e200000,0x000000c38e300000)]
  0x000001c49935fa00 JavaThread "Unconstrained build operations Thread 20" [_thread_blocked, id=9064, stack(0x000000c38e300000,0x000000c38e400000)]
  0x000001c4993603a0 JavaThread "Unconstrained build operations Thread 21" [_thread_blocked, id=42540, stack(0x000000c38e400000,0x000000c38e500000)]
  0x000001c499360870 JavaThread "Unconstrained build operations Thread 22" [_thread_blocked, id=15936, stack(0x000000c38e500000,0x000000c38e600000)]
  0x000001c4979811f0 JavaThread "Unconstrained build operations Thread 23" [_thread_blocked, id=22896, stack(0x000000c38e600000,0x000000c38e700000)]
  0x000001c49797e1d0 JavaThread "Unconstrained build operations Thread 24" [_thread_blocked, id=39164, stack(0x000000c38e700000,0x000000c38e800000)]
  0x000001c4979816c0 JavaThread "Unconstrained build operations Thread 25" [_thread_blocked, id=36396, stack(0x000000c38e800000,0x000000c38e900000)]
  0x000001c49797eb70 JavaThread "Unconstrained build operations Thread 26" [_thread_blocked, id=39696, stack(0x000000c38e900000,0x000000c38ea00000)]
  0x000001c497980850 JavaThread "Unconstrained build operations Thread 27" [_thread_blocked, id=36496, stack(0x000000c38ea00000,0x000000c38eb00000)]
  0x000001c497980380 JavaThread "Unconstrained build operations Thread 28" [_thread_blocked, id=43452, stack(0x000000c38eb00000,0x000000c38ec00000)]
  0x000001c49797d360 JavaThread "Unconstrained build operations Thread 29" [_thread_blocked, id=21772, stack(0x000000c38ec00000,0x000000c38ed00000)]
  0x000001c49797dd00 JavaThread "Unconstrained build operations Thread 30" [_thread_blocked, id=6728, stack(0x000000c38ed00000,0x000000c38ee00000)]
  0x000001c49797a810 JavaThread "Unconstrained build operations Thread 31" [_thread_blocked, id=36812, stack(0x000000c38ee00000,0x000000c38ef00000)]
  0x000001c49797d830 JavaThread "Unconstrained build operations Thread 32" [_thread_blocked, id=44024, stack(0x000000c38ef00000,0x000000c38f000000)]
  0x000001c49797c020 JavaThread "Unconstrained build operations Thread 33" [_thread_blocked, id=37116, stack(0x000000c38f000000,0x000000c38f100000)]
  0x000001c497979e70 JavaThread "Unconstrained build operations Thread 34" [_thread_blocked, id=3064, stack(0x000000c38f100000,0x000000c38f200000)]
  0x000001c49797a340 JavaThread "Unconstrained build operations Thread 35" [_thread_blocked, id=36940, stack(0x000000c38f200000,0x000000c38f300000)]
  0x000001c49797c4f0 JavaThread "Unconstrained build operations Thread 36" [_thread_blocked, id=43244, stack(0x000000c38f300000,0x000000c38f400000)]
  0x000001c49797f510 JavaThread "Unconstrained build operations Thread 37" [_thread_blocked, id=8092, stack(0x000000c38f400000,0x000000c38f500000)]
  0x000001c49797ace0 JavaThread "Unconstrained build operations Thread 38" [_thread_blocked, id=36068, stack(0x000000c38f500000,0x000000c38f600000)]
  0x000001c49797e6a0 JavaThread "Unconstrained build operations Thread 39" [_thread_blocked, id=28300, stack(0x000000c38f600000,0x000000c38f700000)]
  0x000001c49797b1b0 JavaThread "Unconstrained build operations Thread 40" [_thread_blocked, id=1912, stack(0x000000c38f700000,0x000000c38f800000)]
  0x000001c49797b680 JavaThread "Unconstrained build operations Thread 41" [_thread_blocked, id=31380, stack(0x000000c38f800000,0x000000c38f900000)]
  0x000001c49797bb50 JavaThread "Unconstrained build operations Thread 42" [_thread_blocked, id=34192, stack(0x000000c38f900000,0x000000c38fa00000)]
  0x000001c49797c9c0 JavaThread "Unconstrained build operations Thread 43" [_thread_blocked, id=34036, stack(0x000000c38fa00000,0x000000c38fb00000)]
  0x000001c49797f040 JavaThread "Unconstrained build operations Thread 44" [_thread_blocked, id=43856, stack(0x000000c38fb00000,0x000000c38fc00000)]
  0x000001c49797ce90 JavaThread "Unconstrained build operations Thread 45" [_thread_blocked, id=18788, stack(0x000000c38fc00000,0x000000c38fd00000)]
  0x000001c49797f9e0 JavaThread "Unconstrained build operations Thread 46" [_thread_blocked, id=42516, stack(0x000000c38fd00000,0x000000c38fe00000)]
  0x000001c49797feb0 JavaThread "Unconstrained build operations Thread 47" [_thread_blocked, id=23596, stack(0x000000c38fe00000,0x000000c38ff00000)]
  0x000001c497980d20 JavaThread "Unconstrained build operations Thread 48" [_thread_blocked, id=40604, stack(0x000000c38ff00000,0x000000c390000000)]
  0x000001c4933ce9d0 JavaThread "Unconstrained build operations Thread 49" [_thread_blocked, id=43444, stack(0x000000c390000000,0x000000c390100000)]
  0x000001c4933ca670 JavaThread "Unconstrained build operations Thread 50" [_thread_blocked, id=40480, stack(0x000000c390100000,0x000000c390200000)]
  0x000001c4933ce500 JavaThread "Unconstrained build operations Thread 51" [_thread_blocked, id=40516, stack(0x000000c390200000,0x000000c390300000)]
  0x000001c4933ce030 JavaThread "Unconstrained build operations Thread 52" [_thread_blocked, id=11416, stack(0x000000c390300000,0x000000c390400000)]
  0x000001c4933c7ff0 JavaThread "Unconstrained build operations Thread 53" [_thread_blocked, id=36984, stack(0x000000c390400000,0x000000c390500000)]
  0x000001c4933c8990 JavaThread "Unconstrained build operations Thread 54" [_thread_blocked, id=43612, stack(0x000000c390500000,0x000000c390600000)]
  0x000001c4933cdb60 JavaThread "Unconstrained build operations Thread 55" [_thread_blocked, id=2812, stack(0x000000c390600000,0x000000c390700000)]
  0x000001c4933ceea0 JavaThread "Unconstrained build operations Thread 56" [_thread_blocked, id=26160, stack(0x000000c390700000,0x000000c390800000)]
  0x000001c4933cf370 JavaThread "Unconstrained build operations Thread 57" [_thread_blocked, id=42848, stack(0x000000c390800000,0x000000c390900000)]
  0x000001c4933c7b20 JavaThread "Unconstrained build operations Thread 58" [_thread_blocked, id=29228, stack(0x000000c390900000,0x000000c390a00000)]
  0x000001c4933c9cd0 JavaThread "Unconstrained build operations Thread 59" [_thread_blocked, id=42484, stack(0x000000c390a00000,0x000000c390b00000)]
  0x000001c4933c84c0 JavaThread "Unconstrained build operations Thread 60" [_thread_blocked, id=35728, stack(0x000000c390b00000,0x000000c390c00000)]
  0x000001c4933cbe80 JavaThread "Unconstrained build operations Thread 61" [_thread_blocked, id=30484, stack(0x000000c390c00000,0x000000c390d00000)]
  0x000001c4933c8e60 JavaThread "Unconstrained build operations Thread 62" [_thread_blocked, id=35584, stack(0x000000c390d00000,0x000000c390e00000)]
  0x000001c4933c9330 JavaThread "Unconstrained build operations Thread 63" [_thread_blocked, id=5704, stack(0x000000c390e00000,0x000000c390f00000)]
  0x000001c4933c9800 JavaThread "Unconstrained build operations Thread 64" [_thread_blocked, id=35340, stack(0x000000c390f00000,0x000000c391000000)]
  0x000001c4933ca1a0 JavaThread "Unconstrained build operations Thread 65" [_thread_blocked, id=29092, stack(0x000000c391000000,0x000000c391100000)]
  0x000001c4933cab40 JavaThread "Unconstrained build operations Thread 66" [_thread_blocked, id=27156, stack(0x000000c391100000,0x000000c391200000)]
  0x000001c4933cb010 JavaThread "Unconstrained build operations Thread 67" [_thread_blocked, id=30728, stack(0x000000c391200000,0x000000c391300000)]
  0x000001c4933cb4e0 JavaThread "Unconstrained build operations Thread 68" [_thread_blocked, id=2232, stack(0x000000c391300000,0x000000c391400000)]
  0x000001c4933cb9b0 JavaThread "Unconstrained build operations Thread 69" [_thread_blocked, id=42988, stack(0x000000c391400000,0x000000c391500000)]
  0x000001c4933cc350 JavaThread "Unconstrained build operations Thread 70" [_thread_blocked, id=43376, stack(0x000000c391500000,0x000000c391600000)]
  0x000001c4933cc820 JavaThread "Unconstrained build operations Thread 71" [_thread_blocked, id=17964, stack(0x000000c391600000,0x000000c391700000)]
  0x000001c4933cccf0 JavaThread "Unconstrained build operations Thread 72" [_thread_blocked, id=6372, stack(0x000000c391700000,0x000000c391800000)]
  0x000001c4933cd1c0 JavaThread "Unconstrained build operations Thread 73" [_thread_blocked, id=11384, stack(0x000000c391800000,0x000000c391900000)]
  0x000001c4933cd690 JavaThread "Unconstrained build operations Thread 74" [_thread_blocked, id=43624, stack(0x000000c391900000,0x000000c391a00000)]
  0x000001c4970085b0 JavaThread "Unconstrained build operations Thread 75" [_thread_blocked, id=26248, stack(0x000000c391a00000,0x000000c391b00000)]
  0x000001c4970080e0 JavaThread "Unconstrained build operations Thread 76" [_thread_blocked, id=31408, stack(0x000000c391b00000,0x000000c391c00000)]
  0x000001c497008a80 JavaThread "Unconstrained build operations Thread 77" [_thread_blocked, id=6680, stack(0x000000c391c00000,0x000000c391d00000)]
  0x000001c49700b100 JavaThread "Unconstrained build operations Thread 78" [_thread_blocked, id=33556, stack(0x000000c391d00000,0x000000c391e00000)]
  0x000001c497009420 JavaThread "Unconstrained build operations Thread 79" [_thread_blocked, id=41884, stack(0x000000c391e00000,0x000000c391f00000)]
  0x000001c49700b5d0 JavaThread "Unconstrained build operations Thread 80" [_thread_blocked, id=43556, stack(0x000000c391f00000,0x000000c392000000)]
  0x000001c49700a290 JavaThread "jar transforms Thread 5" [_thread_blocked, id=15880, stack(0x000000c392100000,0x000000c392200000)]
  0x000001c497008f50 JavaThread "jar transforms Thread 6" [_thread_blocked, id=33888, stack(0x000000c392200000,0x000000c392300000)]
  0x000001c4970098f0 JavaThread "jar transforms Thread 7" [_thread_blocked, id=26892, stack(0x000000c392300000,0x000000c392400000)]
  0x000001c49700a760 JavaThread "jar transforms Thread 8" [_thread_blocked, id=34580, stack(0x000000c392400000,0x000000c392500000)]
  0x000001c49333ea80 JavaThread "Cache worker for Build Output Cleanup Cache (E:\5_semester\Mobile_App\Pet_Shop\pet_shop\android\.gradle\buildOutputCleanup)" [_thread_blocked, id=18492, stack(0x000000c392500000,0x000000c392600000)]
  0x000001c49333c400 JavaThread "pool-3-thread-1" [_thread_blocked, id=13800, stack(0x000000c392700000,0x000000c392800000)]
  0x000001c49333abf0 JavaThread "build event listener" [_thread_blocked, id=14528, stack(0x000000c392800000,0x000000c392900000)]
  0x000001c49333c8d0 JavaThread "Cache worker for execution history cache (E:\5_semester\Mobile_App\Pet_Shop\pet_shop\android\.gradle\7.6.3\executionHistory)" [_thread_blocked, id=37212, stack(0x000000c392900000,0x000000c392a00000)]

Other Threads:
  0x000001c4fed4ead0 VMThread "VM Thread" [stack: 0x000000c389500000,0x000000c389600000] [id=33828]
  0x000001c4f33823d0 WatcherThread [stack: 0x000000c38a100000,0x000000c38a200000] [id=20464]
  0x000001c4f335c890 GCTaskThread "GC Thread#0" [stack: 0x000000c389000000,0x000000c389100000] [id=41256]
  0x000001c4ffb027b0 GCTaskThread "GC Thread#1" [stack: 0x000000c38a300000,0x000000c38a400000] [id=31568]
  0x000001c4ffb02d10 GCTaskThread "GC Thread#2" [stack: 0x000000c38a400000,0x000000c38a500000] [id=42316]
  0x000001c4ffb01fa0 GCTaskThread "GC Thread#3" [stack: 0x000000c38a500000,0x000000c38a600000] [id=43736]
  0x000001c4ffb01cf0 GCTaskThread "GC Thread#4" [stack: 0x000000c38a600000,0x000000c38a700000] [id=17328]
  0x000001c4ffb02a60 GCTaskThread "GC Thread#5" [stack: 0x000000c38a700000,0x000000c38a800000] [id=3880]
  0x000001c4ffb02500 GCTaskThread "GC Thread#6" [stack: 0x000000c38b300000,0x000000c38b400000] [id=43480]
  0x000001c49562ec10 GCTaskThread "GC Thread#7" [stack: 0x000000c38b400000,0x000000c38b500000] [id=36664]
  0x000001c4f336e7e0 ConcurrentGCThread "G1 Main Marker" [stack: 0x000000c389100000,0x000000c389200000] [id=28752]
  0x000001c4f336f990 ConcurrentGCThread "G1 Conc#0" [stack: 0x000000c389200000,0x000000c389300000] [id=37668]
  0x000001c49562ce80 ConcurrentGCThread "G1 Conc#1" [stack: 0x000000c38b500000,0x000000c38b600000] [id=43112]
  0x000001c4f339e840 ConcurrentGCThread "G1 Refine#0" [stack: 0x000000c389300000,0x000000c389400000] [id=20780]
  0x000001c4febf9520 ConcurrentGCThread "G1 Service" [stack: 0x000000c389400000,0x000000c389500000] [id=29648]

Threads with active compile tasks:
C2 CompilerThread0    42031 12652       4       org.gradle.internal.snapshot.AbstractIncompleteFileSystemNode$2::handleAsDescendantOfChild (10 bytes)

VM state: not at safepoint (normal execution)

VM Mutex/Monitor currently owned by a thread: None

Heap address: 0x0000000700000000, size: 4096 MB, Compressed Oops mode: Zero based, Oop shift amount: 3

CDS archive(s) not mapped
Compressed class space mapped at: 0x0000000800000000-0x0000000840000000, reserved size: 1073741824
Narrow klass base: 0x0000000800000000, Narrow klass shift: 0, Narrow klass range: 0x40000000

GC Precious Log:
 CPUs: 8 total, 8 available
 Memory: 16078M
 Large Page Support: Disabled
 NUMA Support: Disabled
 Compressed Oops: Enabled (Zero based)
 Heap Region Size: 2M
 Heap Min Capacity: 8M
 Heap Initial Capacity: 252M
 Heap Max Capacity: 4G
 Pre-touch: Disabled
 Parallel Workers: 8
 Concurrent Workers: 2
 Concurrent Refinement Workers: 8
 Periodic GC: Disabled

Heap:
 garbage-first heap   total 268288K, used 193060K [0x0000000700000000, 0x0000000800000000)
  region size 2048K, 36 young (73728K), 1 survivors (2048K)
 Metaspace       used 109328K, committed 110208K, reserved 1146880K
  class space    used 14940K, committed 15296K, reserved 1048576K

Heap Regions: E=young(eden), S=young(survivor), O=old, HS=humongous(starts), HC=humongous(continues), CS=collection set, F=free, OA=open archive, CA=closed archive, TAMS=top-at-mark-start (previous, next)
|   0|0x0000000700000000, 0x0000000700200000, 0x0000000700200000|100%|HS|  |TAMS 0x0000000700200000, 0x0000000700000000| Complete 
|   1|0x0000000700200000, 0x0000000700400000, 0x0000000700400000|100%|HC|  |TAMS 0x0000000700400000, 0x0000000700200000| Complete 
|   2|0x0000000700400000, 0x0000000700600000, 0x0000000700600000|100%| O|  |TAMS 0x0000000700600000, 0x0000000700400000| Untracked 
|   3|0x0000000700600000, 0x0000000700800000, 0x0000000700800000|100%| O|  |TAMS 0x0000000700800000, 0x0000000700600000| Untracked 
|   4|0x0000000700800000, 0x00000007009cd000, 0x0000000700a00000| 90%| O|  |TAMS 0x00000007009cd000, 0x0000000700800000| Untracked 
|   5|0x0000000700a00000, 0x0000000700c00000, 0x0000000700c00000|100%| O|  |TAMS 0x0000000700c00000, 0x0000000700a00000| Untracked 
|   6|0x0000000700c00000, 0x0000000700e00000, 0x0000000700e00000|100%| O|  |TAMS 0x0000000700e00000, 0x0000000700c00000| Untracked 
|   7|0x0000000700e00000, 0x0000000701000000, 0x0000000701000000|100%| O|  |TAMS 0x0000000701000000, 0x0000000700e00000| Untracked 
|   8|0x0000000701000000, 0x0000000701200000, 0x0000000701200000|100%| O|  |TAMS 0x0000000701200000, 0x0000000701000000| Untracked 
|   9|0x0000000701200000, 0x0000000701400000, 0x0000000701400000|100%| O|  |TAMS 0x0000000701400000, 0x0000000701200000| Untracked 
|  10|0x0000000701400000, 0x0000000701600000, 0x0000000701600000|100%| O|  |TAMS 0x0000000701600000, 0x0000000701400000| Untracked 
|  11|0x0000000701600000, 0x0000000701800000, 0x0000000701800000|100%| O|  |TAMS 0x0000000701800000, 0x0000000701600000| Untracked 
|  12|0x0000000701800000, 0x0000000701a00000, 0x0000000701a00000|100%| O|  |TAMS 0x0000000701a00000, 0x0000000701800000| Untracked 
|  13|0x0000000701a00000, 0x0000000701c00000, 0x0000000701c00000|100%| O|  |TAMS 0x0000000701c00000, 0x0000000701a00000| Untracked 
|  14|0x0000000701c00000, 0x0000000701e00000, 0x0000000701e00000|100%| O|  |TAMS 0x0000000701e00000, 0x0000000701c00000| Untracked 
|  15|0x0000000701e00000, 0x0000000702000000, 0x0000000702000000|100%| O|  |TAMS 0x0000000702000000, 0x0000000701e00000| Untracked 
|  16|0x0000000702000000, 0x0000000702200000, 0x0000000702200000|100%| O|  |TAMS 0x0000000702200000, 0x0000000702000000| Untracked 
|  17|0x0000000702200000, 0x0000000702400000, 0x0000000702400000|100%| O|  |TAMS 0x0000000702400000, 0x0000000702200000| Untracked 
|  18|0x0000000702400000, 0x0000000702600000, 0x0000000702600000|100%| O|  |TAMS 0x0000000702600000, 0x0000000702400000| Untracked 
|  19|0x0000000702600000, 0x0000000702800000, 0x0000000702800000|100%| O|  |TAMS 0x0000000702800000, 0x0000000702600000| Untracked 
|  20|0x0000000702800000, 0x0000000702a00000, 0x0000000702a00000|100%| O|  |TAMS 0x0000000702a00000, 0x0000000702800000| Untracked 
|  21|0x0000000702a00000, 0x0000000702c00000, 0x0000000702c00000|100%|HS|  |TAMS 0x0000000702c00000, 0x0000000702a00000| Complete 
|  22|0x0000000702c00000, 0x0000000702e00000, 0x0000000702e00000|100%|HC|  |TAMS 0x0000000702e00000, 0x0000000702c00000| Complete 
|  23|0x0000000702e00000, 0x0000000703000000, 0x0000000703000000|100%| O|  |TAMS 0x0000000703000000, 0x0000000702e00000| Untracked 
|  24|0x0000000703000000, 0x0000000703200000, 0x0000000703200000|100%| O|  |TAMS 0x0000000703200000, 0x0000000703000000| Untracked 
|  25|0x0000000703200000, 0x0000000703400000, 0x0000000703400000|100%| O|  |TAMS 0x0000000703400000, 0x0000000703200000| Untracked 
|  26|0x0000000703400000, 0x0000000703600000, 0x0000000703600000|100%|HS|  |TAMS 0x0000000703600000, 0x0000000703400000| Complete 
|  27|0x0000000703600000, 0x0000000703800000, 0x0000000703800000|100%| O|  |TAMS 0x0000000703800000, 0x0000000703600000| Untracked 
|  28|0x0000000703800000, 0x0000000703a00000, 0x0000000703a00000|100%| O|  |TAMS 0x0000000703a00000, 0x0000000703800000| Untracked 
|  29|0x0000000703a00000, 0x0000000703c00000, 0x0000000703c00000|100%| O|  |TAMS 0x0000000703c00000, 0x0000000703a00000| Untracked 
|  30|0x0000000703c00000, 0x0000000703e00000, 0x0000000703e00000|100%| O|  |TAMS 0x0000000703e00000, 0x0000000703c00000| Untracked 
|  31|0x0000000703e00000, 0x0000000704000000, 0x0000000704000000|100%| O|  |TAMS 0x0000000704000000, 0x0000000703e00000| Untracked 
|  32|0x0000000704000000, 0x0000000704200000, 0x0000000704200000|100%| O|  |TAMS 0x0000000704200000, 0x0000000704000000| Untracked 
|  33|0x0000000704200000, 0x0000000704400000, 0x0000000704400000|100%| O|  |TAMS 0x0000000704400000, 0x0000000704200000| Untracked 
|  34|0x0000000704400000, 0x0000000704600000, 0x0000000704600000|100%| O|  |TAMS 0x0000000704600000, 0x0000000704400000| Untracked 
|  35|0x0000000704600000, 0x0000000704800000, 0x0000000704800000|100%| O|  |TAMS 0x0000000704800000, 0x0000000704600000| Untracked 
|  36|0x0000000704800000, 0x0000000704a00000, 0x0000000704a00000|100%| O|  |TAMS 0x0000000704a00000, 0x0000000704800000| Untracked 
|  37|0x0000000704a00000, 0x0000000704c00000, 0x0000000704c00000|100%| O|  |TAMS 0x0000000704c00000, 0x0000000704a00000| Untracked 
|  38|0x0000000704c00000, 0x0000000704e00000, 0x0000000704e00000|100%| O|  |TAMS 0x0000000704e00000, 0x0000000704c00000| Untracked 
|  39|0x0000000704e00000, 0x0000000705000000, 0x0000000705000000|100%| O|  |TAMS 0x0000000705000000, 0x0000000704e00000| Untracked 
|  40|0x0000000705000000, 0x0000000705200000, 0x0000000705200000|100%| O|  |TAMS 0x0000000705200000, 0x0000000705000000| Untracked 
|  41|0x0000000705200000, 0x0000000705400000, 0x0000000705400000|100%| O|  |TAMS 0x0000000705400000, 0x0000000705200000| Untracked 
|  42|0x0000000705400000, 0x0000000705600000, 0x0000000705600000|100%| O|  |TAMS 0x0000000705600000, 0x0000000705400000| Untracked 
|  43|0x0000000705600000, 0x0000000705800000, 0x0000000705800000|100%| O|  |TAMS 0x0000000705800000, 0x0000000705600000| Untracked 
|  44|0x0000000705800000, 0x0000000705a00000, 0x0000000705a00000|100%| O|  |TAMS 0x0000000705a00000, 0x0000000705800000| Untracked 
|  45|0x0000000705a00000, 0x0000000705a00000, 0x0000000705c00000|  0%| F|  |TAMS 0x0000000705a00000, 0x0000000705a00000| Untracked 
|  46|0x0000000705c00000, 0x0000000705e00000, 0x0000000705e00000|100%| O|  |TAMS 0x0000000705e00000, 0x0000000705c00000| Untracked 
|  47|0x0000000705e00000, 0x0000000706000000, 0x0000000706000000|100%| O|  |TAMS 0x0000000706000000, 0x0000000705e00000| Untracked 
|  48|0x0000000706000000, 0x0000000706200000, 0x0000000706200000|100%| O|  |TAMS 0x0000000706200000, 0x0000000706000000| Untracked 
|  49|0x0000000706200000, 0x0000000706400000, 0x0000000706400000|100%| O|  |TAMS 0x0000000706400000, 0x0000000706200000| Untracked 
|  50|0x0000000706400000, 0x0000000706600000, 0x0000000706600000|100%| O|  |TAMS 0x0000000706600000, 0x0000000706400000| Untracked 
|  51|0x0000000706600000, 0x0000000706800000, 0x0000000706800000|100%| O|  |TAMS 0x0000000706800000, 0x0000000706600000| Untracked 
|  52|0x0000000706800000, 0x0000000706a00000, 0x0000000706a00000|100%| O|  |TAMS 0x0000000706a00000, 0x0000000706800000| Untracked 
|  53|0x0000000706a00000, 0x0000000706c00000, 0x0000000706c00000|100%| O|  |TAMS 0x0000000706c00000, 0x0000000706a00000| Untracked 
|  54|0x0000000706c00000, 0x0000000706e00000, 0x0000000706e00000|100%| O|  |TAMS 0x0000000706cdae00, 0x0000000706c00000| Untracked 
|  55|0x0000000706e00000, 0x0000000707000000, 0x0000000707000000|100%| O|  |TAMS 0x0000000706e00000, 0x0000000706e00000| Untracked 
|  56|0x0000000707000000, 0x0000000707200000, 0x0000000707200000|100%| O|  |TAMS 0x0000000707000000, 0x0000000707000000| Untracked 
|  57|0x0000000707200000, 0x0000000707400000, 0x0000000707400000|100%| O|  |TAMS 0x0000000707200000, 0x0000000707200000| Untracked 
|  58|0x0000000707400000, 0x0000000707600000, 0x0000000707600000|100%| O|  |TAMS 0x0000000707400000, 0x0000000707400000| Untracked 
|  59|0x0000000707600000, 0x0000000707800000, 0x0000000707800000|100%| O|  |TAMS 0x0000000707600000, 0x0000000707600000| Untracked 
|  60|0x0000000707800000, 0x0000000707a00000, 0x0000000707a00000|100%| O|  |TAMS 0x0000000707800000, 0x0000000707800000| Untracked 
|  61|0x0000000707a00000, 0x0000000707bece00, 0x0000000707c00000| 96%| O|  |TAMS 0x0000000707a00000, 0x0000000707a00000| Untracked 
|  62|0x0000000707c00000, 0x0000000707c00000, 0x0000000707e00000|  0%| F|  |TAMS 0x0000000707c00000, 0x0000000707c00000| Untracked 
|  63|0x0000000707e00000, 0x0000000707e00000, 0x0000000708000000|  0%| F|  |TAMS 0x0000000707e00000, 0x0000000707e00000| Untracked 
|  64|0x0000000708000000, 0x0000000708000000, 0x0000000708200000|  0%| F|  |TAMS 0x0000000708000000, 0x0000000708000000| Untracked 
|  65|0x0000000708200000, 0x0000000708200000, 0x0000000708400000|  0%| F|  |TAMS 0x0000000708200000, 0x0000000708200000| Untracked 
|  66|0x0000000708400000, 0x0000000708400000, 0x0000000708600000|  0%| F|  |TAMS 0x0000000708400000, 0x0000000708400000| Untracked 
|  67|0x0000000708600000, 0x0000000708600000, 0x0000000708800000|  0%| F|  |TAMS 0x0000000708600000, 0x0000000708600000| Untracked 
|  68|0x0000000708800000, 0x0000000708800000, 0x0000000708a00000|  0%| F|  |TAMS 0x0000000708800000, 0x0000000708800000| Untracked 
|  69|0x0000000708a00000, 0x0000000708a00000, 0x0000000708c00000|  0%| F|  |TAMS 0x0000000708a00000, 0x0000000708a00000| Untracked 
|  70|0x0000000708c00000, 0x0000000708c00000, 0x0000000708e00000|  0%| F|  |TAMS 0x0000000708c00000, 0x0000000708c00000| Untracked 
|  71|0x0000000708e00000, 0x0000000708e00000, 0x0000000709000000|  0%| F|  |TAMS 0x0000000708e00000, 0x0000000708e00000| Untracked 
|  72|0x0000000709000000, 0x0000000709000000, 0x0000000709200000|  0%| F|  |TAMS 0x0000000709000000, 0x0000000709000000| Untracked 
|  73|0x0000000709200000, 0x0000000709200000, 0x0000000709400000|  0%| F|  |TAMS 0x0000000709200000, 0x0000000709200000| Untracked 
|  74|0x0000000709400000, 0x0000000709400000, 0x0000000709600000|  0%| F|  |TAMS 0x0000000709400000, 0x0000000709400000| Untracked 
|  75|0x0000000709600000, 0x0000000709600000, 0x0000000709800000|  0%| F|  |TAMS 0x0000000709600000, 0x0000000709600000| Untracked 
|  76|0x0000000709800000, 0x0000000709800000, 0x0000000709a00000|  0%| F|  |TAMS 0x0000000709800000, 0x0000000709800000| Untracked 
|  77|0x0000000709a00000, 0x0000000709a00000, 0x0000000709c00000|  0%| F|  |TAMS 0x0000000709a00000, 0x0000000709a00000| Untracked 
|  78|0x0000000709c00000, 0x0000000709c00000, 0x0000000709e00000|  0%| F|  |TAMS 0x0000000709c00000, 0x0000000709c00000| Untracked 
|  79|0x0000000709e00000, 0x0000000709e00000, 0x000000070a000000|  0%| F|  |TAMS 0x0000000709e00000, 0x0000000709e00000| Untracked 
|  80|0x000000070a000000, 0x000000070a000000, 0x000000070a200000|  0%| F|  |TAMS 0x000000070a000000, 0x000000070a000000| Untracked 
|  81|0x000000070a200000, 0x000000070a200000, 0x000000070a400000|  0%| F|  |TAMS 0x000000070a200000, 0x000000070a200000| Untracked 
|  82|0x000000070a400000, 0x000000070a400000, 0x000000070a600000|  0%| F|  |TAMS 0x000000070a400000, 0x000000070a400000| Untracked 
|  83|0x000000070a600000, 0x000000070a600000, 0x000000070a800000|  0%| F|  |TAMS 0x000000070a600000, 0x000000070a600000| Untracked 
|  84|0x000000070a800000, 0x000000070a800000, 0x000000070aa00000|  0%| F|  |TAMS 0x000000070a800000, 0x000000070a800000| Untracked 
|  85|0x000000070aa00000, 0x000000070aa00000, 0x000000070ac00000|  0%| F|  |TAMS 0x000000070aa00000, 0x000000070aa00000| Untracked 
|  86|0x000000070ac00000, 0x000000070ac00000, 0x000000070ae00000|  0%| F|  |TAMS 0x000000070ac00000, 0x000000070ac00000| Untracked 
|  87|0x000000070ae00000, 0x000000070ae00000, 0x000000070b000000|  0%| F|  |TAMS 0x000000070ae00000, 0x000000070ae00000| Untracked 
|  88|0x000000070b000000, 0x000000070b000000, 0x000000070b200000|  0%| F|  |TAMS 0x000000070b000000, 0x000000070b000000| Untracked 
|  89|0x000000070b200000, 0x000000070b200000, 0x000000070b400000|  0%| F|  |TAMS 0x000000070b200000, 0x000000070b200000| Untracked 
|  90|0x000000070b400000, 0x000000070b400000, 0x000000070b600000|  0%| F|  |TAMS 0x000000070b400000, 0x000000070b400000| Untracked 
|  91|0x000000070b600000, 0x000000070b600000, 0x000000070b800000|  0%| F|  |TAMS 0x000000070b600000, 0x000000070b600000| Untracked 
|  92|0x000000070b800000, 0x000000070b800000, 0x000000070ba00000|  0%| F|  |TAMS 0x000000070b800000, 0x000000070b800000| Untracked 
|  93|0x000000070ba00000, 0x000000070ba00000, 0x000000070bc00000|  0%| F|  |TAMS 0x000000070ba00000, 0x000000070ba00000| Untracked 
|  94|0x000000070bc00000, 0x000000070bc00000, 0x000000070be00000|  0%| F|  |TAMS 0x000000070bc00000, 0x000000070bc00000| Untracked 
|  95|0x000000070be00000, 0x000000070bfaaec8, 0x000000070c000000| 83%| E|  |TAMS 0x000000070be00000, 0x000000070be00000| Complete 
|  96|0x000000070c000000, 0x000000070c200000, 0x000000070c200000|100%| E|CS|TAMS 0x000000070c000000, 0x000000070c000000| Complete 
|  97|0x000000070c200000, 0x000000070c400000, 0x000000070c400000|100%| E|CS|TAMS 0x000000070c200000, 0x000000070c200000| Complete 
|  98|0x000000070c400000, 0x000000070c600000, 0x000000070c600000|100%| E|CS|TAMS 0x000000070c400000, 0x000000070c400000| Complete 
|  99|0x000000070c600000, 0x000000070c800000, 0x000000070c800000|100%| E|CS|TAMS 0x000000070c600000, 0x000000070c600000| Complete 
| 100|0x000000070c800000, 0x000000070ca00000, 0x000000070ca00000|100%| E|CS|TAMS 0x000000070c800000, 0x000000070c800000| Complete 
| 101|0x000000070ca00000, 0x000000070cc00000, 0x000000070cc00000|100%| E|CS|TAMS 0x000000070ca00000, 0x000000070ca00000| Complete 
| 102|0x000000070cc00000, 0x000000070cccf4b0, 0x000000070ce00000| 40%| S|CS|TAMS 0x000000070cc00000, 0x000000070cc00000| Complete 
| 103|0x000000070ce00000, 0x000000070d000000, 0x000000070d000000|100%| E|CS|TAMS 0x000000070ce00000, 0x000000070ce00000| Complete 
| 104|0x000000070d000000, 0x000000070d200000, 0x000000070d200000|100%| E|CS|TAMS 0x000000070d000000, 0x000000070d000000| Complete 
| 105|0x000000070d200000, 0x000000070d400000, 0x000000070d400000|100%| E|CS|TAMS 0x000000070d200000, 0x000000070d200000| Complete 
| 106|0x000000070d400000, 0x000000070d600000, 0x000000070d600000|100%| E|CS|TAMS 0x000000070d400000, 0x000000070d400000| Complete 
| 107|0x000000070d600000, 0x000000070d800000, 0x000000070d800000|100%| E|  |TAMS 0x000000070d600000, 0x000000070d600000| Complete 
| 108|0x000000070d800000, 0x000000070da00000, 0x000000070da00000|100%| E|CS|TAMS 0x000000070d800000, 0x000000070d800000| Complete 
| 109|0x000000070da00000, 0x000000070dc00000, 0x000000070dc00000|100%| E|CS|TAMS 0x000000070da00000, 0x000000070da00000| Complete 
| 110|0x000000070dc00000, 0x000000070de00000, 0x000000070de00000|100%| E|CS|TAMS 0x000000070dc00000, 0x000000070dc00000| Complete 
| 111|0x000000070de00000, 0x000000070e000000, 0x000000070e000000|100%| E|CS|TAMS 0x000000070de00000, 0x000000070de00000| Complete 
| 112|0x000000070e000000, 0x000000070e200000, 0x000000070e200000|100%| E|CS|TAMS 0x000000070e000000, 0x000000070e000000| Complete 
| 113|0x000000070e200000, 0x000000070e400000, 0x000000070e400000|100%| E|CS|TAMS 0x000000070e200000, 0x000000070e200000| Complete 
| 114|0x000000070e400000, 0x000000070e600000, 0x000000070e600000|100%| E|CS|TAMS 0x000000070e400000, 0x000000070e400000| Complete 
| 115|0x000000070e600000, 0x000000070e800000, 0x000000070e800000|100%| E|CS|TAMS 0x000000070e600000, 0x000000070e600000| Complete 
| 116|0x000000070e800000, 0x000000070ea00000, 0x000000070ea00000|100%| E|CS|TAMS 0x000000070e800000, 0x000000070e800000| Complete 
| 117|0x000000070ea00000, 0x000000070ec00000, 0x000000070ec00000|100%| E|CS|TAMS 0x000000070ea00000, 0x000000070ea00000| Complete 
| 118|0x000000070ec00000, 0x000000070ee00000, 0x000000070ee00000|100%| E|CS|TAMS 0x000000070ec00000, 0x000000070ec00000| Complete 
| 119|0x000000070ee00000, 0x000000070f000000, 0x000000070f000000|100%| E|CS|TAMS 0x000000070ee00000, 0x000000070ee00000| Complete 
| 120|0x000000070f000000, 0x000000070f200000, 0x000000070f200000|100%| E|CS|TAMS 0x000000070f000000, 0x000000070f000000| Complete 
| 121|0x000000070f200000, 0x000000070f400000, 0x000000070f400000|100%| E|CS|TAMS 0x000000070f200000, 0x000000070f200000| Complete 
| 122|0x000000070f400000, 0x000000070f600000, 0x000000070f600000|100%| E|CS|TAMS 0x000000070f400000, 0x000000070f400000| Complete 
| 123|0x000000070f600000, 0x000000070f800000, 0x000000070f800000|100%| E|CS|TAMS 0x000000070f600000, 0x000000070f600000| Complete 
| 124|0x000000070f800000, 0x000000070fa00000, 0x000000070fa00000|100%| E|CS|TAMS 0x000000070f800000, 0x000000070f800000| Complete 
| 125|0x000000070fa00000, 0x000000070fc00000, 0x000000070fc00000|100%| E|CS|TAMS 0x000000070fa00000, 0x000000070fa00000| Complete 
| 126|0x000000070fc00000, 0x000000070fe00000, 0x000000070fe00000|100%| E|CS|TAMS 0x000000070fc00000, 0x000000070fc00000| Complete 
| 127|0x000000070fe00000, 0x0000000710000000, 0x0000000710000000|100%| E|CS|TAMS 0x000000070fe00000, 0x000000070fe00000| Complete 
| 128|0x0000000710000000, 0x0000000710200000, 0x0000000710200000|100%| E|CS|TAMS 0x0000000710000000, 0x0000000710000000| Complete 
| 129|0x0000000710200000, 0x0000000710400000, 0x0000000710400000|100%| E|CS|TAMS 0x0000000710200000, 0x0000000710200000| Complete 
| 130|0x0000000710400000, 0x0000000710600000, 0x0000000710600000|100%| E|CS|TAMS 0x0000000710400000, 0x0000000710400000| Complete 

Card table byte_map: [0x000001c4f72d0000,0x000001c4f7ad0000] _byte_map_base: 0x000001c4f3ad0000

Marking Bits (Prev, Next): (CMBitMap*) 0x000001c4f335cea0, (CMBitMap*) 0x000001c4f335cee0
 Prev Bits: [0x000001c4f82d0000, 0x000001c4fc2d0000)
 Next Bits: [0x000001c48f000000, 0x000001c493000000)

Polling page: 0x000001c4f1210000

Metaspace:

Usage:
  Non-class:     92.18 MB used.
      Class:     14.59 MB used.
       Both:    106.77 MB used.

Virtual space:
  Non-class space:       96.00 MB reserved,      92.69 MB ( 97%) committed,  12 nodes.
      Class space:        1.00 GB reserved,      14.94 MB (  1%) committed,  1 nodes.
             Both:        1.09 GB reserved,     107.62 MB ( 10%) committed. 

Chunk freelists:
   Non-Class:  3.14 MB
       Class:  1.06 MB
        Both:  4.21 MB

MaxMetaspaceSize: unlimited
CompressedClassSpaceSize: 1.00 GB
Initial GC threshold: 21.00 MB
Current GC threshold: 170.75 MB
CDS: off
MetaspaceReclaimPolicy: balanced
 - commit_granule_bytes: 65536.
 - commit_granule_words: 8192.
 - virtual_space_node_default_size: 1048576.
 - enlarge_chunks_in_place: 1.
 - new_chunks_are_fully_committed: 0.
 - uncommit_free_chunks: 1.
 - use_allocation_guard: 0.
 - handle_deallocations: 1.


Internal statistics:

num_allocs_failed_limit: 13.
num_arena_births: 1084.
num_arena_deaths: 0.
num_vsnodes_births: 13.
num_vsnodes_deaths: 0.
num_space_committed: 1722.
num_space_uncommitted: 0.
num_chunks_returned_to_freelist: 13.
num_chunks_taken_from_freelist: 5201.
num_chunk_merges: 8.
num_chunk_splits: 3432.
num_chunks_enlarged: 2293.
num_purges: 0.
num_inconsistent_stats: 0.

CodeHeap 'non-profiled nmethods': size=120000Kb used=5907Kb max_used=5907Kb free=114092Kb
 bounds [0x000001c487ad0000, 0x000001c4880a0000, 0x000001c48f000000]
CodeHeap 'profiled nmethods': size=120000Kb used=21476Kb max_used=21476Kb free=98523Kb
 bounds [0x000001c480000000, 0x000001c481500000, 0x000001c487530000]
CodeHeap 'non-nmethods': size=5760Kb used=2448Kb max_used=2505Kb free=3312Kb
 bounds [0x000001c487530000, 0x000001c4877b0000, 0x000001c487ad0000]
 total_blobs=12074 nmethods=11098 adapters=888
 compilation: enabled
              stopped_count=0, restarted_count=0
 full_count=0

Compilation events (20 events):
Event: 41.728 Thread 0x000001c4ff8aff60 nmethod 12638 0x000001c488093f10 code [0x000001c4880940a0, 0x000001c4880941d8]
Event: 41.728 Thread 0x000001c4ff8aff60 12622       4       org.gradle.internal.hash.HashCode::fromBytes (65 bytes)
Event: 41.741 Thread 0x000001c4ff8aff60 nmethod 12622 0x000001c488094390 code [0x000001c488094540, 0x000001c488094a18]
Event: 41.786 Thread 0x000001c4ff8aff60 12647       4       org.gradle.internal.snapshot.VfsRelativePath::hasPrefix (15 bytes)
Event: 41.787 Thread 0x000001c4ff8aff60 nmethod 12647 0x000001c488094c90 code [0x000001c488094e20, 0x000001c488094ee8]
Event: 41.789 Thread 0x000001c4ff8b0a00 12648       3       org.gradle.cache.internal.btree.Block::<init> (15 bytes)
Event: 41.789 Thread 0x000001c4ff8aff60 12652       4       org.gradle.internal.snapshot.AbstractIncompleteFileSystemNode$2::handleAsDescendantOfChild (10 bytes)
Event: 41.789 Thread 0x000001c4ff8b0a00 nmethod 12648 0x000001c4814f5b90 code [0x000001c4814f5d40, 0x000001c4814f6018]
Event: 41.790 Thread 0x000001c4ff8b0a00 12649       3       org.gradle.cache.internal.btree.FileBackedBlockStore$BlockImpl::<init> (8 bytes)
Event: 41.790 Thread 0x000001c4ff8b0a00 nmethod 12649 0x000001c4814f6110 code [0x000001c4814f62e0, 0x000001c4814f67a8]
Event: 41.790 Thread 0x000001c4ff8b0a00 12650       3       org.gradle.cache.internal.btree.FileBackedBlockStore$BlockImpl::<init> (12 bytes)
Event: 41.791 Thread 0x000001c4ff8b0a00 nmethod 12650 0x000001c4814f6990 code [0x000001c4814f6b60, 0x000001c4814f7058]
Event: 41.791 Thread 0x000001c4ff8b0a00 12651       3       org.gradle.cache.internal.btree.FileBackedBlockStore$BlockImpl::<init> (21 bytes)
Event: 41.791 Thread 0x000001c4ff8b0a00 nmethod 12651 0x000001c4814f7210 code [0x000001c4814f73c0, 0x000001c4814f7798]
Event: 41.850 Thread 0x000001c4ff8b0a00 12653       3       org.gradle.internal.snapshot.SnapshotUtil$2::handleAsDescendantOfChild (10 bytes)
Event: 41.850 Thread 0x000001c4ff8b0a00 nmethod 12653 0x000001c4814f7910 code [0x000001c4814f7ac0, 0x000001c4814f7e28]
Event: 41.850 Thread 0x000001c4ff8b0a00 12654       3       org.gradle.internal.snapshot.SnapshotUtil$2::handleAsDescendantOfChild (12 bytes)
Event: 41.851 Thread 0x000001c4ff8b0a00 nmethod 12654 0x000001c4814f7f90 code [0x000001c4814f8140, 0x000001c4814f8328]
Event: 41.860 Thread 0x000001c4ff8b0a00 12660       3       com.esotericsoftware.kryo.io.Input::require (220 bytes)
Event: 41.861 Thread 0x000001c4ff8b0a00 nmethod 12660 0x000001c4814f8410 code [0x000001c4814f86a0, 0x000001c4814f9018]

GC Heap History (20 events):
Event: 32.309 GC heap before
{Heap before GC invocations=36 (full 0):
 garbage-first heap   total 157696K, used 119219K [0x0000000700000000, 0x0000000800000000)
  region size 2048K, 26 young (53248K), 4 survivors (8192K)
 Metaspace       used 88121K, committed 88832K, reserved 1130496K
  class space    used 11867K, committed 12160K, reserved 1048576K
}
Event: 32.318 GC heap after
{Heap after GC invocations=37 (full 0):
 garbage-first heap   total 157696K, used 76173K [0x0000000700000000, 0x0000000800000000)
  region size 2048K, 3 young (6144K), 3 survivors (6144K)
 Metaspace       used 88121K, committed 88832K, reserved 1130496K
  class space    used 11867K, committed 12160K, reserved 1048576K
}
Event: 33.429 GC heap before
{Heap before GC invocations=37 (full 0):
 garbage-first heap   total 157696K, used 121229K [0x0000000700000000, 0x0000000800000000)
  region size 2048K, 25 young (51200K), 3 survivors (6144K)
 Metaspace       used 92513K, committed 93248K, reserved 1130496K
  class space    used 12653K, committed 12992K, reserved 1048576K
}
Event: 33.436 GC heap after
{Heap after GC invocations=38 (full 0):
 garbage-first heap   total 157696K, used 78728K [0x0000000700000000, 0x0000000800000000)
  region size 2048K, 3 young (6144K), 3 survivors (6144K)
 Metaspace       used 92513K, committed 93248K, reserved 1130496K
  class space    used 12653K, committed 12992K, reserved 1048576K
}
Event: 34.085 GC heap before
{Heap before GC invocations=39 (full 0):
 garbage-first heap   total 157696K, used 123784K [0x0000000700000000, 0x0000000800000000)
  region size 2048K, 25 young (51200K), 3 survivors (6144K)
 Metaspace       used 95166K, committed 95872K, reserved 1138688K
  class space    used 13039K, committed 13376K, reserved 1048576K
}
Event: 34.094 GC heap after
{Heap after GC invocations=40 (full 0):
 garbage-first heap   total 157696K, used 83673K [0x0000000700000000, 0x0000000800000000)
  region size 2048K, 4 young (8192K), 4 survivors (8192K)
 Metaspace       used 95166K, committed 95872K, reserved 1138688K
  class space    used 13039K, committed 13376K, reserved 1048576K
}
Event: 34.935 GC heap before
{Heap before GC invocations=40 (full 0):
 garbage-first heap   total 157696K, used 124633K [0x0000000700000000, 0x0000000800000000)
  region size 2048K, 24 young (49152K), 4 survivors (8192K)
 Metaspace       used 96483K, committed 97280K, reserved 1138688K
  class space    used 13218K, committed 13568K, reserved 1048576K
}
Event: 34.949 GC heap after
{Heap after GC invocations=41 (full 0):
 garbage-first heap   total 157696K, used 87907K [0x0000000700000000, 0x0000000800000000)
  region size 2048K, 3 young (6144K), 3 survivors (6144K)
 Metaspace       used 96483K, committed 97280K, reserved 1138688K
  class space    used 13218K, committed 13568K, reserved 1048576K
}
Event: 35.599 GC heap before
{Heap before GC invocations=42 (full 0):
 garbage-first heap   total 161792K, used 124771K [0x0000000700000000, 0x0000000800000000)
  region size 2048K, 22 young (45056K), 3 survivors (6144K)
 Metaspace       used 97881K, committed 98752K, reserved 1138688K
  class space    used 13450K, committed 13824K, reserved 1048576K
}
Event: 35.608 GC heap after
{Heap after GC invocations=43 (full 0):
 garbage-first heap   total 161792K, used 97198K [0x0000000700000000, 0x0000000800000000)
  region size 2048K, 3 young (6144K), 3 survivors (6144K)
 Metaspace       used 97881K, committed 98752K, reserved 1138688K
  class space    used 13450K, committed 13824K, reserved 1048576K
}
Event: 36.009 GC heap before
{Heap before GC invocations=43 (full 0):
 garbage-first heap   total 161792K, used 125870K [0x0000000700000000, 0x0000000800000000)
  region size 2048K, 18 young (36864K), 3 survivors (6144K)
 Metaspace       used 98177K, committed 99072K, reserved 1138688K
  class space    used 13486K, committed 13888K, reserved 1048576K
}
Event: 36.016 GC heap after
{Heap after GC invocations=44 (full 0):
 garbage-first heap   total 161792K, used 109697K [0x0000000700000000, 0x0000000800000000)
  region size 2048K, 3 young (6144K), 3 survivors (6144K)
 Metaspace       used 98177K, committed 99072K, reserved 1138688K
  class space    used 13486K, committed 13888K, reserved 1048576K
}
Event: 36.282 GC heap before
{Heap before GC invocations=45 (full 0):
 garbage-first heap   total 202752K, used 130177K [0x0000000700000000, 0x0000000800000000)
  region size 2048K, 13 young (26624K), 3 survivors (6144K)
 Metaspace       used 98458K, committed 99392K, reserved 1138688K
  class space    used 13525K, committed 13952K, reserved 1048576K
}
Event: 36.289 GC heap after
{Heap after GC invocations=46 (full 0):
 garbage-first heap   total 202752K, used 115359K [0x0000000700000000, 0x0000000800000000)
  region size 2048K, 2 young (4096K), 2 survivors (4096K)
 Metaspace       used 98458K, committed 99392K, reserved 1138688K
  class space    used 13525K, committed 13952K, reserved 1048576K
}
Event: 37.202 GC heap before
{Heap before GC invocations=46 (full 0):
 garbage-first heap   total 202752K, used 156319K [0x0000000700000000, 0x0000000800000000)
  region size 2048K, 22 young (45056K), 2 survivors (4096K)
 Metaspace       used 103318K, committed 104192K, reserved 1146880K
  class space    used 14228K, committed 14656K, reserved 1048576K
}
Event: 37.212 GC heap after
{Heap after GC invocations=47 (full 0):
 garbage-first heap   total 202752K, used 119985K [0x0000000700000000, 0x0000000800000000)
  region size 2048K, 2 young (4096K), 2 survivors (4096K)
 Metaspace       used 103318K, committed 104192K, reserved 1146880K
  class space    used 14228K, committed 14656K, reserved 1048576K
}
Event: 37.901 GC heap before
{Heap before GC invocations=48 (full 0):
 garbage-first heap   total 215040K, used 158897K [0x0000000700000000, 0x0000000800000000)
  region size 2048K, 21 young (43008K), 2 survivors (4096K)
 Metaspace       used 105523K, committed 106432K, reserved 1146880K
  class space    used 14500K, committed 14912K, reserved 1048576K
}
Event: 37.913 GC heap after
{Heap after GC invocations=49 (full 0):
 garbage-first heap   total 215040K, used 125551K [0x0000000700000000, 0x0000000800000000)
  region size 2048K, 3 young (6144K), 3 survivors (6144K)
 Metaspace       used 105523K, committed 106432K, reserved 1146880K
  class space    used 14500K, committed 14912K, reserved 1048576K
}
Event: 37.967 GC heap before
{Heap before GC invocations=49 (full 0):
 garbage-first heap   total 215040K, used 129647K [0x0000000700000000, 0x0000000800000000)
  region size 2048K, 5 young (10240K), 3 survivors (6144K)
 Metaspace       used 105765K, committed 106752K, reserved 1146880K
  class space    used 14532K, committed 14976K, reserved 1048576K
}
Event: 37.975 GC heap after
{Heap after GC invocations=50 (full 0):
 garbage-first heap   total 268288K, used 125476K [0x0000000700000000, 0x0000000800000000)
  region size 2048K, 1 young (2048K), 1 survivors (2048K)
 Metaspace       used 105765K, committed 106752K, reserved 1146880K
  class space    used 14532K, committed 14976K, reserved 1048576K
}

Dll operation events (2 events):
Event: 0.008 Loaded shared library C:\Program Files\Android\Android Studio\jbr\bin\java.dll
Event: 0.364 Loaded shared library C:\Program Files\Android\Android Studio\jbr\bin\verify.dll

Deoptimization events (20 events):
Event: 40.726 Thread 0x000001c4942ccef0 DEOPT PACKING pc=0x000001c487fe8fa0 sp=0x000000c38ccfc600
Event: 40.726 Thread 0x000001c4942ccef0 DEOPT UNPACKING pc=0x000001c48758a1a3 sp=0x000000c38ccfc590 mode 2
Event: 40.746 Thread 0x000001c4942ccef0 Uncommon trap: trap_request=0xffffff45 fr.pc=0x000001c487e42cac relative=0x000000000000036c
Event: 40.746 Thread 0x000001c4942ccef0 Uncommon trap: reason=unstable_if action=reinterpret pc=0x000001c487e42cac method=org.gradle.internal.snapshot.PathUtil.equalChars(CCLorg/gradle/internal/snapshot/CaseSensitivity;)Z @ 40 c2
Event: 40.746 Thread 0x000001c4942ccef0 DEOPT PACKING pc=0x000001c487e42cac sp=0x000000c38ccfa6c0
Event: 40.746 Thread 0x000001c4942ccef0 DEOPT UNPACKING pc=0x000001c48758a1a3 sp=0x000000c38ccfa650 mode 2
Event: 40.762 Thread 0x000001c4942ccef0 DEOPT PACKING pc=0x000001c480c2548b sp=0x000000c38ccfbc30
Event: 40.762 Thread 0x000001c4942ccef0 DEOPT UNPACKING pc=0x000001c48758ace3 sp=0x000000c38ccfb150 mode 0
Event: 40.848 Thread 0x000001c4942ccef0 DEOPT PACKING pc=0x000001c480c2548b sp=0x000000c38ccfbb80
Event: 40.848 Thread 0x000001c4942ccef0 DEOPT UNPACKING pc=0x000001c48758ace3 sp=0x000000c38ccfb0a0 mode 0
Event: 40.959 Thread 0x000001c4942ccef0 DEOPT PACKING pc=0x000001c480c2548b sp=0x000000c38ccfbb70
Event: 40.959 Thread 0x000001c4942ccef0 DEOPT UNPACKING pc=0x000001c48758ace3 sp=0x000000c38ccfb090 mode 0
Event: 40.990 Thread 0x000001c4942ccef0 Uncommon trap: trap_request=0xffffff45 fr.pc=0x000001c487fed938 relative=0x0000000000000858
Event: 40.990 Thread 0x000001c4942ccef0 Uncommon trap: reason=unstable_if action=reinterpret pc=0x000001c487fed938 method=org.gradle.internal.snapshot.PathUtil.equalChars(CCLorg/gradle/internal/snapshot/CaseSensitivity;)Z @ 40 c2
Event: 40.990 Thread 0x000001c4942ccef0 DEOPT PACKING pc=0x000001c487fed938 sp=0x000000c38ccfbcd0
Event: 40.990 Thread 0x000001c4942ccef0 DEOPT UNPACKING pc=0x000001c48758a1a3 sp=0x000000c38ccfbb70 mode 2
Event: 40.990 Thread 0x000001c4942ccef0 Uncommon trap: trap_request=0xffffff45 fr.pc=0x000001c487e47db0 relative=0x00000000000007b0
Event: 40.990 Thread 0x000001c4942ccef0 Uncommon trap: reason=unstable_if action=reinterpret pc=0x000001c487e47db0 method=org.gradle.internal.snapshot.PathUtil.equalChars(CCLorg/gradle/internal/snapshot/CaseSensitivity;)Z @ 40 c2
Event: 40.990 Thread 0x000001c4942ccef0 DEOPT PACKING pc=0x000001c487e47db0 sp=0x000000c38ccfb940
Event: 40.990 Thread 0x000001c4942ccef0 DEOPT UNPACKING pc=0x000001c48758a1a3 sp=0x000000c38ccfb878 mode 2

Classes unloaded (0 events):
No events

Classes redefined (0 events):
No events

Internal exceptions (20 events):
Event: 36.799 Thread 0x000001c495663d00 Implicit null exception at 0x000001c487da887f to 0x000001c487daa7d8
Event: 37.029 Thread 0x000001c495663d00 Exception <a 'java/lang/NoSuchMethodError'{0x0000000709c816c8}: 'int java.lang.invoke.DirectMethodHandle$Holder.invokeStatic(java.lang.Object, java.lang.Object, int, java.lang.Object)'> (0x0000000709c816c8) 
thrown [s\src\hotspot\share\interpreter\linkResolver.cpp, line 771]
Event: 37.132 Thread 0x000001c495663d00 Exception <a 'sun/nio/fs/WindowsException'{0x0000000709d926b8}> (0x0000000709d926b8) 
thrown [s\src\hotspot\share\prims\jni.cpp, line 517]
Event: 37.135 Thread 0x000001c495663d00 Exception <a 'sun/nio/fs/WindowsException'{0x0000000709d93a48}> (0x0000000709d93a48) 
thrown [s\src\hotspot\share\prims\jni.cpp, line 517]
Event: 37.135 Thread 0x000001c495663d00 Exception <a 'sun/nio/fs/WindowsException'{0x0000000709d94e10}> (0x0000000709d94e10) 
thrown [s\src\hotspot\share\prims\jni.cpp, line 517]
Event: 37.135 Thread 0x000001c495663d00 Exception <a 'sun/nio/fs/WindowsException'{0x0000000709d961d8}> (0x0000000709d961d8) 
thrown [s\src\hotspot\share\prims\jni.cpp, line 517]
Event: 37.689 Thread 0x000001c495663d00 Exception <a 'java/lang/ClassNotFoundException'{0x000000070b498e90}: org/gradle/api/internal/file/collections/DefaultConfigurableFileCollectionBeanInfo> (0x000000070b498e90) 
thrown [s\src\hotspot\share\classfile\systemDictionary.cpp, line 256]
Event: 37.690 Thread 0x000001c495663d00 Exception <a 'java/lang/ClassNotFoundException'{0x000000070b4a3578}: org/gradle/api/internal/file/CompositeFileCollectionBeanInfo> (0x000000070b4a3578) 
thrown [s\src\hotspot\share\classfile\systemDictionary.cpp, line 256]
Event: 37.690 Thread 0x000001c495663d00 Exception <a 'java/lang/ClassNotFoundException'{0x000000070b4adc20}: org/gradle/api/internal/file/CompositeFileCollectionCustomizer> (0x000000070b4adc20) 
thrown [s\src\hotspot\share\classfile\systemDictionary.cpp, line 256]
Event: 37.691 Thread 0x000001c495663d00 Exception <a 'java/lang/ClassNotFoundException'{0x000000070b4c1120}: org/gradle/api/internal/file/collections/DefaultConfigurableFileCollectionCustomizer> (0x000000070b4c1120) 
thrown [s\src\hotspot\share\classfile\systemDictionary.cpp, line 256]
Event: 37.695 Thread 0x000001c495663d00 Exception <a 'java/lang/ClassNotFoundException'{0x000000070b54d800}: org/gradle/api/internal/file/UnionFileCollectionBeanInfo> (0x000000070b54d800) 
thrown [s\src\hotspot\share\classfile\systemDictionary.cpp, line 256]
Event: 37.695 Thread 0x000001c495663d00 Exception <a 'java/lang/ClassNotFoundException'{0x000000070b556bf0}: org/gradle/api/internal/file/UnionFileCollectionCustomizer> (0x000000070b556bf0) 
thrown [s\src\hotspot\share\classfile\systemDictionary.cpp, line 256]
Event: 37.815 Thread 0x000001c495663d00 Exception <a 'java/lang/ClassNotFoundException'{0x000000070b224a48}: java/util/regex/MatcherBeanInfo> (0x000000070b224a48) 
thrown [s\src\hotspot\share\classfile\systemDictionary.cpp, line 256]
Event: 37.815 Thread 0x000001c495663d00 Exception <a 'java/lang/ClassNotFoundException'{0x000000070b22a528}: java/util/regex/MatcherCustomizer> (0x000000070b22a528) 
thrown [s\src\hotspot\share\classfile\systemDictionary.cpp, line 256]
Event: 37.877 Thread 0x000001c495663d00 Exception <a 'java/lang/IncompatibleClassChangeError'{0x000000070af01ef0}: Found class java.lang.Object, but interface was expected> (0x000000070af01ef0) 
thrown [s\src\hotspot\share\interpreter\linkResolver.cpp, line 838]
Event: 39.578 Thread 0x000001c495663d00 Exception <a 'java/lang/NoSuchMethodError'{0x000000070ded8ca0}: static Lcom/android/build/gradle/internal/profile/ProjectData;.<clinit>()V> (0x000000070ded8ca0) 
thrown [s\src\hotspot\share\prims\jni.cpp, line 1108]
Event: 39.610 Thread 0x000001c495663d00 Exception <a 'java/lang/NoSuchMethodError'{0x000000070df4d350}: static Lcom/android/build/gradle/internal/profile/TaskMetadata;.<clinit>()V> (0x000000070df4d350) 
thrown [s\src\hotspot\share\prims\jni.cpp, line 1108]
Event: 39.664 Thread 0x000001c495663d00 Exception <a 'java/lang/NoSuchMethodError'{0x000000070dffc0f0}: 'void java.lang.invoke.DirectMethodHandle$Holder.invokeSpecial(java.lang.Object, java.lang.Object, java.lang.Object, int)'> (0x000000070dffc0f0) 
thrown [s\src\hotspot\share\interpreter\linkResolver.cpp, line 771]
Event: 40.118 Thread 0x000001c495663d00 Exception <a 'sun/nio/fs/WindowsException'{0x000000070dac4cc0}> (0x000000070dac4cc0) 
thrown [s\src\hotspot\share\prims\jni.cpp, line 517]
Event: 40.384 Thread 0x000001c4942cc080 Exception <a 'java/lang/NoSuchMethodError'{0x000000070d6445f0}: 'void java.lang.invoke.DirectMethodHandle$Holder.invokeStatic(java.lang.Object, java.lang.Object, java.lang.Object, java.lang.Object, int, java.lang.Object, java.lang.Object)'> (0x000000070d6445f0) 
thrown [s\src\hotspot\share\interpreter\linkResolver.cpp, line 771]

VM Operations (20 events):
Event: 37.901 Executing VM operation: G1CollectForAllocation
Event: 37.913 Executing VM operation: G1CollectForAllocation done
Event: 37.967 Executing VM operation: G1CollectForAllocation
Event: 37.975 Executing VM operation: G1CollectForAllocation done
Event: 38.154 Executing VM operation: HandshakeAllThreads
Event: 38.154 Executing VM operation: HandshakeAllThreads done
Event: 38.512 Executing VM operation: HandshakeAllThreads
Event: 38.513 Executing VM operation: HandshakeAllThreads done
Event: 38.600 Executing VM operation: ICBufferFull
Event: 38.600 Executing VM operation: ICBufferFull done
Event: 38.897 Executing VM operation: HandshakeAllThreads
Event: 38.897 Executing VM operation: HandshakeAllThreads done
Event: 39.583 Executing VM operation: HandshakeAllThreads
Event: 39.583 Executing VM operation: HandshakeAllThreads done
Event: 40.527 Executing VM operation: ICBufferFull
Event: 40.527 Executing VM operation: ICBufferFull done
Event: 40.730 Executing VM operation: HandshakeAllThreads
Event: 40.731 Executing VM operation: HandshakeAllThreads done
Event: 41.743 Executing VM operation: Cleanup
Event: 41.743 Executing VM operation: Cleanup done

Events (20 events):
Event: 39.680 loading class jdk/internal/event/DeserializationEvent done
Event: 39.680 loading class java/io/ObjectInputStream$FieldValues
Event: 39.680 loading class java/io/ObjectInputStream$GetField
Event: 39.680 loading class java/io/ObjectInputStream$GetField done
Event: 39.680 loading class java/io/ObjectInputStream$FieldValues done
Event: 39.682 loading class java/util/HashMap$UnsafeHolder
Event: 39.682 loading class java/util/HashMap$UnsafeHolder done
Event: 40.125 Thread 0x000001c49333c400 Thread added: 0x000001c49333c400
Event: 40.133 Thread 0x000001c49333abf0 Thread added: 0x000001c49333abf0
Event: 40.461 Thread 0x000001c49333c8d0 Thread added: 0x000001c49333c8d0
Event: 40.467 loading class java/util/TreeMap$KeySpliterator
Event: 40.474 loading class java/util/TreeMap$TreeMapSpliterator
Event: 40.474 loading class java/util/TreeMap$TreeMapSpliterator done
Event: 40.474 loading class java/util/TreeMap$KeySpliterator done
Event: 40.525 loading class java/time/Clock
Event: 40.526 loading class java/time/InstantSource
Event: 40.526 loading class java/time/InstantSource done
Event: 40.526 loading class java/time/Clock done
Event: 40.526 loading class java/time/Clock$SystemClock
Event: 40.527 loading class java/time/Clock$SystemClock done


Dynamic libraries:
0x00007ff7d7d90000 - 0x00007ff7d7d9a000 	C:\Program Files\Android\Android Studio\jbr\bin\java.exe
0x00007ff804b90000 - 0x00007ff804da7000 	C:\WINDOWS\SYSTEM32\ntdll.dll
0x00007fffcbd30000 - 0x00007fffcbd4a000 	D:\Installed_2024_new\Avast\Avast\aswhook.dll
0x00007ff803160000 - 0x00007ff803224000 	C:\WINDOWS\System32\KERNEL32.DLL
0x00007ff801fd0000 - 0x00007ff80237d000 	C:\WINDOWS\System32\KERNELBASE.dll
0x00007ff801eb0000 - 0x00007ff801fc1000 	C:\WINDOWS\System32\ucrtbase.dll
0x00007fffb4130000 - 0x00007fffb414b000 	C:\Program Files\Android\Android Studio\jbr\bin\VCRUNTIME140.dll
0x00007fffba5c0000 - 0x00007fffba5d7000 	C:\Program Files\Android\Android Studio\jbr\bin\jli.dll
0x00007ff804310000 - 0x00007ff8044be000 	C:\WINDOWS\System32\USER32.dll
0x00007fffdce90000 - 0x00007fffdd123000 	C:\WINDOWS\WinSxS\amd64_microsoft.windows.common-controls_6595b64144ccf1df_6.0.22621.3672_none_2713b9d173822955\COMCTL32.dll
0x00007ff8025e0000 - 0x00007ff802606000 	C:\WINDOWS\System32\win32u.dll
0x00007ff802b70000 - 0x00007ff802c17000 	C:\WINDOWS\System32\msvcrt.dll
0x00007ff8034d0000 - 0x00007ff8034f9000 	C:\WINDOWS\System32\GDI32.dll
0x00007ff802610000 - 0x00007ff802729000 	C:\WINDOWS\System32\gdi32full.dll
0x00007ff802760000 - 0x00007ff8027fa000 	C:\WINDOWS\System32\msvcp_win.dll
0x00007ff803520000 - 0x00007ff803551000 	C:\WINDOWS\System32\IMM32.DLL
0x00007fffacba0000 - 0x00007fffacbac000 	C:\Program Files\Android\Android Studio\jbr\bin\vcruntime140_1.dll
0x00007fff8ae60000 - 0x00007fff8aeed000 	C:\Program Files\Android\Android Studio\jbr\bin\msvcp140.dll
0x00007ffef5970000 - 0x00007ffef65de000 	C:\Program Files\Android\Android Studio\jbr\bin\server\jvm.dll
0x00007ff803310000 - 0x00007ff8033c2000 	C:\WINDOWS\System32\ADVAPI32.dll
0x00007ff8048b0000 - 0x00007ff804959000 	C:\WINDOWS\System32\sechost.dll
0x00007ff802730000 - 0x00007ff802758000 	C:\WINDOWS\System32\bcrypt.dll
0x00007ff8041f0000 - 0x00007ff804304000 	C:\WINDOWS\System32\RPCRT4.dll
0x00007fffe89b0000 - 0x00007fffe89b9000 	C:\WINDOWS\SYSTEM32\WSOCK32.dll
0x00007ffffd0d0000 - 0x00007ffffd104000 	C:\WINDOWS\SYSTEM32\WINMM.dll
0x00007ff804970000 - 0x00007ff8049e1000 	C:\WINDOWS\System32\WS2_32.dll
0x00007ffffabf0000 - 0x00007ffffabfa000 	C:\WINDOWS\SYSTEM32\VERSION.dll
0x00007ff800ea0000 - 0x00007ff800eb8000 	C:\WINDOWS\SYSTEM32\kernel.appcore.dll
0x00007fffa02a0000 - 0x00007fffa02aa000 	C:\Program Files\Android\Android Studio\jbr\bin\jimage.dll
0x00007fffff4b0000 - 0x00007fffff6e2000 	C:\WINDOWS\SYSTEM32\DBGHELP.DLL
0x00007ff804520000 - 0x00007ff8048ad000 	C:\WINDOWS\System32\combase.dll
0x00007ff803230000 - 0x00007ff803307000 	C:\WINDOWS\System32\OLEAUT32.dll
0x00007ffff9180000 - 0x00007ffff91b2000 	C:\WINDOWS\SYSTEM32\dbgcore.DLL
0x00007ff802380000 - 0x00007ff8023fb000 	C:\WINDOWS\System32\bcryptPrimitives.dll
0x00007fff8b030000 - 0x00007fff8b055000 	C:\Program Files\Android\Android Studio\jbr\bin\java.dll
0x00007fff98630000 - 0x00007fff98648000 	C:\Program Files\Android\Android Studio\jbr\bin\zip.dll
0x00007ff803560000 - 0x00007ff803dc8000 	C:\WINDOWS\System32\SHELL32.dll
0x00007fffff6f0000 - 0x00007ffffffee000 	C:\WINDOWS\SYSTEM32\windows.storage.dll
0x00007ff800570000 - 0x00007ff8006af000 	C:\WINDOWS\SYSTEM32\wintypes.dll
0x00007ff804a50000 - 0x00007ff804b49000 	C:\WINDOWS\System32\SHCORE.dll
0x00007ff8044c0000 - 0x00007ff80451e000 	C:\WINDOWS\System32\shlwapi.dll
0x00007ff801de0000 - 0x00007ff801e01000 	C:\WINDOWS\SYSTEM32\profapi.dll
0x00007fff8ae40000 - 0x00007fff8ae59000 	C:\Program Files\Android\Android Studio\jbr\bin\net.dll
0x00007ffffe310000 - 0x00007ffffe446000 	C:\WINDOWS\SYSTEM32\WINHTTP.dll
0x00007ff801370000 - 0x00007ff8013d9000 	C:\WINDOWS\system32\mswsock.dll
0x00007fff8ae20000 - 0x00007fff8ae36000 	C:\Program Files\Android\Android Studio\jbr\bin\nio.dll
0x00007fff9feb0000 - 0x00007fff9fec0000 	C:\Program Files\Android\Android Studio\jbr\bin\verify.dll
0x00007fff8adf0000 - 0x00007fff8ae17000 	C:\Users\nemal\.gradle\native\c067742578af261105cb4f569cf0c3c89f3d7b1fecec35dd04571415982c5e48\windows-amd64\native-platform.dll
0x00007fff2a820000 - 0x00007fff2a964000 	C:\Users\nemal\.gradle\native\38dada09dfb8b06ba9b0570ebf7e218e3eb74d4ef43ca46872605cf95ebc2f47\windows-amd64\native-platform-file-events.dll
0x00007fff9ec40000 - 0x00007fff9ec49000 	C:\Program Files\Android\Android Studio\jbr\bin\management.dll
0x00007fff9e110000 - 0x00007fff9e11b000 	C:\Program Files\Android\Android Studio\jbr\bin\management_ext.dll
0x00007ff804960000 - 0x00007ff804968000 	C:\WINDOWS\System32\PSAPI.DLL
0x00007ff801690000 - 0x00007ff8016ab000 	C:\WINDOWS\SYSTEM32\CRYPTSP.dll
0x00007ff800e00000 - 0x00007ff800e35000 	C:\WINDOWS\system32\rsaenh.dll
0x00007ff801420000 - 0x00007ff801448000 	C:\WINDOWS\SYSTEM32\USERENV.dll
0x00007ff8015b0000 - 0x00007ff8015bc000 	C:\WINDOWS\SYSTEM32\CRYPTBASE.dll
0x00007ff800910000 - 0x00007ff80093d000 	C:\WINDOWS\SYSTEM32\IPHLPAPI.DLL
0x00007ff803e30000 - 0x00007ff803e39000 	C:\WINDOWS\System32\NSI.dll
0x00007ffffe240000 - 0x00007ffffe259000 	C:\WINDOWS\SYSTEM32\dhcpcsvc6.DLL
0x00007ffffe220000 - 0x00007ffffe23f000 	C:\WINDOWS\SYSTEM32\dhcpcsvc.DLL
0x00007ff800980000 - 0x00007ff800a78000 	C:\WINDOWS\SYSTEM32\DNSAPI.dll
0x00007fffcbc30000 - 0x00007fffcbc38000 	C:\WINDOWS\system32\wshunix.dll
0x00007fffda270000 - 0x00007fffda28b000 	C:\WINDOWS\system32\PrxerNsp.dll
0x00007ffffc430000 - 0x00007ffffc43a000 	C:\Windows\System32\rasadhlp.dll

dbghelp: loaded successfully - version: 4.0.5 - missing functions: none
symbol engine: initialized successfully - sym options: 0x614 - pdb path: .;C:\Program Files\Android\Android Studio\jbr\bin;C:\WINDOWS\SYSTEM32;D:\Installed_2024_new\Avast\Avast;C:\WINDOWS\WinSxS\amd64_microsoft.windows.common-controls_6595b64144ccf1df_6.0.22621.3672_none_2713b9d173822955;C:\Program Files\Android\Android Studio\jbr\bin\server;C:\Users\nemal\.gradle\native\c067742578af261105cb4f569cf0c3c89f3d7b1fecec35dd04571415982c5e48\windows-amd64;C:\Users\nemal\.gradle\native\38dada09dfb8b06ba9b0570ebf7e218e3eb74d4ef43ca46872605cf95ebc2f47\windows-amd64

VM Arguments:
jvm_args: -XX:+HeapDumpOnOutOfMemoryError --add-opens=java.base/java.util=ALL-UNNAMED --add-opens=java.base/java.lang=ALL-UNNAMED --add-opens=java.base/java.lang.invoke=ALL-UNNAMED --add-opens=java.prefs/java.util.prefs=ALL-UNNAMED --add-opens=java.base/java.nio.charset=ALL-UNNAMED --add-opens=java.base/java.net=ALL-UNNAMED --add-opens=java.base/java.util.concurrent.atomic=ALL-UNNAMED -Xmx4G -Dfile.encoding=windows-1252 -Duser.country=US -Duser.language=en -Duser.variant 
java_command: org.gradle.launcher.daemon.bootstrap.GradleDaemon 7.6.3
java_class_path (initial): C:\Users\nemal\.gradle\wrapper\dists\gradle-7.6.3-all\aocdy2d2z8kodnny3rsumj8i8\gradle-7.6.3\lib\gradle-launcher-7.6.3.jar
Launcher Type: SUN_STANDARD

[Global flags]
     intx CICompilerCount                          = 4                                         {product} {ergonomic}
     uint ConcGCThreads                            = 2                                         {product} {ergonomic}
     uint G1ConcRefinementThreads                  = 8                                         {product} {ergonomic}
   size_t G1HeapRegionSize                         = 2097152                                   {product} {ergonomic}
    uintx GCDrainStackTargetSize                   = 64                                        {product} {ergonomic}
     bool HeapDumpOnOutOfMemoryError               = true                                   {manageable} {command line}
   size_t InitialHeapSize                          = 264241152                                 {product} {ergonomic}
   size_t MarkStackSize                            = 4194304                                   {product} {ergonomic}
   size_t MaxHeapSize                              = 4294967296                                {product} {command line}
   size_t MaxNewSize                               = 2575302656                                {product} {ergonomic}
   size_t MinHeapDeltaBytes                        = 2097152                                   {product} {ergonomic}
   size_t MinHeapSize                              = 8388608                                   {product} {ergonomic}
    uintx NonNMethodCodeHeapSize                   = 5839372                                {pd product} {ergonomic}
    uintx NonProfiledCodeHeapSize                  = 122909434                              {pd product} {ergonomic}
    uintx ProfiledCodeHeapSize                     = 122909434                              {pd product} {ergonomic}
    uintx ReservedCodeCacheSize                    = 251658240                              {pd product} {ergonomic}
     bool SegmentedCodeCache                       = true                                      {product} {ergonomic}
   size_t SoftMaxHeapSize                          = 4294967296                             {manageable} {ergonomic}
     bool UseCompressedClassPointers               = true                           {product lp64_product} {ergonomic}
     bool UseCompressedOops                        = true                           {product lp64_product} {ergonomic}
     bool UseG1GC                                  = true                                      {product} {ergonomic}
     bool UseLargePagesIndividualAllocation        = false                                  {pd product} {ergonomic}

Logging:
Log output configuration:
 #0: stdout all=warning uptime,level,tags
 #1: stderr all=off uptime,level,tags

Environment Variables:
JAVA_HOME=C:\Program Files\Android\Android Studio\jbr
CLASSPATH=E:\5_semester\Mobile_App\Pet_Shop\pet_shop\android\\gradle\wrapper\gradle-wrapper.jar
PATH=C:\Program Files\Android\Android Studio\jbr\bin;E:\NVIDIA\NVIDIA GPU Computing Toolkit\CUDA\v12.5\bin;E:\NVIDIA\NVIDIA GPU Computing Toolkit\CUDA\v12.5\libnvvp;C:\Program Files\Common Files\Oracle\Java\javapath;"C:\MinGW\mingw32\bin;C:\Program Files\Common Files\Oracle\Java\javapath";C:\Program Files\Microsoft\jdk-11.0.16.101-hotspot\bin;C:\Windows\system32;C:\Windows;C:\Windows\System32\Wbem;C:\Windows\System32\WindowsPowerShell\v1.0\;C:\Windows\System32\OpenSSH\;C:\Program Files (x86)\NVIDIA Corporation\PhysX\Common;C:\WINDOWS\system32;C:\WINDOWS;C:\WINDOWS\System32\Wbem;C:\WINDOWS\System32\WindowsPowerShell\v1.0\;C:\WINDOWS\System32\OpenSSH\;C:\Program Files\NVIDIA Corporation\NVIDIA NvDLISR;C:\Program Files\Java\jdk-20\bin;C:\Program Files\Microsoft SQL Server\Client SDK\ODBC\170\Tools\Binn\;C:\Users\nemal\AppData\Local\bin\NASM;D:\MatLB\MatLab_install\runtime\win64;D:\MatLB\MatLab_install\bin;C:\Program Files\Azure Data Studio\bin;C:\Program Files\nodejs\;C:\Program Files\Git\cmd;C:\Program Files\apache-maven-3.9.6\apache-maven\src\bin;C:\Program Files\dotnet\;E:\xampp\php;C:\ProgramData\ComposerSetup\bin;C:\Program Files (x86)\Microsoft SQL Server\160\DTS\Binn\;C:\Program Files (x86)\Microsoft SQL Server\160\Tools\Binn\;C:\Program Files\Microsoft SQL Server\160\Tools\Binn\;C:\Program Files\Microsoft SQL Server\160\DTS\Binn\;C:\Program Files\Microsoft SQL Server\150\Tools\Binn\;C:\Users\nemal\AppData\Local\Packages\PythonSoftwareFoundation.Python.3.12_qbz5n2kfra8p0\LocalCache\local-packages\Python312\Scripts;D:\2024software\Anaconda\envs\tenserflow_env\Library\bin;D:\2024software\Anaconda\envs\base\Library\bin;E:\NVIDIA\cudnn-windows-x86_64-9.2.0.82_cuda12-archive\include;E:\NVIDIA\cudnn-windows-x86_64-9.2.0.82_cuda12-archive\bin;E:\NVIDIA\dll_x64;E:\NVIDIA\NVIDIA GPU Computing Toolkit\CUDA\v12.5\extras\CUPTI\lib64;E:\NVIDIA\NVIDIA GPU Computing Toolkit\CUDA\v12.5\extras\CUPTI\include;C:\Program Files\CMake\bin;C:\Program Files\Docker\Docker\resources\bin;C:\
USERNAME=nemal
OS=Windows_NT
PROCESSOR_IDENTIFIER=Intel64 Family 6 Model 140 Stepping 1, GenuineIntel
TMP=C:\Users\nemal\AppData\Local\Temp
TEMP=C:\Users\nemal\AppData\Local\Temp


JNI global refs:
JNI global refs: 26, weak refs: 5

JNI global refs memory usage: 843, weak refs: 841


---------------  S Y S T E M  ---------------

OS:
 Windows 11 , 64 bit Build 22621 (10.0.22621.3958)
OS uptime: 6 days 3:58 hours
Hyper-V role detected

CPU: total 8 (initial active 8) (4 cores per cpu, 2 threads per core) family 6 model 140 stepping 1 microcode 0xb6, cx8, cmov, fxsr, ht, mmx, 3dnowpref, sse, sse2, sse3, ssse3, sse4.1, sse4.2, popcnt, lzcnt, tsc, tscinvbit, avx, avx2, aes, erms, clmul, bmi1, bmi2, adx, avx512f, avx512dq, avx512cd, avx512bw, avx512vl, sha, fma, vzeroupper, avx512_vpopcntdq, avx512_vpclmulqdq, avx512_vaes, avx512_vnni, clflush, clflushopt, clwb, avx512_vbmi2, avx512_vbmi, hv

Memory: 4k page, system-wide physical 16078M (240M free)
TotalPageFile size 46411M (AvailPageFile size 28M)
current process WorkingSet (physical memory assigned to process): 543M, peak: 543M
current process commit charge ("private bytes"): 587M, peak: 594M

vm_info: OpenJDK 64-Bit Server VM (17.0.6+0-b2043.56-10027231) for windows-amd64 JRE (17.0.6+0-b2043.56-10027231), built on Apr 28 2023 00:43:19 by "androidbuild" with MS VC++ 16.10 / 16.11 (VS2019)

END.
